Change Component Footprint: Designator=U4 Old Footprint=TI-DBQ20_L New Footprint=TI-DBQ20_L
Added Pin To Net: NetName=3V3 Pin=C36-1
Added Pin To Net: NetName=3V3 Pin=U12-17
Added Net: Name=3V3
Added Pin To Net: NetName=5V_N Pin=C45-2
Added Pin To Net: NetName=5V_N Pin=L4-2
Added Pin To Net: NetName=5V_N Pin=TP6-1
Added Pin To Net: NetName=5V_N Pin=U14-3
Added Net: Name=5V_N
Added Pin To Net: NetName=5V_P Pin=C43-1
Added Pin To Net: NetName=5V_P Pin=L3-2
Added Pin To Net: NetName=5V_P Pin=TP4-1
Added Pin To Net: NetName=5V_P Pin=U14-5
Added Pin To Net: NetName=5V_P Pin=U15-2
Added Net: Name=5V_P
Added Pin To Net: NetName=AD0 Pin=U11-37
Added Net: Name=AD0
Added Pin To Net: NetName=AD1 Pin=U11-36
Added Net: Name=AD1
Added Pin To Net: NetName=AD2 Pin=U11-35
Added Net: Name=AD2
Added Pin To Net: NetName=AD3 Pin=U11-34
Added Net: Name=AD3
Added Pin To Net: NetName=AD4 Pin=U11-33
Added Net: Name=AD4
Added Pin To Net: NetName=AD5 Pin=U11-32
Added Net: Name=AD5
Added Pin To Net: NetName=AD6 Pin=U11-31
Added Net: Name=AD6
Added Pin To Net: NetName=AD7 Pin=U11-30
Added Net: Name=AD7
Added Pin To Net: NetName=ADC_A0 Pin=U7-15
Added Pin To Net: NetName=ADC_A0 Pin=U9-16
Added Net: Name=ADC_A0
Added Pin To Net: NetName=ADC_A1 Pin=U7-1
Added Pin To Net: NetName=ADC_A1 Pin=U9-15
Added Net: Name=ADC_A1
Added Pin To Net: NetName=ADC_A2 Pin=U7-2
Added Pin To Net: NetName=ADC_A2 Pin=U9-14
Added Net: Name=ADC_A2
Added Pin To Net: NetName=ADC_A3 Pin=U7-3
Added Pin To Net: NetName=ADC_A3 Pin=U9-13
Added Net: Name=ADC_A3
Added Pin To Net: NetName=ADC_A4 Pin=U7-4
Added Pin To Net: NetName=ADC_A4 Pin=U9-4
Added Net: Name=ADC_A4
Added Pin To Net: NetName=ADC_A5 Pin=U7-5
Added Pin To Net: NetName=ADC_A5 Pin=U9-3
Added Net: Name=ADC_A5
Added Pin To Net: NetName=ADC_A6 Pin=U7-6
Added Pin To Net: NetName=ADC_A6 Pin=U9-2
Added Net: Name=ADC_A6
Added Pin To Net: NetName=ADC_A7 Pin=U7-7
Added Pin To Net: NetName=ADC_A7 Pin=U9-1
Added Net: Name=ADC_A7
Added Pin To Net: NetName=ADC_A8 Pin=U8-15
Added Pin To Net: NetName=ADC_A8 Pin=U9-31
Added Net: Name=ADC_A8
Added Pin To Net: NetName=ADC_A9 Pin=U8-1
Added Pin To Net: NetName=ADC_A9 Pin=U9-30
Added Net: Name=ADC_A9
Added Pin To Net: NetName=ADC_A10 Pin=U8-2
Added Pin To Net: NetName=ADC_A10 Pin=U9-29
Added Net: Name=ADC_A10
Added Pin To Net: NetName=ADC_A11 Pin=U8-3
Added Pin To Net: NetName=ADC_A11 Pin=U9-21
Added Net: Name=ADC_A11
Added Pin To Net: NetName=ADC_A12 Pin=U8-4
Added Pin To Net: NetName=ADC_A12 Pin=U9-20
Added Net: Name=ADC_A12
Added Pin To Net: NetName=ADC_A13 Pin=U8-5
Added Pin To Net: NetName=ADC_A13 Pin=U9-19
Added Net: Name=ADC_A13
Added Pin To Net: NetName=ADC_A14 Pin=U8-6
Added Pin To Net: NetName=ADC_A14 Pin=U9-18
Added Net: Name=ADC_A14
Added Pin To Net: NetName=ADC_A15 Pin=U8-7
Added Pin To Net: NetName=ADC_A15 Pin=U9-17
Added Net: Name=ADC_A15
Added Pin To Net: NetName=ADC_CLK Pin=TP3-1
Added Pin To Net: NetName=ADC_CLK Pin=U4-10
Added Pin To Net: NetName=ADC_CLK Pin=U9-12
Added Pin To Net: NetName=ADC_CLK Pin=U16-41
Added Net: Name=ADC_CLK
Added Pin To Net: NetName=ADC_D0 Pin=U3-18
Added Pin To Net: NetName=ADC_D0 Pin=U9-6
Added Net: Name=ADC_D0
Added Pin To Net: NetName=ADC_D1 Pin=U3-17
Added Pin To Net: NetName=ADC_D1 Pin=U9-7
Added Net: Name=ADC_D1
Added Pin To Net: NetName=ADC_D2 Pin=U3-16
Added Pin To Net: NetName=ADC_D2 Pin=U9-10
Added Net: Name=ADC_D2
Added Pin To Net: NetName=ADC_D3 Pin=U3-15
Added Pin To Net: NetName=ADC_D3 Pin=U9-11
Added Net: Name=ADC_D3
Added Pin To Net: NetName=ADC_D4 Pin=U3-14
Added Pin To Net: NetName=ADC_D4 Pin=U9-22
Added Net: Name=ADC_D4
Added Pin To Net: NetName=ADC_D5 Pin=U3-13
Added Pin To Net: NetName=ADC_D5 Pin=U9-23
Added Net: Name=ADC_D5
Added Pin To Net: NetName=ADC_D6 Pin=U3-12
Added Pin To Net: NetName=ADC_D6 Pin=U9-26
Added Net: Name=ADC_D6
Added Pin To Net: NetName=ADC_D7 Pin=U3-11
Added Pin To Net: NetName=ADC_D7 Pin=U9-27
Added Net: Name=ADC_D7
Added Pin To Net: NetName=ADC_IN Pin=C7-1
Added Pin To Net: NetName=ADC_IN Pin=R7-1
Added Pin To Net: NetName=ADC_IN Pin=TP2-1
Added Pin To Net: NetName=ADC_IN Pin=U4-17
Added Pin To Net: NetName=ADC_IN Pin=U6-3
Added Net: Name=ADC_IN
Added Pin To Net: NetName=ADCVOUT Pin=U5-8
Added Pin To Net: NetName=ADCVOUT Pin=U6-2
Added Net: Name=ADCVOUT
Added Pin To Net: NetName=AGND Pin=C2-2
Added Pin To Net: NetName=AGND Pin=C4-2
Added Pin To Net: NetName=AGND Pin=C5-2
Added Pin To Net: NetName=AGND Pin=C6-2
Added Pin To Net: NetName=AGND Pin=C7-2
Added Pin To Net: NetName=AGND Pin=C8-2
Added Pin To Net: NetName=AGND Pin=C9-2
Added Pin To Net: NetName=AGND Pin=C10-2
Added Pin To Net: NetName=AGND Pin=C12-2
Added Pin To Net: NetName=AGND Pin=C13-2
Added Pin To Net: NetName=AGND Pin=C14-2
Added Pin To Net: NetName=AGND Pin=J1-2
Added Pin To Net: NetName=AGND Pin=J1-3
Added Pin To Net: NetName=AGND Pin=J1-4
Added Pin To Net: NetName=AGND Pin=J1-5
Added Pin To Net: NetName=AGND Pin=N1-1
Added Pin To Net: NetName=AGND Pin=R3-1
Added Pin To Net: NetName=AGND Pin=R11-1
Added Pin To Net: NetName=AGND Pin=U2-4
Added Pin To Net: NetName=AGND Pin=U4-1
Added Pin To Net: NetName=AGND Pin=U4-12
Added Pin To Net: NetName=AGND Pin=U4-18
Added Net: Name=AGND
Added Pin To Net: NetName=AVCC Pin=C4-1
Added Pin To Net: NetName=AVCC Pin=C5-1
Added Pin To Net: NetName=AVCC Pin=C12-1
Added Pin To Net: NetName=AVCC Pin=C13-1
Added Pin To Net: NetName=AVCC Pin=C14-1
Added Pin To Net: NetName=AVCC Pin=C44-1
Added Pin To Net: NetName=AVCC Pin=D1-K
Added Pin To Net: NetName=AVCC Pin=D6-A
Added Pin To Net: NetName=AVCC Pin=L3-1
Added Pin To Net: NetName=AVCC Pin=U1-8
Added Pin To Net: NetName=AVCC Pin=U2-8
Added Pin To Net: NetName=AVCC Pin=U4-11
Added Pin To Net: NetName=AVCC Pin=U4-19
Added Net: Name=AVCC
Added Pin To Net: NetName=AVEE Pin=C46-2
Added Pin To Net: NetName=AVEE Pin=D2-A
Added Pin To Net: NetName=AVEE Pin=L4-1
Added Pin To Net: NetName=AVEE Pin=R18-2
Added Pin To Net: NetName=AVEE Pin=U1-4
Added Net: Name=AVEE
Added Pin To Net: NetName=BIT1 Pin=U3-2
Added Pin To Net: NetName=BIT1 Pin=U4-2
Added Net: Name=BIT1
Added Pin To Net: NetName=BIT2 Pin=U3-3
Added Pin To Net: NetName=BIT2 Pin=U4-3
Added Net: Name=BIT2
Added Pin To Net: NetName=BIT3 Pin=U3-4
Added Pin To Net: NetName=BIT3 Pin=U4-4
Added Net: Name=BIT3
Added Pin To Net: NetName=BIT4 Pin=U3-5
Added Pin To Net: NetName=BIT4 Pin=U4-5
Added Net: Name=BIT4
Added Pin To Net: NetName=BIT5 Pin=U3-6
Added Pin To Net: NetName=BIT5 Pin=U4-6
Added Net: Name=BIT5
Added Pin To Net: NetName=BIT6 Pin=U3-7
Added Pin To Net: NetName=BIT6 Pin=U4-7
Added Net: Name=BIT6
Added Pin To Net: NetName=BIT7 Pin=U3-8
Added Pin To Net: NetName=BIT7 Pin=U4-8
Added Net: Name=BIT7
Added Pin To Net: NetName=BIT8 Pin=U3-9
Added Pin To Net: NetName=BIT8 Pin=U4-9
Added Net: Name=BIT8
Added Pin To Net: NetName=BUF2FILTER Pin=R4-2
Added Pin To Net: NetName=BUF2FILTER Pin=U1-6
Added Pin To Net: NetName=BUF2FILTER Pin=U1-7
Added Net: Name=BUF2FILTER
Added Pin To Net: NetName=CH1_BUF Pin=C3-1
Added Pin To Net: NetName=CH1_BUF Pin=R6-1
Added Pin To Net: NetName=CH1_BUF Pin=TP1-1
Added Pin To Net: NetName=CH1_BUF Pin=U1-1
Added Net: Name=CH1_BUF
Added Pin To Net: NetName=CH1_NORM Pin=R8-2
Added Net: Name=CH1_NORM
Added Pin To Net: NetName=CLAP2DIV Pin=C1-1
Added Pin To Net: NetName=CLAP2DIV Pin=D1-A
Added Pin To Net: NetName=CLAP2DIV Pin=D2-K
Added Pin To Net: NetName=CLAP2DIV Pin=R1-2
Added Pin To Net: NetName=CLAP2DIV Pin=R2-1
Added Net: Name=CLAP2DIV
Added Pin To Net: NetName=CLEAR_COUNT Pin=U7-10
Added Pin To Net: NetName=CLEAR_COUNT Pin=U8-10
Added Pin To Net: NetName=CLEAR_COUNT Pin=U16-31
Added Net: Name=CLEAR_COUNT
Added Pin To Net: NetName=COUNTER_CLK Pin=U7-11
Added Pin To Net: NetName=COUNTER_CLK Pin=U7-13
Added Pin To Net: NetName=COUNTER_CLK Pin=U8-13
Added Pin To Net: NetName=COUNTER_CLK Pin=U16-29
Added Net: Name=COUNTER_CLK
Added Pin To Net: NetName=CPLD_TCK Pin=P2-6
Added Pin To Net: NetName=CPLD_TCK Pin=U16-11
Added Net: Name=CPLD_TCK
Added Pin To Net: NetName=CPLD_TD0 Pin=P2-4
Added Pin To Net: NetName=CPLD_TD0 Pin=U16-24
Added Net: Name=CPLD_TD0
Added Pin To Net: NetName=CPLD_TDI Pin=P2-2
Added Pin To Net: NetName=CPLD_TDI Pin=U16-9
Added Net: Name=CPLD_TDI
Added Pin To Net: NetName=CPLD_TMS Pin=P2-5
Added Pin To Net: NetName=CPLD_TMS Pin=U16-10
Added Net: Name=CPLD_TMS
Added Pin To Net: NetName=CS\ Pin=U5-2
Added Pin To Net: NetName=CS\ Pin=U11-12
Added Net: Name=CS\
Added Pin To Net: NetName=DGND Pin=C15-2
Added Pin To Net: NetName=DGND Pin=C16-2
Added Pin To Net: NetName=DGND Pin=C17-2
Added Pin To Net: NetName=DGND Pin=C18-2
Added Pin To Net: NetName=DGND Pin=C19-2
Added Pin To Net: NetName=DGND Pin=C20-2
Added Pin To Net: NetName=DGND Pin=C21-2
Added Pin To Net: NetName=DGND Pin=C22-2
Added Pin To Net: NetName=DGND Pin=C24-1
Added Pin To Net: NetName=DGND Pin=C25-2
Added Pin To Net: NetName=DGND Pin=C26-2
Added Pin To Net: NetName=DGND Pin=C27-1
Added Pin To Net: NetName=DGND Pin=C28-2
Added Pin To Net: NetName=DGND Pin=C29-2
Added Pin To Net: NetName=DGND Pin=C30-2
Added Pin To Net: NetName=DGND Pin=C31-2
Added Pin To Net: NetName=DGND Pin=C32-2
Added Pin To Net: NetName=DGND Pin=C33-2
Added Pin To Net: NetName=DGND Pin=C34-2
Added Pin To Net: NetName=DGND Pin=C40-2
Added Pin To Net: NetName=DGND Pin=C47-2
Added Pin To Net: NetName=DGND Pin=C48-2
Added Pin To Net: NetName=DGND Pin=C49-2
Added Pin To Net: NetName=DGND Pin=C50-2
Added Pin To Net: NetName=DGND Pin=J2-2
Added Pin To Net: NetName=DGND Pin=J2-10
Added Pin To Net: NetName=DGND Pin=N2-1
Added Pin To Net: NetName=DGND Pin=P1-6
Added Pin To Net: NetName=DGND Pin=P2-1
Added Pin To Net: NetName=DGND Pin=S1-2
Added Pin To Net: NetName=DGND Pin=S1-2
Added Pin To Net: NetName=DGND Pin=S2-2
Added Pin To Net: NetName=DGND Pin=S2-2
Added Pin To Net: NetName=DGND Pin=U3-10
Added Pin To Net: NetName=DGND Pin=U5-5
Added Pin To Net: NetName=DGND Pin=U5-7
Added Pin To Net: NetName=DGND Pin=U6-4
Added Pin To Net: NetName=DGND Pin=U7-8
Added Pin To Net: NetName=DGND Pin=U7-14
Added Pin To Net: NetName=DGND Pin=U8-8
Added Pin To Net: NetName=DGND Pin=U8-14
Added Pin To Net: NetName=DGND Pin=U9-5
Added Pin To Net: NetName=DGND Pin=U9-9
Added Pin To Net: NetName=DGND Pin=U9-25
Added Pin To Net: NetName=DGND Pin=U10-3
Added Pin To Net: NetName=DGND Pin=U11-6
Added Pin To Net: NetName=DGND Pin=U11-18
Added Pin To Net: NetName=DGND Pin=U11-28
Added Pin To Net: NetName=DGND Pin=U11-39
Added Pin To Net: NetName=DGND Pin=U13-5
Added Pin To Net: NetName=DGND Pin=U15-1
Added Pin To Net: NetName=DGND Pin=U16-4
Added Pin To Net: NetName=DGND Pin=U16-8
Added Pin To Net: NetName=DGND Pin=U16-13
Added Pin To Net: NetName=DGND Pin=U16-14
Added Pin To Net: NetName=DGND Pin=U16-16
Added Pin To Net: NetName=DGND Pin=U16-17
Added Pin To Net: NetName=DGND Pin=U16-18
Added Pin To Net: NetName=DGND Pin=U16-19
Added Pin To Net: NetName=DGND Pin=U16-20
Added Pin To Net: NetName=DGND Pin=U16-21
Added Pin To Net: NetName=DGND Pin=U16-22
Added Pin To Net: NetName=DGND Pin=U16-23
Added Pin To Net: NetName=DGND Pin=U16-25
Added Pin To Net: NetName=DGND Pin=U16-27
Added Pin To Net: NetName=DGND Pin=U16-32
Added Pin To Net: NetName=DGND Pin=U16-33
Added Pin To Net: NetName=DGND Pin=U16-34
Added Pin To Net: NetName=DGND Pin=U16-36
Added Pin To Net: NetName=DGND Pin=U16-37
Added Pin To Net: NetName=DGND Pin=U16-38
Added Pin To Net: NetName=DGND Pin=U16-39
Added Pin To Net: NetName=DGND Pin=U16-40
Added Pin To Net: NetName=DGND Pin=U16-42
Added Net: Name=DGND
Added Pin To Net: NetName=DIV2BUF Pin=C1-2
Added Pin To Net: NetName=DIV2BUF Pin=C2-1
Added Pin To Net: NetName=DIV2BUF Pin=R1-1
Added Pin To Net: NetName=DIV2BUF Pin=R3-2
Added Pin To Net: NetName=DIV2BUF Pin=U1-5
Added Net: Name=DIV2BUF
Added Pin To Net: NetName=DVCC Pin=C15-1
Added Pin To Net: NetName=DVCC Pin=C16-1
Added Pin To Net: NetName=DVCC Pin=C17-1
Added Pin To Net: NetName=DVCC Pin=C18-1
Added Pin To Net: NetName=DVCC Pin=C19-1
Added Pin To Net: NetName=DVCC Pin=C20-1
Added Pin To Net: NetName=DVCC Pin=C21-1
Added Pin To Net: NetName=DVCC Pin=C22-1
Added Pin To Net: NetName=DVCC Pin=C23-1
Added Pin To Net: NetName=DVCC Pin=C28-1
Added Pin To Net: NetName=DVCC Pin=C29-1
Added Pin To Net: NetName=DVCC Pin=C30-1
Added Pin To Net: NetName=DVCC Pin=C31-1
Added Pin To Net: NetName=DVCC Pin=C32-1
Added Pin To Net: NetName=DVCC Pin=C33-1
Added Pin To Net: NetName=DVCC Pin=C34-1
Added Pin To Net: NetName=DVCC Pin=C40-1
Added Pin To Net: NetName=DVCC Pin=C47-1
Added Pin To Net: NetName=DVCC Pin=C48-1
Added Pin To Net: NetName=DVCC Pin=C49-1
Added Pin To Net: NetName=DVCC Pin=C50-1
Added Pin To Net: NetName=DVCC Pin=D3-A
Added Pin To Net: NetName=DVCC Pin=J2-4
Added Pin To Net: NetName=DVCC Pin=J2-7
Added Pin To Net: NetName=DVCC Pin=P1-2
Added Pin To Net: NetName=DVCC Pin=P2-3
Added Pin To Net: NetName=DVCC Pin=R12-2
Added Pin To Net: NetName=DVCC Pin=R13-2
Added Pin To Net: NetName=DVCC Pin=U3-20
Added Pin To Net: NetName=DVCC Pin=U4-20
Added Pin To Net: NetName=DVCC Pin=U5-1
Added Pin To Net: NetName=DVCC Pin=U5-6
Added Pin To Net: NetName=DVCC Pin=U6-8
Added Pin To Net: NetName=DVCC Pin=U7-16
Added Pin To Net: NetName=DVCC Pin=U8-16
Added Pin To Net: NetName=DVCC Pin=U9-8
Added Pin To Net: NetName=DVCC Pin=U9-24
Added Pin To Net: NetName=DVCC Pin=U9-32
Added Pin To Net: NetName=DVCC Pin=U10-2
Added Pin To Net: NetName=DVCC Pin=U11-5
Added Pin To Net: NetName=DVCC Pin=U11-17
Added Pin To Net: NetName=DVCC Pin=U11-27
Added Pin To Net: NetName=DVCC Pin=U11-29
Added Pin To Net: NetName=DVCC Pin=U11-38
Added Pin To Net: NetName=DVCC Pin=U13-8
Added Pin To Net: NetName=DVCC Pin=U15-3
Added Pin To Net: NetName=DVCC Pin=U16-15
Added Pin To Net: NetName=DVCC Pin=U16-26
Added Pin To Net: NetName=DVCC Pin=U16-35
Added Net: Name=DVCC
Added Pin To Net: NetName=EDGE_SW Pin=U11-42
Added Pin To Net: NetName=EDGE_SW Pin=U16-5
Added Net: Name=EDGE_SW
Added Pin To Net: NetName=ENABLE_COUNT Pin=U7-12
Added Pin To Net: NetName=ENABLE_COUNT Pin=U8-12
Added Pin To Net: NetName=ENABLE_COUNT Pin=U16-30
Added Net: Name=ENABLE_COUNT
Added Pin To Net: NetName=ENABLE Pin=U11-20
Added Pin To Net: NetName=ENABLE Pin=U16-1
Added Net: Name=ENABLE
Added Pin To Net: NetName=FAST_CLK Pin=U10-5
Added Pin To Net: NetName=FAST_CLK Pin=U16-44
Added Net: Name=FAST_CLK
Added Pin To Net: NetName=FILL_COMP Pin=U11-11
Added Pin To Net: NetName=FILL_COMP Pin=U16-28
Added Net: Name=FILL_COMP
Added Pin To Net: NetName=FORCE Pin=U11-25
Added Pin To Net: NetName=FORCE Pin=U16-2
Added Net: Name=FORCE
Added Pin To Net: NetName=FULL Pin=U8-9
Added Pin To Net: NetName=FULL Pin=U16-7
Added Net: Name=FULL
Added Pin To Net: NetName=GND Pin=C23-2
Added Pin To Net: NetName=GND Pin=C43-2
Added Pin To Net: NetName=GND Pin=C44-2
Added Pin To Net: NetName=GND Pin=C45-1
Added Pin To Net: NetName=GND Pin=C46-1
Added Pin To Net: NetName=GND Pin=D7-A
Added Pin To Net: NetName=GND Pin=N1-0
Added Pin To Net: NetName=GND Pin=N2-0
Added Pin To Net: NetName=GND Pin=R17-1
Added Pin To Net: NetName=GND Pin=TP5-1
Added Pin To Net: NetName=GND Pin=U14-4
Added Net: Name=GND
Added Pin To Net: NetName=IN\ Pin=C8-1
Added Pin To Net: NetName=IN\ Pin=U4-15
Added Pin To Net: NetName=IN\ Pin=U4-16
Added Net: Name=IN\
Added Pin To Net: NetName=IN_CLK Pin=U10-1
Added Pin To Net: NetName=IN_CLK Pin=U11-16
Added Net: Name=IN_CLK
Added Pin To Net: NetName=NetC3_2 Pin=C3-2
Added Pin To Net: NetName=NetC3_2 Pin=R4-1
Added Pin To Net: NetName=NetC3_2 Pin=R5-2
Added Net: Name=NetC3_2
Added Pin To Net: NetName=NetC6_1 Pin=C6-1
Added Pin To Net: NetName=NetC6_1 Pin=R5-1
Added Pin To Net: NetName=NetC6_1 Pin=U1-3
Added Net: Name=NetC6_1
Added Pin To Net: NetName=NetC11_1 Pin=C11-1
Added Pin To Net: NetName=NetC11_1 Pin=R9-1
Added Pin To Net: NetName=NetC11_1 Pin=U2-6
Added Net: Name=NetC11_1
Added Pin To Net: NetName=NetC11_2 Pin=C11-2
Added Pin To Net: NetName=NetC11_2 Pin=R9-2
Added Pin To Net: NetName=NetC11_2 Pin=R11-3
Added Pin To Net: NetName=NetC11_2 Pin=U2-7
Added Net: Name=NetC11_2
Added Pin To Net: NetName=NetC35_1 Pin=C35-1
Added Pin To Net: NetName=NetC35_1 Pin=L1-2
Added Net: Name=NetC35_1
Added Pin To Net: NetName=NetD3_K Pin=D3-K
Added Pin To Net: NetName=NetD3_K Pin=R14-2
Added Net: Name=NetD3_K
Added Pin To Net: NetName=NetD4_K Pin=D4-K
Added Pin To Net: NetName=NetD4_K Pin=R15-2
Added Net: Name=NetD4_K
Added Pin To Net: NetName=NetD5_K Pin=D5-K
Added Pin To Net: NetName=NetD5_K Pin=R16-2
Added Net: Name=NetD5_K
Added Pin To Net: NetName=NetD6_K Pin=D6-K
Added Pin To Net: NetName=NetD6_K Pin=R17-2
Added Net: Name=NetD6_K
Added Pin To Net: NetName=NetD7_K Pin=D7-K
Added Pin To Net: NetName=NetD7_K Pin=R18-1
Added Net: Name=NetD7_K
Added Pin To Net: NetName=NetJ1_1 Pin=J1-1
Added Pin To Net: NetName=NetJ1_1 Pin=R2-2
Added Net: Name=NetJ1_1
Added Pin To Net: NetName=NetR6_2 Pin=R6-2
Added Pin To Net: NetName=NetR6_2 Pin=U1-2
Added Net: Name=NetR6_2
Added Pin To Net: NetName=NetR7_2 Pin=R7-2
Added Pin To Net: NetName=NetR7_2 Pin=R8-1
Added Pin To Net: NetName=NetR7_2 Pin=U2-1
Added Net: Name=NetR7_2
Added Pin To Net: NetName=NetR8_3 Pin=R8-3
Added Pin To Net: NetName=NetR8_3 Pin=U2-2
Added Net: Name=NetR8_3
Added Pin To Net: NetName=NetR10_2 Pin=R10-2
Added Pin To Net: NetName=NetR10_2 Pin=U2-5
Added Net: Name=NetR10_2
Added Pin To Net: NetName=OVERFLOW Pin=U7-9
Added Pin To Net: NetName=OVERFLOW Pin=U8-11
Added Net: Name=OVERFLOW
Added Pin To Net: NetName=PLL_S0 Pin=U10-6
Added Pin To Net: NetName=PLL_S0 Pin=U11-41
Added Net: Name=PLL_S0
Added Pin To Net: NetName=PLL_S1 Pin=U10-4
Added Pin To Net: NetName=PLL_S1 Pin=U11-40
Added Net: Name=PLL_S1
Added Pin To Net: NetName=R\A\M\_\R\E\A\D\ Pin=U9-28
Added Pin To Net: NetName=R\A\M\_\R\E\A\D\ Pin=U16-6
Added Net: Name=R\A\M\_\R\E\A\D\
Added Pin To Net: NetName=R\E\S\E\T\ Pin=C24-2
Added Pin To Net: NetName=R\E\S\E\T\ Pin=P1-5
Added Pin To Net: NetName=R\E\S\E\T\ Pin=R12-1
Added Pin To Net: NetName=R\E\S\E\T\ Pin=S1-1
Added Pin To Net: NetName=R\E\S\E\T\ Pin=S1-1
Added Pin To Net: NetName=R\E\S\E\T\ Pin=U11-4
Added Net: Name=R\E\S\E\T\
Added Pin To Net: NetName=RAM_READ Pin=U3-1
Added Pin To Net: NetName=RAM_READ Pin=U3-19
Added Pin To Net: NetName=RAM_READ Pin=U11-43
Added Pin To Net: NetName=RAM_READ Pin=U16-3
Added Net: Name=RAM_READ
Added Pin To Net: NetName=REF_LS Pin=R11-2
Added Pin To Net: NetName=REF_LS Pin=U2-3
Added Net: Name=REF_LS
Added Pin To Net: NetName=REFB Pin=C10-1
Added Pin To Net: NetName=REFB Pin=U4-13
Added Net: Name=REFB
Added Pin To Net: NetName=REFT Pin=C9-1
Added Pin To Net: NetName=REFT Pin=R10-1
Added Pin To Net: NetName=REFT Pin=U4-14
Added Net: Name=REFT
Added Pin To Net: NetName=RUN Pin=R14-1
Added Pin To Net: NetName=RUN Pin=U11-19
Added Net: Name=RUN
Added Pin To Net: NetName=RX_ISO Pin=U12-1
Added Pin To Net: NetName=RX_ISO Pin=U13-2
Added Net: Name=RX_ISO
Added Pin To Net: NetName=RXLED Pin=R16-1
Added Pin To Net: NetName=RXLED Pin=U12-22
Added Net: Name=RXLED
Added Pin To Net: NetName=RX Pin=U11-9
Added Pin To Net: NetName=RX Pin=U13-7
Added Net: Name=RX
Added Pin To Net: NetName=SCK Pin=P1-3
Added Pin To Net: NetName=SCK Pin=U5-3
Added Pin To Net: NetName=SCK Pin=U11-3
Added Net: Name=SCK
Added Pin To Net: NetName=SDA Pin=P1-4
Added Pin To Net: NetName=SDA Pin=U5-4
Added Pin To Net: NetName=SDA Pin=U11-1
Added Net: Name=SDA
Added Pin To Net: NetName=SLA Pin=P1-1
Added Pin To Net: NetName=SLA Pin=U11-2
Added Net: Name=SLA
Added Pin To Net: NetName=SLOW_CLK Pin=U11-14
Added Pin To Net: NetName=SLOW_CLK Pin=U16-43
Added Net: Name=SLOW_CLK
Added Pin To Net: NetName=TCK Pin=J2-1
Added Pin To Net: NetName=TCK Pin=U11-21
Added Net: Name=TCK
Added Pin To Net: NetName=TDI Pin=J2-9
Added Pin To Net: NetName=TDI Pin=U11-24
Added Net: Name=TDI
Added Pin To Net: NetName=TDO Pin=J2-3
Added Pin To Net: NetName=TDO Pin=U11-23
Added Net: Name=TDO
Added Pin To Net: NetName=TMS Pin=J2-5
Added Pin To Net: NetName=TMS Pin=U11-22
Added Net: Name=TMS
Added Pin To Net: NetName=TRIG_IN Pin=U6-1
Added Pin To Net: NetName=TRIG_IN Pin=U16-12
Added Net: Name=TRIG_IN
Added Pin To Net: NetName=TRIG Pin=C27-2
Added Pin To Net: NetName=TRIG Pin=R13-1
Added Pin To Net: NetName=TRIG Pin=S2-1
Added Pin To Net: NetName=TRIG Pin=S2-1
Added Pin To Net: NetName=TRIG Pin=U11-13
Added Net: Name=TRIG
Added Pin To Net: NetName=TX_ISO Pin=U12-5
Added Pin To Net: NetName=TX_ISO Pin=U13-3
Added Net: Name=TX_ISO
Added Pin To Net: NetName=TXLED Pin=R15-1
Added Pin To Net: NetName=TXLED Pin=U12-23
Added Net: Name=TXLED
Added Pin To Net: NetName=TX Pin=U11-10
Added Pin To Net: NetName=TX Pin=U13-6
Added Net: Name=TX
Added Pin To Net: NetName=USBD_N Pin=J3-2
Added Pin To Net: NetName=USBD_N Pin=U12-16
Added Net: Name=USBD_N
Added Pin To Net: NetName=USBD_P Pin=J3-3
Added Pin To Net: NetName=USBD_P Pin=U12-15
Added Net: Name=USBD_P
Added Pin To Net: NetName=USBGND Pin=C35-2
Added Pin To Net: NetName=USBGND Pin=C36-2
Added Pin To Net: NetName=USBGND Pin=C37-2
Added Pin To Net: NetName=USBGND Pin=C38-2
Added Pin To Net: NetName=USBGND Pin=C39-2
Added Pin To Net: NetName=USBGND Pin=C41-2
Added Pin To Net: NetName=USBGND Pin=C42-2
Added Pin To Net: NetName=USBGND Pin=J3-4
Added Pin To Net: NetName=USBGND Pin=U12-7
Added Pin To Net: NetName=USBGND Pin=U12-18
Added Pin To Net: NetName=USBGND Pin=U12-21
Added Pin To Net: NetName=USBGND Pin=U12-25
Added Pin To Net: NetName=USBGND Pin=U12-26
Added Pin To Net: NetName=USBGND Pin=U13-4
Added Pin To Net: NetName=USBGND Pin=U14-2
Added Net: Name=USBGND
Added Pin To Net: NetName=USBVCCO Pin=C42-1
Added Pin To Net: NetName=USBVCCO Pin=L2-1
Added Pin To Net: NetName=USBVCCO Pin=U14-1
Added Net: Name=USBVCCO
Added Pin To Net: NetName=USBVCC Pin=C37-1
Added Pin To Net: NetName=USBVCC Pin=C38-1
Added Pin To Net: NetName=USBVCC Pin=C39-1
Added Pin To Net: NetName=USBVCC Pin=C41-1
Added Pin To Net: NetName=USBVCC Pin=D4-A
Added Pin To Net: NetName=USBVCC Pin=D5-A
Added Pin To Net: NetName=USBVCC Pin=J3-1
Added Pin To Net: NetName=USBVCC Pin=L1-1
Added Pin To Net: NetName=USBVCC Pin=L2-2
Added Pin To Net: NetName=USBVCC Pin=U12-4
Added Pin To Net: NetName=USBVCC Pin=U12-20
Added Pin To Net: NetName=USBVCC Pin=U13-1
Added Net: Name=USBVCC
Added Pin To Net: NetName=XTAL1 Pin=C26-1
Added Pin To Net: NetName=XTAL1 Pin=U11-8
Added Pin To Net: NetName=XTAL1 Pin=X1-2
Added Net: Name=XTAL1
Added Pin To Net: NetName=XTAL2 Pin=C25-1
Added Pin To Net: NetName=XTAL2 Pin=U11-7
Added Pin To Net: NetName=XTAL2 Pin=X1-1
Added Net: Name=XTAL2
Added Differential Pair: Name=USBD
Added Member To Class: ClassName=U_DSO_ADC Member=Component C7 100nF
Added Member To Class: ClassName=U_DSO_ADC Member=Component C8 100nF
Added Member To Class: ClassName=U_DSO_ADC Member=Component C9 100nF
Added Member To Class: ClassName=U_DSO_ADC Member=Component C10 100nF
Added Member To Class: ClassName=U_DSO_ADC Member=Component C11 100pf
Added Member To Class: ClassName=U_DSO_ADC Member=Component C12 100nF
Added Member To Class: ClassName=U_DSO_ADC Member=Component C13 100nF
Added Member To Class: ClassName=U_DSO_ADC Member=Component C14 100nF
Added Member To Class: ClassName=U_DSO_ADC Member=Component C15 100nF
Added Member To Class: ClassName=U_DSO_Trig Member=Component C16 10uF
Added Member To Class: ClassName=U_DSO_Trig Member=Component C17 100nF
Added Member To Class: ClassName=U_DSO_Trig Member=Component C18 100nF
Added Member To Class: ClassName=U_DSO_ADC Member=Component R7 39
Added Member To Class: ClassName=U_DSO_ADC Member=Component R8 DIV_TRIM
Added Member To Class: ClassName=U_DSO_ADC Member=Component R9 1k
Added Member To Class: ClassName=U_DSO_ADC Member=Component R10 510K
Added Member To Class: ClassName=U_DSO_ADC Member=Component R11 DIV_TRIM
Added Member To Class: ClassName=U_DSO_ADC Member=Component TP2 INPUT
Added Member To Class: ClassName=U_DSO_ADC Member=Component U2 LT1819
Added Member To Class: ClassName=U_DSO_ADC Member=Component U3 74HC541
Added Member To Class: ClassName=U_DSO_ADC Member=Component U4 ADS830E
Added Member To Class: ClassName=U_DSO_Trig Member=Component U5 MCP4901
Added Member To Class: ClassName=U_DSO_Trig Member=Component U6 MAX9032
Added Member To Class: ClassName=ADC_A[0..15] Member=Element[0]: ADC_A
Added Member To Class: ClassName=ADC_A[0..15] Member=Element[1]: ADC_A
Added Member To Class: ClassName=ADC_A[0..15] Member=Element[2]: ADC_A
Added Member To Class: ClassName=ADC_A[0..15] Member=Element[3]: ADC_A
Added Member To Class: ClassName=ADC_A[0..15] Member=Element[4]: ADC_A
Added Member To Class: ClassName=ADC_A[0..15] Member=Element[5]: ADC_A
Added Member To Class: ClassName=ADC_A[0..15] Member=Element[6]: ADC_A
Added Member To Class: ClassName=ADC_A[0..15] Member=Element[7]: ADC_A
Added Member To Class: ClassName=ADC_A[0..15] Member=Element[8]: ADC_A
Added Member To Class: ClassName=ADC_A[0..15] Member=Element[9]: ADC_A
Added Member To Class: ClassName=ADC_A[0..15] Member=Element[10]: ADC_A
Added Member To Class: ClassName=ADC_A[0..15] Member=Element[11]: ADC_A
Added Member To Class: ClassName=ADC_A[0..15] Member=Element[12]: ADC_A
Added Member To Class: ClassName=ADC_A[0..15] Member=Element[13]: ADC_A
Added Member To Class: ClassName=ADC_A[0..15] Member=Element[14]: ADC_A
Added Member To Class: ClassName=ADC_A[0..15] Member=Element[15]: ADC_A
Added Member To Class: ClassName=ADC_D[0..7] Member=Element[0]: ADC_D
Added Member To Class: ClassName=ADC_D[0..7] Member=Element[1]: ADC_D
Added Member To Class: ClassName=ADC_D[0..7] Member=Element[2]: ADC_D
Added Member To Class: ClassName=ADC_D[0..7] Member=Element[3]: ADC_D
Added Member To Class: ClassName=ADC_D[0..7] Member=Element[4]: ADC_D
Added Member To Class: ClassName=ADC_D[0..7] Member=Element[5]: ADC_D
Added Member To Class: ClassName=ADC_D[0..7] Member=Element[6]: ADC_D
Added Member To Class: ClassName=ADC_D[0..7] Member=Element[7]: ADC_D
