Removed Pin From Net: NetName=DGND Pin=C16-2
Removed Pin From Net: NetName=DGND Pin=C17-2
Removed Pin From Net: NetName=5V_P Pin=C43-1
Removed Pin From Net: NetName=5V_P Pin=L3-2
Removed Pin From Net: NetName=5V_D Pin=L5-1
Removed Pin From Net: NetName=5V_P Pin=TP4-1
Removed Pin From Net: NetName=AGND Pin=U5-5
Removed Pin From Net: NetName=AGND Pin=U5-7
Removed Pin From Net: NetName=5V_P Pin=U14-5
Removed Pin From Net: NetName=5V_P Pin=U15-2
Added Pin To Net: NetName=5V_GND Pin=C16-2
Added Pin To Net: NetName=5V_GND Pin=C17-2
Added Pin To Net: NetName=5V_D Pin=C43-1
Added Pin To Net: NetName=5V_D Pin=L3-2
Added Pin To Net: NetName=5V_P Pin=L5-1
Added Pin To Net: NetName=5V_D Pin=TP4-1
Added Pin To Net: NetName=5V_GND Pin=U5-5
Added Pin To Net: NetName=5V_GND Pin=U5-7
Added Pin To Net: NetName=5V_D Pin=U14-5
Added Pin To Net: NetName=5V_D Pin=U15-2
Change Net Name : Old Net Name=5V_D New Net Name=5V_P
Change Net Name : Old Net Name=5V_P New Net Name=5V_D
