Removed Pin From Net: NetName=DVCC Pin=C16-1
Removed Pin From Net: NetName=DGND Pin=C16-2
Removed Pin From Net: NetName=DVCC Pin=C17-1
Removed Pin From Net: NetName=DGND Pin=C17-2
Removed Pin From Net: NetName=DVCC Pin=U5-1
Removed Pin From Net: NetName=DGND Pin=U5-5
Removed Pin From Net: NetName=DVCC Pin=U5-6
Removed Pin From Net: NetName=DGND Pin=U5-7
Added Component: Designator=H1(Hole)
Added Component: Designator=H2(Hole)
Added Component: Designator=H3(Hole)
Added Component: Designator=H4(Hole)
Added Pin To Net: NetName=AVCC Pin=C16-1
Added Pin To Net: NetName=AGND Pin=C16-2
Added Pin To Net: NetName=AVCC Pin=C17-1
Added Pin To Net: NetName=AGND Pin=C17-2
Added Pin To Net: NetName=AVCC Pin=U5-1
Added Pin To Net: NetName=AGND Pin=U5-5
Added Pin To Net: NetName=AVCC Pin=U5-6
Added Pin To Net: NetName=AGND Pin=U5-7
Added Member To Class: ClassName=DSO_Top Member=Component H1 Hole
Added Member To Class: ClassName=DSO_Top Member=Component H2 Hole
Added Member To Class: ClassName=DSO_Top Member=Component H3 Hole
Added Member To Class: ClassName=DSO_Top Member=Component H4 Hole
