Removed Pin From Net: NetName=AGND Pin=N2-1
Removed Pin From Net: NetName=TRIG_OUT Pin=U5-1
Removed Pin From Net: NetName=ADC_EXT Pin=U5-4
Removed Pin From Net: NetName=VDRV Pin=U5-8
Removed Pin From Net: NetName=T_CS Pin=U6-2
Removed Pin From Net: NetName=SCK Pin=U6-3
Removed Pin From Net: NetName=SDA Pin=U6-4
Removed Pin From Net: NetName=GND Pin=U6-7
Change Component Footprint: Designator=U4 Old Footprint=TI-DBQ20_L New Footprint=TI-DBQ20_L
Change Component Footprint: Designator=U16 Old Footprint=VQ44_L New Footprint=VQ44_L
Added Component: Designator=L4(0805)
Add component. Clean all parameters for all variants
Add component (AddParameter): Name = "Reviewed by"; Value = "RM - 2018/08/05"; VariantName = "[No Variations]"
Add component (AddParameter): Name = "Supplier 1"; Value = ""; VariantName = "[No Variations]"
Add component (AddParameter): Name = "Supplier Part Number 1"; Value = ""; VariantName = "[No Variations]"
Add component (AddParameter): Name = "Value"; Value = "300mA"; VariantName = "[No Variations]"
Added Component: Designator=Q1(SOT23)
Add component. Clean all parameters for all variants
Add component (AddParameter): Name = "LatestRevisionDate"; Value = "17-Jul-2002"; VariantName = "[No Variations]"
Add component (AddParameter): Name = "LatestRevisionNote"; Value = "Re-released for DXP Platform."; VariantName = "[No Variations]"
Add component (AddParameter): Name = "PackageDocument"; Value = "1995/1996"; VariantName = "[No Variations]"
Add component (AddParameter): Name = "PackageReference"; Value = "E3"; VariantName = "[No Variations]"
Add component (AddParameter): Name = "Published"; Value = "8-Jun-2000"; VariantName = "[No Variations]"
Add component (AddParameter): Name = "Publisher"; Value = "Altium Limited"; VariantName = "[No Variations]"
Added Component: Designator=Q2(SOT23)
Add component. Clean all parameters for all variants
Add component (AddParameter): Name = "LatestRevisionDate"; Value = "17-Jul-2002"; VariantName = "[No Variations]"
Add component (AddParameter): Name = "LatestRevisionNote"; Value = "Re-released for DXP Platform."; VariantName = "[No Variations]"
Add component (AddParameter): Name = "PackageDocument"; Value = "1995/1996"; VariantName = "[No Variations]"
Add component (AddParameter): Name = "PackageReference"; Value = "E3"; VariantName = "[No Variations]"
Add component (AddParameter): Name = "Published"; Value = "8-Jun-2000"; VariantName = "[No Variations]"
Add component (AddParameter): Name = "Publisher"; Value = "Altium Limited"; VariantName = "[No Variations]"
Added Component: Designator=Q3(SOT23)
Add component. Clean all parameters for all variants
Add component (AddParameter): Name = "LatestRevisionDate"; Value = "17-Jul-2002"; VariantName = "[No Variations]"
Add component (AddParameter): Name = "LatestRevisionNote"; Value = "Re-released for DXP Platform."; VariantName = "[No Variations]"
Add component (AddParameter): Name = "PackageDocument"; Value = "1995/1996"; VariantName = "[No Variations]"
Add component (AddParameter): Name = "PackageReference"; Value = "E3"; VariantName = "[No Variations]"
Add component (AddParameter): Name = "Published"; Value = "8-Jun-2000"; VariantName = "[No Variations]"
Add component (AddParameter): Name = "Publisher"; Value = "Altium Limited"; VariantName = "[No Variations]"
Added Component: Designator=R20(0805)
Add component. Clean all parameters for all variants
Add component (AddParameter): Name = "Reviewed by"; Value = "RM - 2018/08/05"; VariantName = "[No Variations]"
Add component (AddParameter): Name = "Suppler Part Number 1"; Value = ""; VariantName = "[No Variations]"
Add component (AddParameter): Name = "Supplier 1"; Value = ""; VariantName = "[No Variations]"
Add component (AddParameter): Name = "Value"; Value = "1k"; VariantName = "[No Variations]"
Added Component: Designator=R21(0805)
Add component. Clean all parameters for all variants
Add component (AddParameter): Name = "Reviewed by"; Value = "RM - 2018/08/05"; VariantName = "[No Variations]"
Add component (AddParameter): Name = "Suppler Part Number 1"; Value = ""; VariantName = "[No Variations]"
Add component (AddParameter): Name = "Supplier 1"; Value = ""; VariantName = "[No Variations]"
Add component (AddParameter): Name = "Value"; Value = "1k"; VariantName = "[No Variations]"
Added Component: Designator=R22(0805)
Add component. Clean all parameters for all variants
Add component (AddParameter): Name = "Reviewed by"; Value = "RM - 2018/08/05"; VariantName = "[No Variations]"
Add component (AddParameter): Name = "Suppler Part Number 1"; Value = ""; VariantName = "[No Variations]"
Add component (AddParameter): Name = "Supplier 1"; Value = ""; VariantName = "[No Variations]"
Add component (AddParameter): Name = "Value"; Value = "1k"; VariantName = "[No Variations]"
Added Component: Designator=R23(0805)
Add component. Clean all parameters for all variants
Add component (AddParameter): Name = "Reviewed by"; Value = "RM - 2018/08/05"; VariantName = "[No Variations]"
Add component (AddParameter): Name = "Suppler Part Number 1"; Value = ""; VariantName = "[No Variations]"
Add component (AddParameter): Name = "Supplier 1"; Value = ""; VariantName = "[No Variations]"
Add component (AddParameter): Name = "Value"; Value = "1k"; VariantName = "[No Variations]"
Added Component: Designator=R24(0805)
Add component. Clean all parameters for all variants
Add component (AddParameter): Name = "Reviewed by"; Value = "RM - 2018/08/05"; VariantName = "[No Variations]"
Add component (AddParameter): Name = "Suppler Part Number 1"; Value = ""; VariantName = "[No Variations]"
Add component (AddParameter): Name = "Supplier 1"; Value = ""; VariantName = "[No Variations]"
Add component (AddParameter): Name = "Value"; Value = "1k"; VariantName = "[No Variations]"
Added Component: Designator=R25(0805)
Add component. Clean all parameters for all variants
Add component (AddParameter): Name = "Reviewed by"; Value = "RM - 2018/08/05"; VariantName = "[No Variations]"
Add component (AddParameter): Name = "Suppler Part Number 1"; Value = ""; VariantName = "[No Variations]"
Add component (AddParameter): Name = "Supplier 1"; Value = ""; VariantName = "[No Variations]"
Add component (AddParameter): Name = "Value"; Value = "1k"; VariantName = "[No Variations]"
Added Component: Designator=R26(0805)
Add component. Clean all parameters for all variants
Add component (AddParameter): Name = "Reviewed by"; Value = "RM - 2018/08/05"; VariantName = "[No Variations]"
Add component (AddParameter): Name = "Suppler Part Number 1"; Value = ""; VariantName = "[No Variations]"
Add component (AddParameter): Name = "Supplier 1"; Value = ""; VariantName = "[No Variations]"
Add component (AddParameter): Name = "Value"; Value = "1k"; VariantName = "[No Variations]"
Added Pin To Net: NetName=AVEE Pin=L4-1
Added Pin To Net: NetName=RD_Vout- Pin=L4-2
Added Pin To Net: NetName=ADC_EXT Pin=N2-1
Added Pin To Net: NetName=VDRV Pin=Q1-1
Added Pin To Net: NetName=SDA Pin=Q1-2
Added Pin To Net: NetName=VDRV Pin=Q2-1
Added Pin To Net: NetName=T_CS Pin=Q2-2
Added Pin To Net: NetName=VDRV Pin=Q3-1
Added Pin To Net: NetName=SCK Pin=Q3-2
Added Pin To Net: NetName=SDA Pin=R20-1
Added Pin To Net: NetName=VDRV Pin=R20-2
Added Pin To Net: NetName=ADC_RSEL Pin=R21-2
Added Pin To Net: NetName=T_CS Pin=R22-1
Added Pin To Net: NetName=VDRV Pin=R22-2
Added Pin To Net: NetName=ADC_RSEL Pin=R23-2
Added Pin To Net: NetName=SCK Pin=R24-1
Added Pin To Net: NetName=VDRV Pin=R24-2
Added Pin To Net: NetName=ADC_RSEL Pin=R25-2
Added Pin To Net: NetName=TRIG_OUT Pin=R26-1
Added Pin To Net: NetName=AGND Pin=U5-4
Added Pin To Net: NetName=ADC_RSEL Pin=U5-8
Added Pin To Net: NetName=ADC_EXT Pin=U6-7
Added Pin To Net: NetName=DAC_CS Pin=Q2-3
Added Pin To Net: NetName=DAC_CS Pin=R23-1
Added Pin To Net: NetName=DAC_CS Pin=U6-2
Added Net: Name=DAC_CS
Added Pin To Net: NetName=DAC_SCK Pin=Q3-3
Added Pin To Net: NetName=DAC_SCK Pin=R25-1
Added Pin To Net: NetName=DAC_SCK Pin=U6-3
Added Net: Name=DAC_SCK
Added Pin To Net: NetName=DAC_SDI Pin=Q1-3
Added Pin To Net: NetName=DAC_SDI Pin=R21-1
Added Pin To Net: NetName=DAC_SDI Pin=U6-4
Added Net: Name=DAC_SDI
Added Pin To Net: NetName=NetR26_2 Pin=R26-2
Added Pin To Net: NetName=NetR26_2 Pin=U5-1
Added Net: Name=NetR26_2
Added Member To Class: ClassName=U_DSO_Power Member=Component L4 300mA
Added Member To Class: ClassName=U_DSO_Trig Member=Component Q1 RTR025N03TL
Added Member To Class: ClassName=U_DSO_Trig Member=Component Q2 RTR025N03TL
Added Member To Class: ClassName=U_DSO_Trig Member=Component Q3 RTR025N03TL
Added Member To Class: ClassName=U_DSO_Trig Member=Component R20 1k
Added Member To Class: ClassName=U_DSO_Trig Member=Component R21 1k
Added Member To Class: ClassName=U_DSO_Trig Member=Component R22 1k
Added Member To Class: ClassName=U_DSO_Trig Member=Component R23 1k
Added Member To Class: ClassName=U_DSO_Trig Member=Component R24 1k
Added Member To Class: ClassName=U_DSO_Trig Member=Component R25 1k
Added Member To Class: ClassName=U_DSO_Trig Member=Component R26 1k
