Added Component: Designator=C27(0805C)
Add component. Clean all parameters for all variants
Add component (AddParameter): Name = "Reviewed by"; Value = "RM - 2018/08/05"; VariantName = "[No Variations]"
Add component (AddParameter): Name = "Revision"; Value = "July-2002: Re-released for DXP Platform."; VariantName = "[No Variations]"
Add component (AddParameter): Name = "Supplier 1"; Value = ""; VariantName = "[No Variations]"
Add component (AddParameter): Name = "Supplier Part Number 1"; Value = ""; VariantName = "[No Variations]"
Add component (AddParameter): Name = "Value"; Value = "18pF"; VariantName = "[No Variations]"
Added Component: Designator=C28(0805C)
Add component. Clean all parameters for all variants
Add component (AddParameter): Name = "Reviewed by"; Value = "RM - 2018/08/05"; VariantName = "[No Variations]"
Add component (AddParameter): Name = "Revision"; Value = "July-2002: Re-released for DXP Platform."; VariantName = "[No Variations]"
Add component (AddParameter): Name = "Supplier 1"; Value = ""; VariantName = "[No Variations]"
Add component (AddParameter): Name = "Supplier Part Number 1"; Value = ""; VariantName = "[No Variations]"
Add component (AddParameter): Name = "Value"; Value = "18pF"; VariantName = "[No Variations]"
Added Component: Designator=C29(0805C)
Add component. Clean all parameters for all variants
Add component (AddParameter): Name = "Reviewed by"; Value = "RM - 2018/08/05"; VariantName = "[No Variations]"
Add component (AddParameter): Name = "Revision"; Value = "July-2002: Re-released for DXP Platform."; VariantName = "[No Variations]"
Add component (AddParameter): Name = "Supplier 1"; Value = ""; VariantName = "[No Variations]"
Add component (AddParameter): Name = "Supplier Part Number 1"; Value = ""; VariantName = "[No Variations]"
Add component (AddParameter): Name = "Value"; Value = "100nF"; VariantName = "[No Variations]"
Added Component: Designator=C30(0805C)
Add component. Clean all parameters for all variants
Add component (AddParameter): Name = "Reviewed by"; Value = "RM - 2018/08/05"; VariantName = "[No Variations]"
Add component (AddParameter): Name = "Revision"; Value = "July-2002: Re-released for DXP Platform."; VariantName = "[No Variations]"
Add component (AddParameter): Name = "Supplier 1"; Value = ""; VariantName = "[No Variations]"
Add component (AddParameter): Name = "Supplier Part Number 1"; Value = ""; VariantName = "[No Variations]"
Add component (AddParameter): Name = "Value"; Value = "100nF"; VariantName = "[No Variations]"
Added Component: Designator=C31(0805C)
Add component. Clean all parameters for all variants
Add component (AddParameter): Name = "Reviewed by"; Value = "RM - 2018/08/05"; VariantName = "[No Variations]"
Add component (AddParameter): Name = "Revision"; Value = "July-2002: Re-released for DXP Platform."; VariantName = "[No Variations]"
Add component (AddParameter): Name = "Supplier 1"; Value = ""; VariantName = "[No Variations]"
Add component (AddParameter): Name = "Supplier Part Number 1"; Value = ""; VariantName = "[No Variations]"
Add component (AddParameter): Name = "Value"; Value = "100nF"; VariantName = "[No Variations]"
Added Component: Designator=C32(0805C)
Add component. Clean all parameters for all variants
Add component (AddParameter): Name = "Reviewed by"; Value = "RM - 2018/08/05"; VariantName = "[No Variations]"
Add component (AddParameter): Name = "Revision"; Value = "July-2002: Re-released for DXP Platform."; VariantName = "[No Variations]"
Add component (AddParameter): Name = "Supplier 1"; Value = ""; VariantName = "[No Variations]"
Add component (AddParameter): Name = "Supplier Part Number 1"; Value = ""; VariantName = "[No Variations]"
Add component (AddParameter): Name = "Value"; Value = "100nF"; VariantName = "[No Variations]"
Added Component: Designator=C33(0805C)
Add component. Clean all parameters for all variants
Add component (AddParameter): Name = "Reviewed by"; Value = "RM - 2018/08/05"; VariantName = "[No Variations]"
Add component (AddParameter): Name = "Revision"; Value = "July-2002: Re-released for DXP Platform."; VariantName = "[No Variations]"
Add component (AddParameter): Name = "Supplier 1"; Value = ""; VariantName = "[No Variations]"
Add component (AddParameter): Name = "Supplier Part Number 1"; Value = ""; VariantName = "[No Variations]"
Add component (AddParameter): Name = "Value"; Value = "100nF"; VariantName = "[No Variations]"
Added Component: Designator=C34(0805C)
Add component. Clean all parameters for all variants
Add component (AddParameter): Name = "Reviewed by"; Value = "RM - 2018/08/05"; VariantName = "[No Variations]"
Add component (AddParameter): Name = "Revision"; Value = "July-2002: Re-released for DXP Platform."; VariantName = "[No Variations]"
Add component (AddParameter): Name = "Supplier 1"; Value = ""; VariantName = "[No Variations]"
Add component (AddParameter): Name = "Supplier Part Number 1"; Value = ""; VariantName = "[No Variations]"
Add component (AddParameter): Name = "Value"; Value = "100nF"; VariantName = "[No Variations]"
Added Component: Designator=C35(0805C)
Add component. Clean all parameters for all variants
Add component (AddParameter): Name = "Reviewed by"; Value = "RM - 2018/08/05"; VariantName = "[No Variations]"
Add component (AddParameter): Name = "Revision"; Value = "July-2002: Re-released for DXP Platform."; VariantName = "[No Variations]"
Add component (AddParameter): Name = "Supplier 1"; Value = ""; VariantName = "[No Variations]"
Add component (AddParameter): Name = "Supplier Part Number 1"; Value = ""; VariantName = "[No Variations]"
Add component (AddParameter): Name = "Value"; Value = "100nF"; VariantName = "[No Variations]"
Added Component: Designator=C36(0805C)
Add component. Clean all parameters for all variants
Add component (AddParameter): Name = "Reviewed by"; Value = "RM - 2018/08/05"; VariantName = "[No Variations]"
Add component (AddParameter): Name = "Revision"; Value = "July-2002: Re-released for DXP Platform."; VariantName = "[No Variations]"
Add component (AddParameter): Name = "Supplier 1"; Value = ""; VariantName = "[No Variations]"
Add component (AddParameter): Name = "Supplier Part Number 1"; Value = ""; VariantName = "[No Variations]"
Add component (AddParameter): Name = "Value"; Value = "100nF"; VariantName = "[No Variations]"
Added Component: Designator=C37(0805C)
Add component. Clean all parameters for all variants
Add component (AddParameter): Name = "Reviewed by"; Value = "RM - 2018/08/05"; VariantName = "[No Variations]"
Add component (AddParameter): Name = "Revision"; Value = "July-2002: Re-released for DXP Platform."; VariantName = "[No Variations]"
Add component (AddParameter): Name = "Supplier 1"; Value = ""; VariantName = "[No Variations]"
Add component (AddParameter): Name = "Supplier Part Number 1"; Value = ""; VariantName = "[No Variations]"
Add component (AddParameter): Name = "Value"; Value = "100nF"; VariantName = "[No Variations]"
Added Component: Designator=D7(0805D-GREEN)
Add component. Clean all parameters for all variants
Add component (AddParameter): Name = "Reviewed by"; Value = "RM - 2018/08/05"; VariantName = "[No Variations]"
Add component (AddParameter): Name = "Revision"; Value = "July-2002: Re-released for DXP Platform."; VariantName = "[No Variations]"
Add component (AddParameter): Name = "Supplier 1"; Value = "Digi-Key"; VariantName = "[No Variations]"
Add component (AddParameter): Name = "Supplier Part Number 1"; Value = "160-1423-1-ND"; VariantName = "[No Variations]"
Added Component: Designator=J2(BOXEDVERT10)
Add component. Clean all parameters for all variants
Add component (AddParameter): Name = "Reviewed by"; Value = "RM - 2018/08/05"; VariantName = "[No Variations]"
Add component (AddParameter): Name = "Supplier 1"; Value = "Digi-Key"; VariantName = "[No Variations]"
Add component (AddParameter): Name = "Supplier Part Number 1"; Value = "OR896-ND"; VariantName = "[No Variations]"
Added Component: Designator=P1(HDR3x2)
Add component. Clean all parameters for all variants
Add component (AddParameter): Name = "Reviewed by"; Value = "RM - 2018/08/05"; VariantName = "[No Variations]"
Add component (AddParameter): Name = "Supplier 1"; Value = "Digi-Key"; VariantName = "[No Variations]"
Add component (AddParameter): Name = "Supplier Part Number 1"; Value = "952-2121-ND"; VariantName = "[No Variations]"
Added Component: Designator=R14(0805)
Add component. Clean all parameters for all variants
Add component (AddParameter): Name = "Reviewed by"; Value = "RM - 2018/08/05"; VariantName = "[No Variations]"
Add component (AddParameter): Name = "Suppler Part Number 1"; Value = ""; VariantName = "[No Variations]"
Add component (AddParameter): Name = "Supplier 1"; Value = ""; VariantName = "[No Variations]"
Add component (AddParameter): Name = "Value"; Value = "10k"; VariantName = "[No Variations]"
Added Component: Designator=R15(0805)
Add component. Clean all parameters for all variants
Add component (AddParameter): Name = "Reviewed by"; Value = "RM - 2018/08/05"; VariantName = "[No Variations]"
Add component (AddParameter): Name = "Suppler Part Number 1"; Value = ""; VariantName = "[No Variations]"
Add component (AddParameter): Name = "Supplier 1"; Value = ""; VariantName = "[No Variations]"
Add component (AddParameter): Name = "Value"; Value = "10k"; VariantName = "[No Variations]"
Added Component: Designator=R27(0805)
Add component. Clean all parameters for all variants
Add component (AddParameter): Name = "Reviewed by"; Value = "RM - 2018/08/05"; VariantName = "[No Variations]"
Add component (AddParameter): Name = "Suppler Part Number 1"; Value = ""; VariantName = "[No Variations]"
Add component (AddParameter): Name = "Supplier 1"; Value = ""; VariantName = "[No Variations]"
Add component (AddParameter): Name = "Value"; Value = "330"; VariantName = "[No Variations]"
Added Component: Designator=S1(SPST PB SWITCH SMD)
Add component. Clean all parameters for all variants
Add component (AddParameter): Name = "Reviewed by"; Value = "RM - 2018/08/05"; VariantName = "[No Variations]"
Add component (AddParameter): Name = "Revision"; Value = "July-2002: Re-released for DXP Platform."; VariantName = "[No Variations]"
Add component (AddParameter): Name = "Supplier 1"; Value = "Digi-Key"; VariantName = "[No Variations]"
Add component (AddParameter): Name = "Supplier Part Number 1"; Value = "CKN9085CT-ND"; VariantName = "[No Variations]"
Added Component: Designator=S2(SPST PB SWITCH SMD)
Add component. Clean all parameters for all variants
Add component (AddParameter): Name = "Reviewed by"; Value = "RM - 2018/08/05"; VariantName = "[No Variations]"
Add component (AddParameter): Name = "Revision"; Value = "July-2002: Re-released for DXP Platform."; VariantName = "[No Variations]"
Add component (AddParameter): Name = "Supplier 1"; Value = "Digi-Key"; VariantName = "[No Variations]"
Add component (AddParameter): Name = "Supplier Part Number 1"; Value = "CKN9085CT-ND"; VariantName = "[No Variations]"
Added Component: Designator=U11(QFP-48)
Add component. Clean all parameters for all variants
Add component (AddParameter): Name = "Reviewed by"; Value = "RM - 2018/08/05"; VariantName = "[No Variations]"
Add component (AddParameter): Name = "Supplier 1"; Value = "Digi-Key"; VariantName = "[No Variations]"
Add component (AddParameter): Name = "Supplier Part Number 1"; Value = "ATMEGA16A-AU-ND"; VariantName = "[No Variations]"
Added Component: Designator=X1(XTAL_FLAT_SMD)
Add component. Clean all parameters for all variants
Add component (AddParameter): Name = "Reviewed by"; Value = "RM - 2018/08/05"; VariantName = "[No Variations]"
Add component (AddParameter): Name = "Revision"; Value = "July-2002: Re-released for DXP Platform."; VariantName = "[No Variations]"
Add component (AddParameter): Name = "Supplier 1"; Value = "Digi-Key"; VariantName = "[No Variations]"
Add component (AddParameter): Name = "Supplier Part Number 1"; Value = "887-1080-1-ND"; VariantName = "[No Variations]"
Added Pin To Net: NetName=ADC_EXT Pin=C27-2
Added Pin To Net: NetName=ADC_EXT Pin=C28-2
Added Pin To Net: NetName=ADC_EXT Pin=C29-2
Added Pin To Net: NetName=ADC_EXT Pin=C30-2
Added Pin To Net: NetName=VDRV Pin=C31-1
Added Pin To Net: NetName=ADC_EXT Pin=C31-2
Added Pin To Net: NetName=VDRV Pin=C32-1
Added Pin To Net: NetName=ADC_EXT Pin=C32-2
Added Pin To Net: NetName=VDRV Pin=C33-1
Added Pin To Net: NetName=ADC_EXT Pin=C33-2
Added Pin To Net: NetName=VDRV Pin=C34-1
Added Pin To Net: NetName=ADC_EXT Pin=C34-2
Added Pin To Net: NetName=VDRV Pin=C35-1
Added Pin To Net: NetName=ADC_EXT Pin=C35-2
Added Pin To Net: NetName=VDRV Pin=C36-1
Added Pin To Net: NetName=ADC_EXT Pin=C36-2
Added Pin To Net: NetName=VDRV Pin=C37-1
Added Pin To Net: NetName=ADC_EXT Pin=C37-2
Added Pin To Net: NetName=VDRV Pin=D7-A
Added Pin To Net: NetName=ADC_EXT Pin=J2-2
Added Pin To Net: NetName=VDRV Pin=J2-4
Added Pin To Net: NetName=VDRV Pin=J2-7
Added Pin To Net: NetName=ADC_EXT Pin=J2-10
Added Pin To Net: NetName=VDRV Pin=P1-2
Added Pin To Net: NetName=SCK Pin=P1-3
Added Pin To Net: NetName=SDA Pin=P1-4
Added Pin To Net: NetName=ADC_EXT Pin=P1-6
Added Pin To Net: NetName=VDRV Pin=R14-2
Added Pin To Net: NetName=VDRV Pin=R15-2
Added Pin To Net: NetName=ADC_EXT Pin=S1-2
Added Pin To Net: NetName=ADC_EXT Pin=S1-2
Added Pin To Net: NetName=ADC_EXT Pin=S2-2
Added Pin To Net: NetName=ADC_EXT Pin=S2-2
Added Pin To Net: NetName=SDA Pin=U11-1
Added Pin To Net: NetName=SCK Pin=U11-3
Added Pin To Net: NetName=VDRV Pin=U11-5
Added Pin To Net: NetName=ADC_EXT Pin=U11-6
Added Pin To Net: NetName=MCU_RX Pin=U11-9
Added Pin To Net: NetName=MCU_TX Pin=U11-10
Added Pin To Net: NetName=Clk_S0 Pin=U11-12
Added Pin To Net: NetName=Clk_S1 Pin=U11-13
Added Pin To Net: NetName=IN_CLK Pin=U11-14
Added Pin To Net: NetName=EDGE_SW Pin=U11-15
Added Pin To Net: NetName=RAM_READ Pin=U11-16
Added Pin To Net: NetName=VDRV Pin=U11-17
Added Pin To Net: NetName=ADC_EXT Pin=U11-18
Added Pin To Net: NetName=FORCE Pin=U11-19
Added Pin To Net: NetName=ENABLE Pin=U11-20
Added Pin To Net: NetName=SLOW_CLK Pin=U11-25
Added Pin To Net: NetName=FILL_COMP Pin=U11-26
Added Pin To Net: NetName=VDRV Pin=U11-27
Added Pin To Net: NetName=ADC_EXT Pin=U11-28
Added Pin To Net: NetName=VDRV Pin=U11-29
Added Pin To Net: NetName=VDRV Pin=U11-38
Added Pin To Net: NetName=ADC_EXT Pin=U11-39
Added Pin To Net: NetName=RAM_READ Pin=U11-43
Added Pin To Net: NetName=T_CS Pin=U11-44
Added Pin To Net: NetName=LED_TRI Pin=R27-1
Added Pin To Net: NetName=LED_TRI Pin=U11-40
Added Net: Name=LED_TRI
Added Pin To Net: NetName=MCU_TRI Pin=C30-1
Added Pin To Net: NetName=MCU_TRI Pin=U11-42
Added Net: Name=MCU_TRI
Added Pin To Net: NetName=NetD7_K Pin=D7-K
Added Pin To Net: NetName=NetD7_K Pin=R27-2
Added Net: Name=NetD7_K
Added Pin To Net: NetName=NetR15_1 Pin=R15-1
Added Pin To Net: NetName=NetR15_1 Pin=S2-1
Added Pin To Net: NetName=NetR15_1 Pin=S2-1
Added Net: Name=NetR15_1
Added Pin To Net: NetName=RST Pin=C29-1
Added Pin To Net: NetName=RST Pin=P1-5
Added Pin To Net: NetName=RST Pin=R14-1
Added Pin To Net: NetName=RST Pin=S1-1
Added Pin To Net: NetName=RST Pin=S1-1
Added Pin To Net: NetName=RST Pin=U11-4
Added Net: Name=RST
Added Pin To Net: NetName=SLA Pin=P1-1
Added Pin To Net: NetName=SLA Pin=U11-2
Added Net: Name=SLA
Added Pin To Net: NetName=TCK Pin=J2-1
Added Pin To Net: NetName=TCK Pin=U11-21
Added Net: Name=TCK
Added Pin To Net: NetName=TDI Pin=J2-9
Added Pin To Net: NetName=TDI Pin=U11-24
Added Net: Name=TDI
Added Pin To Net: NetName=TDO Pin=J2-3
Added Pin To Net: NetName=TDO Pin=U11-23
Added Net: Name=TDO
Added Pin To Net: NetName=TMS Pin=J2-5
Added Pin To Net: NetName=TMS Pin=U11-22
Added Net: Name=TMS
Added Pin To Net: NetName=XTAL1 Pin=C28-1
Added Pin To Net: NetName=XTAL1 Pin=U11-8
Added Pin To Net: NetName=XTAL1 Pin=X1-2
Added Net: Name=XTAL1
Added Pin To Net: NetName=XTAL2 Pin=C27-1
Added Pin To Net: NetName=XTAL2 Pin=U11-7
Added Pin To Net: NetName=XTAL2 Pin=X1-1
Added Net: Name=XTAL2
Added Class: Name=U_DSO_Control
