Removed Pin From Net: NetName=ADC_EXT Pin=C27-2
Removed Pin From Net: NetName=ADC_EXT Pin=C28-2
Removed Pin From Net: NetName=ADC_EXT Pin=C29-2
Removed Pin From Net: NetName=ADC_EXT Pin=C30-2
Removed Pin From Net: NetName=VDRV Pin=C31-1
Removed Pin From Net: NetName=ADC_EXT Pin=C31-2
Removed Pin From Net: NetName=VDRV Pin=C32-1
Removed Pin From Net: NetName=ADC_EXT Pin=C32-2
Removed Pin From Net: NetName=VDRV Pin=C33-1
Removed Pin From Net: NetName=ADC_EXT Pin=C33-2
Removed Pin From Net: NetName=VDRV Pin=C34-1
Removed Pin From Net: NetName=ADC_EXT Pin=C34-2
Removed Pin From Net: NetName=VDRV Pin=C35-1
Removed Pin From Net: NetName=ADC_EXT Pin=C35-2
Removed Pin From Net: NetName=VDRV Pin=C36-1
Removed Pin From Net: NetName=ADC_EXT Pin=C36-2
Removed Pin From Net: NetName=VDRV Pin=C37-1
Removed Pin From Net: NetName=ADC_EXT Pin=C37-2
Removed Pin From Net: NetName=ADC_EXT Pin=J2-2
Removed Pin From Net: NetName=VDRV Pin=J2-4
Removed Pin From Net: NetName=VDRV Pin=J2-7
Removed Pin From Net: NetName=ADC_EXT Pin=J2-10
Removed Pin From Net: NetName=VDRV Pin=P1-2
Removed Pin From Net: NetName=SCK Pin=P1-3
Removed Pin From Net: NetName=SDA Pin=P1-4
Removed Pin From Net: NetName=ADC_EXT Pin=P1-6
Removed Pin From Net: NetName=VDRV Pin=R14-2
Removed Pin From Net: NetName=VDRV Pin=R15-2
Removed Pin From Net: NetName=ADC_EXT Pin=R27-1
Removed Pin From Net: NetName=ADC_EXT Pin=S1-2
Removed Pin From Net: NetName=ADC_EXT Pin=S1-2
Removed Pin From Net: NetName=ADC_EXT Pin=S2-2
Removed Pin From Net: NetName=ADC_EXT Pin=S2-2
Removed Pin From Net: NetName=SDA Pin=U11-1
Removed Pin From Net: NetName=SCK Pin=U11-3
Removed Pin From Net: NetName=VDRV Pin=U11-5
Removed Pin From Net: NetName=ADC_EXT Pin=U11-6
Removed Pin From Net: NetName=MCU_RX Pin=U11-9
Removed Pin From Net: NetName=MCU_TX Pin=U11-10
Removed Pin From Net: NetName=Clk_S0 Pin=U11-12
Removed Pin From Net: NetName=Clk_S1 Pin=U11-13
Removed Pin From Net: NetName=IN_CLK Pin=U11-14
Removed Pin From Net: NetName=EDGE_SW Pin=U11-15
Removed Pin From Net: NetName=RAM_READ Pin=U11-16
Removed Pin From Net: NetName=VDRV Pin=U11-17
Removed Pin From Net: NetName=ADC_EXT Pin=U11-18
Removed Pin From Net: NetName=FORCE Pin=U11-19
Removed Pin From Net: NetName=ENABLE Pin=U11-20
Removed Pin From Net: NetName=SLOW_CLK Pin=U11-25
Removed Pin From Net: NetName=FILL_COMP Pin=U11-26
Removed Pin From Net: NetName=VDRV Pin=U11-27
Removed Pin From Net: NetName=ADC_EXT Pin=U11-28
Removed Pin From Net: NetName=VDRV Pin=U11-29
Removed Pin From Net: NetName=VDRV Pin=U11-38
Removed Pin From Net: NetName=ADC_EXT Pin=U11-39
Removed Pin From Net: NetName=RAM_READ Pin=U11-43
Removed Pin From Net: NetName=T_CS Pin=U11-44
