Added Component: Designator=C1(0805C)
Add component. Clean all parameters for all variants
Add component (AddParameter): Name = "Reviewed by"; Value = "RM - 2018/08/05"; VariantName = "[No Variations]"
Add component (AddParameter): Name = "Revision"; Value = "July-2002: Re-released for DXP Platform."; VariantName = "[No Variations]"
Add component (AddParameter): Name = "Supplier 1"; Value = ""; VariantName = "[No Variations]"
Add component (AddParameter): Name = "Supplier Part Number 1"; Value = ""; VariantName = "[No Variations]"
Add component (AddParameter): Name = "Value"; Value = "5pf"; VariantName = "[No Variations]"
Added Component: Designator=C2(0805C)
Add component. Clean all parameters for all variants
Add component (AddParameter): Name = "Reviewed by"; Value = "RM - 2018/08/05"; VariantName = "[No Variations]"
Add component (AddParameter): Name = "Revision"; Value = "July-2002: Re-released for DXP Platform."; VariantName = "[No Variations]"
Add component (AddParameter): Name = "Supplier 1"; Value = ""; VariantName = "[No Variations]"
Add component (AddParameter): Name = "Supplier Part Number 1"; Value = ""; VariantName = "[No Variations]"
Add component (AddParameter): Name = "Value"; Value = "18pF"; VariantName = "[No Variations]"
Added Component: Designator=C3(0805C)
Add component. Clean all parameters for all variants
Add component (AddParameter): Name = "Reviewed by"; Value = "RM - 2018/08/05"; VariantName = "[No Variations]"
Add component (AddParameter): Name = "Revision"; Value = "July-2002: Re-released for DXP Platform."; VariantName = "[No Variations]"
Add component (AddParameter): Name = "Supplier 1"; Value = ""; VariantName = "[No Variations]"
Add component (AddParameter): Name = "Supplier Part Number 1"; Value = ""; VariantName = "[No Variations]"
Add component (AddParameter): Name = "Value"; Value = "5pf"; VariantName = "[No Variations]"
Added Component: Designator=C4(0805C)
Add component. Clean all parameters for all variants
Add component (AddParameter): Name = "Reviewed by"; Value = "RM - 2018/08/05"; VariantName = "[No Variations]"
Add component (AddParameter): Name = "Revision"; Value = "July-2002: Re-released for DXP Platform."; VariantName = "[No Variations]"
Add component (AddParameter): Name = "Supplier 1"; Value = ""; VariantName = "[No Variations]"
Add component (AddParameter): Name = "Supplier Part Number 1"; Value = ""; VariantName = "[No Variations]"
Add component (AddParameter): Name = "Value"; Value = "4.7pF"; VariantName = "[No Variations]"
Added Component: Designator=C5(0805C)
Add component. Clean all parameters for all variants
Add component (AddParameter): Name = "Reviewed by"; Value = "RM - 2018/08/05"; VariantName = "[No Variations]"
Add component (AddParameter): Name = "Revision"; Value = "July-2002: Re-released for DXP Platform."; VariantName = "[No Variations]"
Add component (AddParameter): Name = "Supplier 1"; Value = ""; VariantName = "[No Variations]"
Add component (AddParameter): Name = "Supplier Part Number 1"; Value = ""; VariantName = "[No Variations]"
Add component (AddParameter): Name = "Value"; Value = "10uF"; VariantName = "[No Variations]"
Added Component: Designator=C6(0805C)
Add component. Clean all parameters for all variants
Add component (AddParameter): Name = "Reviewed by"; Value = "RM - 2018/08/05"; VariantName = "[No Variations]"
Add component (AddParameter): Name = "Revision"; Value = "July-2002: Re-released for DXP Platform."; VariantName = "[No Variations]"
Add component (AddParameter): Name = "Supplier 1"; Value = ""; VariantName = "[No Variations]"
Add component (AddParameter): Name = "Supplier Part Number 1"; Value = ""; VariantName = "[No Variations]"
Add component (AddParameter): Name = "Value"; Value = "100nF"; VariantName = "[No Variations]"
Added Component: Designator=C7(0805C)
Add component. Clean all parameters for all variants
Add component (AddParameter): Name = "Reviewed by"; Value = "RM - 2018/08/05"; VariantName = "[No Variations]"
Add component (AddParameter): Name = "Revision"; Value = "July-2002: Re-released for DXP Platform."; VariantName = "[No Variations]"
Add component (AddParameter): Name = "Supplier 1"; Value = ""; VariantName = "[No Variations]"
Add component (AddParameter): Name = "Supplier Part Number 1"; Value = ""; VariantName = "[No Variations]"
Add component (AddParameter): Name = "Value"; Value = "47pf"; VariantName = "[No Variations]"
Added Component: Designator=C8(0805C)
Add component. Clean all parameters for all variants
Add component (AddParameter): Name = "Reviewed by"; Value = "RM - 2018/08/05"; VariantName = "[No Variations]"
Add component (AddParameter): Name = "Revision"; Value = "July-2002: Re-released for DXP Platform."; VariantName = "[No Variations]"
Add component (AddParameter): Name = "Supplier 1"; Value = ""; VariantName = "[No Variations]"
Add component (AddParameter): Name = "Supplier Part Number 1"; Value = ""; VariantName = "[No Variations]"
Add component (AddParameter): Name = "Value"; Value = "100nf"; VariantName = "[No Variations]"
Added Component: Designator=C9(0805C)
Add component. Clean all parameters for all variants
Add component (AddParameter): Name = "Reviewed by"; Value = "RM - 2018/08/05"; VariantName = "[No Variations]"
Add component (AddParameter): Name = "Revision"; Value = "July-2002: Re-released for DXP Platform."; VariantName = "[No Variations]"
Add component (AddParameter): Name = "Supplier 1"; Value = ""; VariantName = "[No Variations]"
Add component (AddParameter): Name = "Supplier Part Number 1"; Value = ""; VariantName = "[No Variations]"
Add component (AddParameter): Name = "Value"; Value = "100nf"; VariantName = "[No Variations]"
Added Component: Designator=C10(0805C)
Add component. Clean all parameters for all variants
Add component (AddParameter): Name = "Reviewed by"; Value = "RM - 2018/08/05"; VariantName = "[No Variations]"
Add component (AddParameter): Name = "Revision"; Value = "July-2002: Re-released for DXP Platform."; VariantName = "[No Variations]"
Add component (AddParameter): Name = "Supplier 1"; Value = ""; VariantName = "[No Variations]"
Add component (AddParameter): Name = "Supplier Part Number 1"; Value = ""; VariantName = "[No Variations]"
Add component (AddParameter): Name = "Value"; Value = "10uF"; VariantName = "[No Variations]"
Added Component: Designator=C11(0805C)
Add component. Clean all parameters for all variants
Add component (AddParameter): Name = "Reviewed by"; Value = "RM - 2018/08/05"; VariantName = "[No Variations]"
Add component (AddParameter): Name = "Revision"; Value = "July-2002: Re-released for DXP Platform."; VariantName = "[No Variations]"
Add component (AddParameter): Name = "Supplier 1"; Value = ""; VariantName = "[No Variations]"
Add component (AddParameter): Name = "Supplier Part Number 1"; Value = ""; VariantName = "[No Variations]"
Add component (AddParameter): Name = "Value"; Value = "10uF"; VariantName = "[No Variations]"
Added Component: Designator=C12(0805C)
Add component. Clean all parameters for all variants
Add component (AddParameter): Name = "Reviewed by"; Value = "RM - 2018/08/05"; VariantName = "[No Variations]"
Add component (AddParameter): Name = "Revision"; Value = "July-2002: Re-released for DXP Platform."; VariantName = "[No Variations]"
Add component (AddParameter): Name = "Supplier 1"; Value = ""; VariantName = "[No Variations]"
Add component (AddParameter): Name = "Supplier Part Number 1"; Value = ""; VariantName = "[No Variations]"
Add component (AddParameter): Name = "Value"; Value = "100nf"; VariantName = "[No Variations]"
Added Component: Designator=C13(0805C)
Add component. Clean all parameters for all variants
Add component (AddParameter): Name = "Reviewed by"; Value = "RM - 2018/08/05"; VariantName = "[No Variations]"
Add component (AddParameter): Name = "Revision"; Value = "July-2002: Re-released for DXP Platform."; VariantName = "[No Variations]"
Add component (AddParameter): Name = "Supplier 1"; Value = ""; VariantName = "[No Variations]"
Add component (AddParameter): Name = "Supplier Part Number 1"; Value = ""; VariantName = "[No Variations]"
Add component (AddParameter): Name = "Value"; Value = "100nf"; VariantName = "[No Variations]"
Added Component: Designator=C14(0805C)
Add component. Clean all parameters for all variants
Add component (AddParameter): Name = "Reviewed by"; Value = "RM - 2018/08/05"; VariantName = "[No Variations]"
Add component (AddParameter): Name = "Revision"; Value = "July-2002: Re-released for DXP Platform."; VariantName = "[No Variations]"
Add component (AddParameter): Name = "Supplier 1"; Value = ""; VariantName = "[No Variations]"
Add component (AddParameter): Name = "Supplier Part Number 1"; Value = ""; VariantName = "[No Variations]"
Add component (AddParameter): Name = "Value"; Value = "100nf"; VariantName = "[No Variations]"
Added Component: Designator=C15(0805C)
Add component. Clean all parameters for all variants
Add component (AddParameter): Name = "Reviewed by"; Value = "RM - 2018/08/05"; VariantName = "[No Variations]"
Add component (AddParameter): Name = "Revision"; Value = "July-2002: Re-released for DXP Platform."; VariantName = "[No Variations]"
Add component (AddParameter): Name = "Supplier 1"; Value = ""; VariantName = "[No Variations]"
Add component (AddParameter): Name = "Supplier Part Number 1"; Value = ""; VariantName = "[No Variations]"
Add component (AddParameter): Name = "Value"; Value = "100nF"; VariantName = "[No Variations]"
Added Component: Designator=C16(0805C)
Add component. Clean all parameters for all variants
Add component (AddParameter): Name = "Reviewed by"; Value = "RM - 2018/08/05"; VariantName = "[No Variations]"
Add component (AddParameter): Name = "Revision"; Value = "July-2002: Re-released for DXP Platform."; VariantName = "[No Variations]"
Add component (AddParameter): Name = "Supplier 1"; Value = ""; VariantName = "[No Variations]"
Add component (AddParameter): Name = "Supplier Part Number 1"; Value = ""; VariantName = "[No Variations]"
Add component (AddParameter): Name = "Value"; Value = "10uF"; VariantName = "[No Variations]"
Added Component: Designator=C17(0805C)
Add component. Clean all parameters for all variants
Add component (AddParameter): Name = "Reviewed by"; Value = "RM - 2018/08/05"; VariantName = "[No Variations]"
Add component (AddParameter): Name = "Revision"; Value = "July-2002: Re-released for DXP Platform."; VariantName = "[No Variations]"
Add component (AddParameter): Name = "Supplier 1"; Value = ""; VariantName = "[No Variations]"
Add component (AddParameter): Name = "Supplier Part Number 1"; Value = ""; VariantName = "[No Variations]"
Add component (AddParameter): Name = "Value"; Value = "100nF"; VariantName = "[No Variations]"
Added Component: Designator=C18(0805C)
Add component. Clean all parameters for all variants
Add component (AddParameter): Name = "Reviewed by"; Value = "RM - 2018/08/05"; VariantName = "[No Variations]"
Add component (AddParameter): Name = "Revision"; Value = "July-2002: Re-released for DXP Platform."; VariantName = "[No Variations]"
Add component (AddParameter): Name = "Supplier 1"; Value = ""; VariantName = "[No Variations]"
Add component (AddParameter): Name = "Supplier Part Number 1"; Value = ""; VariantName = "[No Variations]"
Add component (AddParameter): Name = "Value"; Value = "100nF"; VariantName = "[No Variations]"
Added Component: Designator=C19(0805C)
Add component. Clean all parameters for all variants
Add component (AddParameter): Name = "Reviewed by"; Value = "RM - 2018/08/05"; VariantName = "[No Variations]"
Add component (AddParameter): Name = "Revision"; Value = "July-2002: Re-released for DXP Platform."; VariantName = "[No Variations]"
Add component (AddParameter): Name = "Supplier 1"; Value = ""; VariantName = "[No Variations]"
Add component (AddParameter): Name = "Supplier Part Number 1"; Value = ""; VariantName = "[No Variations]"
Add component (AddParameter): Name = "Value"; Value = "100nF"; VariantName = "[No Variations]"
Added Component: Designator=C20(0805C)
Add component. Clean all parameters for all variants
Add component (AddParameter): Name = "Reviewed by"; Value = "RM - 2018/08/05"; VariantName = "[No Variations]"
Add component (AddParameter): Name = "Revision"; Value = "July-2002: Re-released for DXP Platform."; VariantName = "[No Variations]"
Add component (AddParameter): Name = "Supplier 1"; Value = ""; VariantName = "[No Variations]"
Add component (AddParameter): Name = "Supplier Part Number 1"; Value = ""; VariantName = "[No Variations]"
Add component (AddParameter): Name = "Value"; Value = "100nF"; VariantName = "[No Variations]"
Added Component: Designator=C21(0805C)
Add component. Clean all parameters for all variants
Add component (AddParameter): Name = "Reviewed by"; Value = "RM - 2018/08/05"; VariantName = "[No Variations]"
Add component (AddParameter): Name = "Revision"; Value = "July-2002: Re-released for DXP Platform."; VariantName = "[No Variations]"
Add component (AddParameter): Name = "Supplier 1"; Value = ""; VariantName = "[No Variations]"
Add component (AddParameter): Name = "Supplier Part Number 1"; Value = ""; VariantName = "[No Variations]"
Add component (AddParameter): Name = "Value"; Value = "100nF"; VariantName = "[No Variations]"
Added Component: Designator=C22(0805C)
Add component. Clean all parameters for all variants
Add component (AddParameter): Name = "Reviewed by"; Value = "RM - 2018/08/05"; VariantName = "[No Variations]"
Add component (AddParameter): Name = "Revision"; Value = "July-2002: Re-released for DXP Platform."; VariantName = "[No Variations]"
Add component (AddParameter): Name = "Supplier 1"; Value = ""; VariantName = "[No Variations]"
Add component (AddParameter): Name = "Supplier Part Number 1"; Value = ""; VariantName = "[No Variations]"
Add component (AddParameter): Name = "Value"; Value = "100nF"; VariantName = "[No Variations]"
Added Component: Designator=C23(0805C)
Add component. Clean all parameters for all variants
Add component (AddParameter): Name = "Reviewed by"; Value = "RM - 2018/08/05"; VariantName = "[No Variations]"
Add component (AddParameter): Name = "Revision"; Value = "July-2002: Re-released for DXP Platform."; VariantName = "[No Variations]"
Add component (AddParameter): Name = "Supplier 1"; Value = ""; VariantName = "[No Variations]"
Add component (AddParameter): Name = "Supplier Part Number 1"; Value = ""; VariantName = "[No Variations]"
Add component (AddParameter): Name = "Value"; Value = "100nF"; VariantName = "[No Variations]"
Added Component: Designator=C24(0805C)
Add component. Clean all parameters for all variants
Add component (AddParameter): Name = "Reviewed by"; Value = "RM - 2018/08/05"; VariantName = "[No Variations]"
Add component (AddParameter): Name = "Revision"; Value = "July-2002: Re-released for DXP Platform."; VariantName = "[No Variations]"
Add component (AddParameter): Name = "Supplier 1"; Value = ""; VariantName = "[No Variations]"
Add component (AddParameter): Name = "Supplier Part Number 1"; Value = ""; VariantName = "[No Variations]"
Add component (AddParameter): Name = "Value"; Value = "100nF"; VariantName = "[No Variations]"
Added Component: Designator=C25(0805C)
Add component. Clean all parameters for all variants
Add component (AddParameter): Name = "Reviewed by"; Value = "RM - 2018/08/05"; VariantName = "[No Variations]"
Add component (AddParameter): Name = "Revision"; Value = "July-2002: Re-released for DXP Platform."; VariantName = "[No Variations]"
Add component (AddParameter): Name = "Supplier 1"; Value = ""; VariantName = "[No Variations]"
Add component (AddParameter): Name = "Supplier Part Number 1"; Value = ""; VariantName = "[No Variations]"
Add component (AddParameter): Name = "Value"; Value = "100nF"; VariantName = "[No Variations]"
Added Component: Designator=C26(0805C)
Add component. Clean all parameters for all variants
Add component (AddParameter): Name = "Reviewed by"; Value = "RM - 2018/08/05"; VariantName = "[No Variations]"
Add component (AddParameter): Name = "Revision"; Value = "July-2002: Re-released for DXP Platform."; VariantName = "[No Variations]"
Add component (AddParameter): Name = "Supplier 1"; Value = ""; VariantName = "[No Variations]"
Add component (AddParameter): Name = "Supplier Part Number 1"; Value = ""; VariantName = "[No Variations]"
Add component (AddParameter): Name = "Value"; Value = "100nF"; VariantName = "[No Variations]"
Added Component: Designator=C27(0805C)
Add component. Clean all parameters for all variants
Add component (AddParameter): Name = "Reviewed by"; Value = "RM - 2018/08/05"; VariantName = "[No Variations]"
Add component (AddParameter): Name = "Revision"; Value = "July-2002: Re-released for DXP Platform."; VariantName = "[No Variations]"
Add component (AddParameter): Name = "Supplier 1"; Value = ""; VariantName = "[No Variations]"
Add component (AddParameter): Name = "Supplier Part Number 1"; Value = ""; VariantName = "[No Variations]"
Add component (AddParameter): Name = "Value"; Value = "18pF"; VariantName = "[No Variations]"
Added Component: Designator=C28(0805C)
Add component. Clean all parameters for all variants
Add component (AddParameter): Name = "Reviewed by"; Value = "RM - 2018/08/05"; VariantName = "[No Variations]"
Add component (AddParameter): Name = "Revision"; Value = "July-2002: Re-released for DXP Platform."; VariantName = "[No Variations]"
Add component (AddParameter): Name = "Supplier 1"; Value = ""; VariantName = "[No Variations]"
Add component (AddParameter): Name = "Supplier Part Number 1"; Value = ""; VariantName = "[No Variations]"
Add component (AddParameter): Name = "Value"; Value = "18pF"; VariantName = "[No Variations]"
Added Component: Designator=C29(0805C)
Add component. Clean all parameters for all variants
Add component (AddParameter): Name = "Reviewed by"; Value = "RM - 2018/08/05"; VariantName = "[No Variations]"
Add component (AddParameter): Name = "Revision"; Value = "July-2002: Re-released for DXP Platform."; VariantName = "[No Variations]"
Add component (AddParameter): Name = "Supplier 1"; Value = ""; VariantName = "[No Variations]"
Add component (AddParameter): Name = "Supplier Part Number 1"; Value = ""; VariantName = "[No Variations]"
Add component (AddParameter): Name = "Value"; Value = "100nF"; VariantName = "[No Variations]"
Added Component: Designator=C30(0805C)
Add component. Clean all parameters for all variants
Add component (AddParameter): Name = "Reviewed by"; Value = "RM - 2018/08/05"; VariantName = "[No Variations]"
Add component (AddParameter): Name = "Revision"; Value = "July-2002: Re-released for DXP Platform."; VariantName = "[No Variations]"
Add component (AddParameter): Name = "Supplier 1"; Value = ""; VariantName = "[No Variations]"
Add component (AddParameter): Name = "Supplier Part Number 1"; Value = ""; VariantName = "[No Variations]"
Add component (AddParameter): Name = "Value"; Value = "100nF"; VariantName = "[No Variations]"
Added Component: Designator=C31(0805C)
Add component. Clean all parameters for all variants
Add component (AddParameter): Name = "Reviewed by"; Value = "RM - 2018/08/05"; VariantName = "[No Variations]"
Add component (AddParameter): Name = "Revision"; Value = "July-2002: Re-released for DXP Platform."; VariantName = "[No Variations]"
Add component (AddParameter): Name = "Supplier 1"; Value = ""; VariantName = "[No Variations]"
Add component (AddParameter): Name = "Supplier Part Number 1"; Value = ""; VariantName = "[No Variations]"
Add component (AddParameter): Name = "Value"; Value = "100nF"; VariantName = "[No Variations]"
Added Component: Designator=C32(0805C)
Add component. Clean all parameters for all variants
Add component (AddParameter): Name = "Reviewed by"; Value = "RM - 2018/08/05"; VariantName = "[No Variations]"
Add component (AddParameter): Name = "Revision"; Value = "July-2002: Re-released for DXP Platform."; VariantName = "[No Variations]"
Add component (AddParameter): Name = "Supplier 1"; Value = ""; VariantName = "[No Variations]"
Add component (AddParameter): Name = "Supplier Part Number 1"; Value = ""; VariantName = "[No Variations]"
Add component (AddParameter): Name = "Value"; Value = "100nF"; VariantName = "[No Variations]"
Added Component: Designator=C33(0805C)
Add component. Clean all parameters for all variants
Add component (AddParameter): Name = "Reviewed by"; Value = "RM - 2018/08/05"; VariantName = "[No Variations]"
Add component (AddParameter): Name = "Revision"; Value = "July-2002: Re-released for DXP Platform."; VariantName = "[No Variations]"
Add component (AddParameter): Name = "Supplier 1"; Value = ""; VariantName = "[No Variations]"
Add component (AddParameter): Name = "Supplier Part Number 1"; Value = ""; VariantName = "[No Variations]"
Add component (AddParameter): Name = "Value"; Value = "100nF"; VariantName = "[No Variations]"
Added Component: Designator=C34(0805C)
Add component. Clean all parameters for all variants
Add component (AddParameter): Name = "Reviewed by"; Value = "RM - 2018/08/05"; VariantName = "[No Variations]"
Add component (AddParameter): Name = "Revision"; Value = "July-2002: Re-released for DXP Platform."; VariantName = "[No Variations]"
Add component (AddParameter): Name = "Supplier 1"; Value = ""; VariantName = "[No Variations]"
Add component (AddParameter): Name = "Supplier Part Number 1"; Value = ""; VariantName = "[No Variations]"
Add component (AddParameter): Name = "Value"; Value = "100nF"; VariantName = "[No Variations]"
Added Component: Designator=C35(0805C)
Add component. Clean all parameters for all variants
Add component (AddParameter): Name = "Reviewed by"; Value = "RM - 2018/08/05"; VariantName = "[No Variations]"
Add component (AddParameter): Name = "Revision"; Value = "July-2002: Re-released for DXP Platform."; VariantName = "[No Variations]"
Add component (AddParameter): Name = "Supplier 1"; Value = ""; VariantName = "[No Variations]"
Add component (AddParameter): Name = "Supplier Part Number 1"; Value = ""; VariantName = "[No Variations]"
Add component (AddParameter): Name = "Value"; Value = "100nF"; VariantName = "[No Variations]"
Added Component: Designator=C36(0805C)
Add component. Clean all parameters for all variants
Add component (AddParameter): Name = "Reviewed by"; Value = "RM - 2018/08/05"; VariantName = "[No Variations]"
Add component (AddParameter): Name = "Revision"; Value = "July-2002: Re-released for DXP Platform."; VariantName = "[No Variations]"
Add component (AddParameter): Name = "Supplier 1"; Value = ""; VariantName = "[No Variations]"
Add component (AddParameter): Name = "Supplier Part Number 1"; Value = ""; VariantName = "[No Variations]"
Add component (AddParameter): Name = "Value"; Value = "100nF"; VariantName = "[No Variations]"
Added Component: Designator=C37(0805C)
Add component. Clean all parameters for all variants
Add component (AddParameter): Name = "Reviewed by"; Value = "RM - 2018/08/05"; VariantName = "[No Variations]"
Add component (AddParameter): Name = "Revision"; Value = "July-2002: Re-released for DXP Platform."; VariantName = "[No Variations]"
Add component (AddParameter): Name = "Supplier 1"; Value = ""; VariantName = "[No Variations]"
Add component (AddParameter): Name = "Supplier Part Number 1"; Value = ""; VariantName = "[No Variations]"
Add component (AddParameter): Name = "Value"; Value = "100nF"; VariantName = "[No Variations]"
Added Component: Designator=C38(0805C)
Add component. Clean all parameters for all variants
Add component (AddParameter): Name = "Reviewed by"; Value = "RM - 2018/08/05"; VariantName = "[No Variations]"
Add component (AddParameter): Name = "Revision"; Value = "July-2002: Re-released for DXP Platform."; VariantName = "[No Variations]"
Add component (AddParameter): Name = "Supplier 1"; Value = ""; VariantName = "[No Variations]"
Add component (AddParameter): Name = "Supplier Part Number 1"; Value = ""; VariantName = "[No Variations]"
Add component (AddParameter): Name = "Value"; Value = "100nF"; VariantName = "[No Variations]"
Added Component: Designator=C39(0805C)
Add component. Clean all parameters for all variants
Add component (AddParameter): Name = "Reviewed by"; Value = "RM - 2018/08/05"; VariantName = "[No Variations]"
Add component (AddParameter): Name = "Revision"; Value = "July-2002: Re-released for DXP Platform."; VariantName = "[No Variations]"
Add component (AddParameter): Name = "Supplier 1"; Value = ""; VariantName = "[No Variations]"
Add component (AddParameter): Name = "Supplier Part Number 1"; Value = ""; VariantName = "[No Variations]"
Add component (AddParameter): Name = "Value"; Value = "100nF"; VariantName = "[No Variations]"
Added Component: Designator=C40(0805C)
Add component. Clean all parameters for all variants
Add component (AddParameter): Name = "Reviewed by"; Value = "RM - 2018/08/05"; VariantName = "[No Variations]"
Add component (AddParameter): Name = "Revision"; Value = "July-2002: Re-released for DXP Platform."; VariantName = "[No Variations]"
Add component (AddParameter): Name = "Supplier 1"; Value = ""; VariantName = "[No Variations]"
Add component (AddParameter): Name = "Supplier Part Number 1"; Value = ""; VariantName = "[No Variations]"
Add component (AddParameter): Name = "Value"; Value = "100nF"; VariantName = "[No Variations]"
Added Component: Designator=C41(0805C)
Add component. Clean all parameters for all variants
Add component (AddParameter): Name = "Reviewed by"; Value = "RM - 2018/08/05"; VariantName = "[No Variations]"
Add component (AddParameter): Name = "Revision"; Value = "July-2002: Re-released for DXP Platform."; VariantName = "[No Variations]"
Add component (AddParameter): Name = "Supplier 1"; Value = ""; VariantName = "[No Variations]"
Add component (AddParameter): Name = "Supplier Part Number 1"; Value = ""; VariantName = "[No Variations]"
Add component (AddParameter): Name = "Value"; Value = "100nF"; VariantName = "[No Variations]"
Added Component: Designator=C42(0805C)
Add component. Clean all parameters for all variants
Add component (AddParameter): Name = "Reviewed by"; Value = "RM - 2018/08/05"; VariantName = "[No Variations]"
Add component (AddParameter): Name = "Revision"; Value = "July-2002: Re-released for DXP Platform."; VariantName = "[No Variations]"
Add component (AddParameter): Name = "Supplier 1"; Value = ""; VariantName = "[No Variations]"
Add component (AddParameter): Name = "Supplier Part Number 1"; Value = ""; VariantName = "[No Variations]"
Add component (AddParameter): Name = "Value"; Value = "100nF"; VariantName = "[No Variations]"
Added Component: Designator=C43(0805C)
Add component. Clean all parameters for all variants
Add component (AddParameter): Name = "Reviewed by"; Value = "RM - 2018/08/05"; VariantName = "[No Variations]"
Add component (AddParameter): Name = "Revision"; Value = "July-2002: Re-released for DXP Platform."; VariantName = "[No Variations]"
Add component (AddParameter): Name = "Supplier 1"; Value = ""; VariantName = "[No Variations]"
Add component (AddParameter): Name = "Supplier Part Number 1"; Value = ""; VariantName = "[No Variations]"
Add component (AddParameter): Name = "Value"; Value = "100nF"; VariantName = "[No Variations]"
Added Component: Designator=C44(0805C)
Add component. Clean all parameters for all variants
Add component (AddParameter): Name = "Reviewed by"; Value = "RM - 2018/08/05"; VariantName = "[No Variations]"
Add component (AddParameter): Name = "Revision"; Value = "July-2002: Re-released for DXP Platform."; VariantName = "[No Variations]"
Add component (AddParameter): Name = "Supplier 1"; Value = ""; VariantName = "[No Variations]"
Add component (AddParameter): Name = "Supplier Part Number 1"; Value = ""; VariantName = "[No Variations]"
Add component (AddParameter): Name = "Value"; Value = "100nF"; VariantName = "[No Variations]"
Added Component: Designator=C45(0805C)
Add component. Clean all parameters for all variants
Add component (AddParameter): Name = "Reviewed by"; Value = "RM - 2018/08/05"; VariantName = "[No Variations]"
Add component (AddParameter): Name = "Revision"; Value = "July-2002: Re-released for DXP Platform."; VariantName = "[No Variations]"
Add component (AddParameter): Name = "Supplier 1"; Value = ""; VariantName = "[No Variations]"
Add component (AddParameter): Name = "Supplier Part Number 1"; Value = ""; VariantName = "[No Variations]"
Add component (AddParameter): Name = "Value"; Value = "100nF"; VariantName = "[No Variations]"
Added Component: Designator=C46(0805C)
Add component. Clean all parameters for all variants
Add component (AddParameter): Name = "Reviewed by"; Value = "RM - 2018/08/05"; VariantName = "[No Variations]"
Add component (AddParameter): Name = "Revision"; Value = "July-2002: Re-released for DXP Platform."; VariantName = "[No Variations]"
Add component (AddParameter): Name = "Supplier 1"; Value = ""; VariantName = "[No Variations]"
Add component (AddParameter): Name = "Supplier Part Number 1"; Value = ""; VariantName = "[No Variations]"
Add component (AddParameter): Name = "Value"; Value = "100nF"; VariantName = "[No Variations]"
Added Component: Designator=C47(0805C)
Add component. Clean all parameters for all variants
Add component (AddParameter): Name = "Reviewed by"; Value = "RM - 2018/08/05"; VariantName = "[No Variations]"
Add component (AddParameter): Name = "Revision"; Value = "July-2002: Re-released for DXP Platform."; VariantName = "[No Variations]"
Add component (AddParameter): Name = "Supplier 1"; Value = ""; VariantName = "[No Variations]"
Add component (AddParameter): Name = "Supplier Part Number 1"; Value = ""; VariantName = "[No Variations]"
Add component (AddParameter): Name = "Value"; Value = "100nF"; VariantName = "[No Variations]"
Added Component: Designator=C48(0805C)
Add component. Clean all parameters for all variants
Add component (AddParameter): Name = "Reviewed by"; Value = "RM - 2018/08/05"; VariantName = "[No Variations]"
Add component (AddParameter): Name = "Revision"; Value = "July-2002: Re-released for DXP Platform."; VariantName = "[No Variations]"
Add component (AddParameter): Name = "Supplier 1"; Value = ""; VariantName = "[No Variations]"
Add component (AddParameter): Name = "Supplier Part Number 1"; Value = ""; VariantName = "[No Variations]"
Add component (AddParameter): Name = "Value"; Value = "10uf"; VariantName = "[No Variations]"
Added Component: Designator=C49(0805C)
Add component. Clean all parameters for all variants
Add component (AddParameter): Name = "Reviewed by"; Value = "RM - 2018/08/05"; VariantName = "[No Variations]"
Add component (AddParameter): Name = "Revision"; Value = "July-2002: Re-released for DXP Platform."; VariantName = "[No Variations]"
Add component (AddParameter): Name = "Supplier 1"; Value = ""; VariantName = "[No Variations]"
Add component (AddParameter): Name = "Supplier Part Number 1"; Value = ""; VariantName = "[No Variations]"
Add component (AddParameter): Name = "Value"; Value = "100nF"; VariantName = "[No Variations]"
Added Component: Designator=C50(0805C)
Add component. Clean all parameters for all variants
Add component (AddParameter): Name = "Reviewed by"; Value = "RM - 2018/08/05"; VariantName = "[No Variations]"
Add component (AddParameter): Name = "Revision"; Value = "July-2002: Re-released for DXP Platform."; VariantName = "[No Variations]"
Add component (AddParameter): Name = "Supplier 1"; Value = ""; VariantName = "[No Variations]"
Add component (AddParameter): Name = "Supplier Part Number 1"; Value = ""; VariantName = "[No Variations]"
Add component (AddParameter): Name = "Value"; Value = "10uf"; VariantName = "[No Variations]"
Added Component: Designator=C51(0805C)
Add component. Clean all parameters for all variants
Add component (AddParameter): Name = "Reviewed by"; Value = "RM - 2018/08/05"; VariantName = "[No Variations]"
Add component (AddParameter): Name = "Revision"; Value = "July-2002: Re-released for DXP Platform."; VariantName = "[No Variations]"
Add component (AddParameter): Name = "Supplier 1"; Value = ""; VariantName = "[No Variations]"
Add component (AddParameter): Name = "Supplier Part Number 1"; Value = ""; VariantName = "[No Variations]"
Add component (AddParameter): Name = "Value"; Value = "100nF"; VariantName = "[No Variations]"
Added Component: Designator=C52(0805C)
Add component. Clean all parameters for all variants
Add component (AddParameter): Name = "Reviewed by"; Value = "RM - 2018/08/05"; VariantName = "[No Variations]"
Add component (AddParameter): Name = "Revision"; Value = "July-2002: Re-released for DXP Platform."; VariantName = "[No Variations]"
Add component (AddParameter): Name = "Supplier 1"; Value = ""; VariantName = "[No Variations]"
Add component (AddParameter): Name = "Supplier Part Number 1"; Value = ""; VariantName = "[No Variations]"
Add component (AddParameter): Name = "Value"; Value = "100nF"; VariantName = "[No Variations]"
Added Component: Designator=C53(0805C)
Add component. Clean all parameters for all variants
Add component (AddParameter): Name = "Reviewed by"; Value = "RM - 2018/08/05"; VariantName = "[No Variations]"
Add component (AddParameter): Name = "Revision"; Value = "July-2002: Re-released for DXP Platform."; VariantName = "[No Variations]"
Add component (AddParameter): Name = "Supplier 1"; Value = ""; VariantName = "[No Variations]"
Add component (AddParameter): Name = "Supplier Part Number 1"; Value = ""; VariantName = "[No Variations]"
Add component (AddParameter): Name = "Value"; Value = "100nF"; VariantName = "[No Variations]"
Added Component: Designator=C54(0805C)
Add component. Clean all parameters for all variants
Add component (AddParameter): Name = "Reviewed by"; Value = "RM - 2018/08/05"; VariantName = "[No Variations]"
Add component (AddParameter): Name = "Revision"; Value = "July-2002: Re-released for DXP Platform."; VariantName = "[No Variations]"
Add component (AddParameter): Name = "Supplier 1"; Value = ""; VariantName = "[No Variations]"
Add component (AddParameter): Name = "Supplier Part Number 1"; Value = ""; VariantName = "[No Variations]"
Add component (AddParameter): Name = "Value"; Value = "100nF"; VariantName = "[No Variations]"
Added Component: Designator=C55(0805C)
Add component. Clean all parameters for all variants
Add component (AddParameter): Name = "Reviewed by"; Value = "RM - 2018/08/05"; VariantName = "[No Variations]"
Add component (AddParameter): Name = "Revision"; Value = "July-2002: Re-released for DXP Platform."; VariantName = "[No Variations]"
Add component (AddParameter): Name = "Supplier 1"; Value = ""; VariantName = "[No Variations]"
Add component (AddParameter): Name = "Supplier Part Number 1"; Value = ""; VariantName = "[No Variations]"
Add component (AddParameter): Name = "Value"; Value = "10uF"; VariantName = "[No Variations]"
Added Component: Designator=D1(SOD-123)
Add component. Clean all parameters for all variants
Add component (AddParameter): Name = "Reviewed by"; Value = "RM - 2018/08/05"; VariantName = "[No Variations]"
Add component (AddParameter): Name = "Revision"; Value = "July-2002: Re-released for DXP Platform."; VariantName = "[No Variations]"
Add component (AddParameter): Name = "Supplier 1"; Value = ""; VariantName = "[No Variations]"
Add component (AddParameter): Name = "Supplier Part Number 1"; Value = ""; VariantName = "[No Variations]"
Added Component: Designator=D2(SOD-123)
Add component. Clean all parameters for all variants
Add component (AddParameter): Name = "Reviewed by"; Value = "RM - 2018/08/05"; VariantName = "[No Variations]"
Add component (AddParameter): Name = "Revision"; Value = "July-2002: Re-released for DXP Platform."; VariantName = "[No Variations]"
Add component (AddParameter): Name = "Supplier 1"; Value = ""; VariantName = "[No Variations]"
Add component (AddParameter): Name = "Supplier Part Number 1"; Value = ""; VariantName = "[No Variations]"
Added Component: Designator=D3(0805D-GREEN)
Add component. Clean all parameters for all variants
Add component (AddParameter): Name = "Reviewed by"; Value = "RM - 2018/08/05"; VariantName = "[No Variations]"
Add component (AddParameter): Name = "Revision"; Value = "July-2002: Re-released for DXP Platform."; VariantName = "[No Variations]"
Add component (AddParameter): Name = "Supplier 1"; Value = "Digi-Key"; VariantName = "[No Variations]"
Add component (AddParameter): Name = "Supplier Part Number 1"; Value = "160-1423-1-ND"; VariantName = "[No Variations]"
Added Component: Designator=D4(0805D-RED)
Add component. Clean all parameters for all variants
Add component (AddParameter): Name = "Reviewed by"; Value = "RM - 2018/08/05"; VariantName = "[No Variations]"
Add component (AddParameter): Name = "Revision"; Value = "July-2002: Re-released for DXP Platform."; VariantName = "[No Variations]"
Add component (AddParameter): Name = "Supplier 1"; Value = "Digi-Key"; VariantName = "[No Variations]"
Add component (AddParameter): Name = "Supplier Part Number 1"; Value = "475-1415-1-ND"; VariantName = "[No Variations]"
Added Component: Designator=D5(0805D-GREEN)
Add component. Clean all parameters for all variants
Add component (AddParameter): Name = "Reviewed by"; Value = "RM - 2018/08/05"; VariantName = "[No Variations]"
Add component (AddParameter): Name = "Revision"; Value = "July-2002: Re-released for DXP Platform."; VariantName = "[No Variations]"
Add component (AddParameter): Name = "Supplier 1"; Value = "Digi-Key"; VariantName = "[No Variations]"
Add component (AddParameter): Name = "Supplier Part Number 1"; Value = "160-1423-1-ND"; VariantName = "[No Variations]"
Added Component: Designator=D6(0805D-RED)
Add component. Clean all parameters for all variants
Add component (AddParameter): Name = "Reviewed by"; Value = "RM - 2018/08/05"; VariantName = "[No Variations]"
Add component (AddParameter): Name = "Revision"; Value = "July-2002: Re-released for DXP Platform."; VariantName = "[No Variations]"
Add component (AddParameter): Name = "Supplier 1"; Value = "Digi-Key"; VariantName = "[No Variations]"
Add component (AddParameter): Name = "Supplier Part Number 1"; Value = "475-1415-1-ND"; VariantName = "[No Variations]"
Added Component: Designator=J1(BNC_VERT)
Add component. Clean all parameters for all variants
Add component (AddParameter): Name = "Reviewed by"; Value = "RM - 2018/08/05"; VariantName = "[No Variations]"
Add component (AddParameter): Name = "Supplier 1"; Value = "Digi-Key"; VariantName = "[No Variations]"
Add component (AddParameter): Name = "Supplier Part Number 1"; Value = "A97581-ND"; VariantName = "[No Variations]"
Added Component: Designator=J2(BOXEDVERT10)
Add component. Clean all parameters for all variants
Add component (AddParameter): Name = "Reviewed by"; Value = "RM - 2018/08/05"; VariantName = "[No Variations]"
Add component (AddParameter): Name = "Supplier 1"; Value = "Digi-Key"; VariantName = "[No Variations]"
Add component (AddParameter): Name = "Supplier Part Number 1"; Value = "OR896-ND"; VariantName = "[No Variations]"
Added Component: Designator=J3(USBPLUG)
Add component. Clean all parameters for all variants
Add component (AddParameter): Name = "Reviewed by"; Value = "RM - 2018/08/05"; VariantName = "[No Variations]"
Add component (AddParameter): Name = "Supplier 1"; Value = "Digi-Key"; VariantName = "[No Variations]"
Add component (AddParameter): Name = "Supplier Part Number 1"; Value = "609-1039-ND"; VariantName = "[No Variations]"
Added Component: Designator=L1(0805)
Add component. Clean all parameters for all variants
Add component (AddParameter): Name = "Reviewed by"; Value = "RM - 2018/08/05"; VariantName = "[No Variations]"
Add component (AddParameter): Name = "Supplier 1"; Value = ""; VariantName = "[No Variations]"
Add component (AddParameter): Name = "Supplier Part Number 1"; Value = ""; VariantName = "[No Variations]"
Add component (AddParameter): Name = "Value"; Value = "300mA"; VariantName = "[No Variations]"
Added Component: Designator=L2(0805)
Add component. Clean all parameters for all variants
Add component (AddParameter): Name = "Reviewed by"; Value = "RM - 2018/08/05"; VariantName = "[No Variations]"
Add component (AddParameter): Name = "Supplier 1"; Value = ""; VariantName = "[No Variations]"
Add component (AddParameter): Name = "Supplier Part Number 1"; Value = ""; VariantName = "[No Variations]"
Add component (AddParameter): Name = "Value"; Value = "300mA"; VariantName = "[No Variations]"
Added Component: Designator=L3(0805)
Add component. Clean all parameters for all variants
Add component (AddParameter): Name = "Reviewed by"; Value = "RM - 2018/08/05"; VariantName = "[No Variations]"
Add component (AddParameter): Name = "Supplier 1"; Value = ""; VariantName = "[No Variations]"
Add component (AddParameter): Name = "Supplier Part Number 1"; Value = ""; VariantName = "[No Variations]"
Add component (AddParameter): Name = "Value"; Value = "300mA"; VariantName = "[No Variations]"
Added Component: Designator=N1(NET-TIE)
Add component. Clean all parameters for all variants
Added Component: Designator=N2(NET-TIE)
Add component. Clean all parameters for all variants
Added Component: Designator=P1(HDR3x2)
Add component. Clean all parameters for all variants
Add component (AddParameter): Name = "Reviewed by"; Value = "RM - 2018/08/05"; VariantName = "[No Variations]"
Add component (AddParameter): Name = "Supplier 1"; Value = "Digi-Key"; VariantName = "[No Variations]"
Add component (AddParameter): Name = "Supplier Part Number 1"; Value = "952-2121-ND"; VariantName = "[No Variations]"
Added Component: Designator=P2(HDR3x2)
Add component. Clean all parameters for all variants
Add component (AddParameter): Name = "Reviewed by"; Value = "RM - 2018/08/05"; VariantName = "[No Variations]"
Add component (AddParameter): Name = "Supplier 1"; Value = "Digi-Key"; VariantName = "[No Variations]"
Add component (AddParameter): Name = "Supplier Part Number 1"; Value = "952-2121-ND"; VariantName = "[No Variations]"
Added Component: Designator=R1(0805)
Add component. Clean all parameters for all variants
Add component (AddParameter): Name = "Reviewed by"; Value = "RM - 2018/08/05"; VariantName = "[No Variations]"
Add component (AddParameter): Name = "Suppler Part Number 1"; Value = ""; VariantName = "[No Variations]"
Add component (AddParameter): Name = "Supplier 1"; Value = ""; VariantName = "[No Variations]"
Add component (AddParameter): Name = "Value"; Value = "510k"; VariantName = "[No Variations]"
Added Component: Designator=R2(0805)
Add component. Clean all parameters for all variants
Add component (AddParameter): Name = "Reviewed by"; Value = "RM - 2018/08/05"; VariantName = "[No Variations]"
Add component (AddParameter): Name = "Suppler Part Number 1"; Value = ""; VariantName = "[No Variations]"
Add component (AddParameter): Name = "Supplier 1"; Value = ""; VariantName = "[No Variations]"
Add component (AddParameter): Name = "Value"; Value = "1k"; VariantName = "[No Variations]"
Added Component: Designator=R3(0805)
Add component. Clean all parameters for all variants
Add component (AddParameter): Name = "Reviewed by"; Value = "RM - 2018/08/05"; VariantName = "[No Variations]"
Add component (AddParameter): Name = "Suppler Part Number 1"; Value = ""; VariantName = "[No Variations]"
Add component (AddParameter): Name = "Supplier 1"; Value = ""; VariantName = "[No Variations]"
Add component (AddParameter): Name = "Value"; Value = "1k"; VariantName = "[No Variations]"
Added Component: Designator=R4(0805)
Add component. Clean all parameters for all variants
Add component (AddParameter): Name = "Reviewed by"; Value = "RM - 2018/08/05"; VariantName = "[No Variations]"
Add component (AddParameter): Name = "Suppler Part Number 1"; Value = ""; VariantName = "[No Variations]"
Add component (AddParameter): Name = "Supplier 1"; Value = ""; VariantName = "[No Variations]"
Add component (AddParameter): Name = "Value"; Value = "510k"; VariantName = "[No Variations]"
Added Component: Designator=R5(0805)
Add component. Clean all parameters for all variants
Add component (AddParameter): Name = "Reviewed by"; Value = "RM - 2018/08/05"; VariantName = "[No Variations]"
Add component (AddParameter): Name = "Suppler Part Number 1"; Value = ""; VariantName = "[No Variations]"
Add component (AddParameter): Name = "Supplier 1"; Value = ""; VariantName = "[No Variations]"
Add component (AddParameter): Name = "Value"; Value = "100K"; VariantName = "[No Variations]"
Added Component: Designator=R6(0805)
Add component. Clean all parameters for all variants
Add component (AddParameter): Name = "Reviewed by"; Value = "RM - 2018/08/05"; VariantName = "[No Variations]"
Add component (AddParameter): Name = "Suppler Part Number 1"; Value = ""; VariantName = "[No Variations]"
Add component (AddParameter): Name = "Supplier 1"; Value = ""; VariantName = "[No Variations]"
Add component (AddParameter): Name = "Value"; Value = "100"; VariantName = "[No Variations]"
Added Component: Designator=R7(0805)
Add component. Clean all parameters for all variants
Add component (AddParameter): Name = "Reviewed by"; Value = "RM - 2018/08/05"; VariantName = "[No Variations]"
Add component (AddParameter): Name = "Suppler Part Number 1"; Value = ""; VariantName = "[No Variations]"
Add component (AddParameter): Name = "Supplier 1"; Value = ""; VariantName = "[No Variations]"
Add component (AddParameter): Name = "Value"; Value = "100"; VariantName = "[No Variations]"
Added Component: Designator=R8(0805)
Add component. Clean all parameters for all variants
Add component (AddParameter): Name = "Reviewed by"; Value = "RM - 2018/08/05"; VariantName = "[No Variations]"
Add component (AddParameter): Name = "Suppler Part Number 1"; Value = ""; VariantName = "[No Variations]"
Add component (AddParameter): Name = "Supplier 1"; Value = ""; VariantName = "[No Variations]"
Add component (AddParameter): Name = "Value"; Value = "301"; VariantName = "[No Variations]"
Added Component: Designator=R9(0805)
Add component. Clean all parameters for all variants
Add component (AddParameter): Name = "Reviewed by"; Value = "RM - 2018/08/05"; VariantName = "[No Variations]"
Add component (AddParameter): Name = "Suppler Part Number 1"; Value = ""; VariantName = "[No Variations]"
Add component (AddParameter): Name = "Supplier 1"; Value = ""; VariantName = "[No Variations]"
Add component (AddParameter): Name = "Value"; Value = "39"; VariantName = "[No Variations]"
Added Component: Designator=R10(0805)
Add component. Clean all parameters for all variants
Add component (AddParameter): Name = "Reviewed by"; Value = "RM - 2018/08/05"; VariantName = "[No Variations]"
Add component (AddParameter): Name = "Suppler Part Number 1"; Value = ""; VariantName = "[No Variations]"
Add component (AddParameter): Name = "Supplier 1"; Value = ""; VariantName = "[No Variations]"
Add component (AddParameter): Name = "Value"; Value = "50"; VariantName = "[No Variations]"
Added Component: Designator=R11(0805)
Add component. Clean all parameters for all variants
Add component (AddParameter): Name = "Reviewed by"; Value = "RM - 2018/08/05"; VariantName = "[No Variations]"
Add component (AddParameter): Name = "Suppler Part Number 1"; Value = ""; VariantName = "[No Variations]"
Add component (AddParameter): Name = "Supplier 1"; Value = ""; VariantName = "[No Variations]"
Add component (AddParameter): Name = "Value"; Value = "330"; VariantName = "[No Variations]"
Added Component: Designator=R12(0805)
Add component. Clean all parameters for all variants
Add component (AddParameter): Name = "Reviewed by"; Value = "RM - 2018/08/05"; VariantName = "[No Variations]"
Add component (AddParameter): Name = "Suppler Part Number 1"; Value = ""; VariantName = "[No Variations]"
Add component (AddParameter): Name = "Supplier 1"; Value = ""; VariantName = "[No Variations]"
Add component (AddParameter): Name = "Value"; Value = "100k"; VariantName = "[No Variations]"
Added Component: Designator=R13(0805)
Add component. Clean all parameters for all variants
Add component (AddParameter): Name = "Reviewed by"; Value = "RM - 2018/08/05"; VariantName = "[No Variations]"
Add component (AddParameter): Name = "Suppler Part Number 1"; Value = ""; VariantName = "[No Variations]"
Add component (AddParameter): Name = "Supplier 1"; Value = ""; VariantName = "[No Variations]"
Add component (AddParameter): Name = "Value"; Value = "1k"; VariantName = "[No Variations]"
Added Component: Designator=R14(0805)
Add component. Clean all parameters for all variants
Add component (AddParameter): Name = "Reviewed by"; Value = "RM - 2018/08/05"; VariantName = "[No Variations]"
Add component (AddParameter): Name = "Suppler Part Number 1"; Value = ""; VariantName = "[No Variations]"
Add component (AddParameter): Name = "Supplier 1"; Value = ""; VariantName = "[No Variations]"
Add component (AddParameter): Name = "Value"; Value = "10k"; VariantName = "[No Variations]"
Added Component: Designator=R15(0805)
Add component. Clean all parameters for all variants
Add component (AddParameter): Name = "Reviewed by"; Value = "RM - 2018/08/05"; VariantName = "[No Variations]"
Add component (AddParameter): Name = "Suppler Part Number 1"; Value = ""; VariantName = "[No Variations]"
Add component (AddParameter): Name = "Supplier 1"; Value = ""; VariantName = "[No Variations]"
Add component (AddParameter): Name = "Value"; Value = "10k"; VariantName = "[No Variations]"
Added Component: Designator=R16(0805)
Add component. Clean all parameters for all variants
Add component (AddParameter): Name = "Reviewed by"; Value = "RM - 2018/08/05"; VariantName = "[No Variations]"
Add component (AddParameter): Name = "Suppler Part Number 1"; Value = ""; VariantName = "[No Variations]"
Add component (AddParameter): Name = "Supplier 1"; Value = ""; VariantName = "[No Variations]"
Add component (AddParameter): Name = "Value"; Value = "1k"; VariantName = "[No Variations]"
Added Component: Designator=R17(0805)
Add component. Clean all parameters for all variants
Add component (AddParameter): Name = "Reviewed by"; Value = "RM - 2018/08/05"; VariantName = "[No Variations]"
Add component (AddParameter): Name = "Suppler Part Number 1"; Value = ""; VariantName = "[No Variations]"
Add component (AddParameter): Name = "Supplier 1"; Value = ""; VariantName = "[No Variations]"
Add component (AddParameter): Name = "Value"; Value = "1k"; VariantName = "[No Variations]"
Added Component: Designator=R18(0805)
Add component. Clean all parameters for all variants
Add component (AddParameter): Name = "Reviewed by"; Value = "RM - 2018/08/05"; VariantName = "[No Variations]"
Add component (AddParameter): Name = "Suppler Part Number 1"; Value = ""; VariantName = "[No Variations]"
Add component (AddParameter): Name = "Supplier 1"; Value = ""; VariantName = "[No Variations]"
Add component (AddParameter): Name = "Value"; Value = "1k"; VariantName = "[No Variations]"
Added Component: Designator=R19(0805)
Add component. Clean all parameters for all variants
Add component (AddParameter): Name = "Reviewed by"; Value = "RM - 2018/08/05"; VariantName = "[No Variations]"
Add component (AddParameter): Name = "Suppler Part Number 1"; Value = ""; VariantName = "[No Variations]"
Add component (AddParameter): Name = "Supplier 1"; Value = ""; VariantName = "[No Variations]"
Add component (AddParameter): Name = "Value"; Value = "1k"; VariantName = "[No Variations]"
Added Component: Designator=S1(SPST PB SWITCH SMD)
Add component. Clean all parameters for all variants
Add component (AddParameter): Name = "Reviewed by"; Value = "RM - 2018/08/05"; VariantName = "[No Variations]"
Add component (AddParameter): Name = "Revision"; Value = "July-2002: Re-released for DXP Platform."; VariantName = "[No Variations]"
Add component (AddParameter): Name = "Supplier 1"; Value = "Digi-Key"; VariantName = "[No Variations]"
Add component (AddParameter): Name = "Supplier Part Number 1"; Value = "CKN9085CT-ND"; VariantName = "[No Variations]"
Added Component: Designator=S2(SPST PB SWITCH SMD)
Add component. Clean all parameters for all variants
Add component (AddParameter): Name = "Reviewed by"; Value = "RM - 2018/08/05"; VariantName = "[No Variations]"
Add component (AddParameter): Name = "Revision"; Value = "July-2002: Re-released for DXP Platform."; VariantName = "[No Variations]"
Add component (AddParameter): Name = "Supplier 1"; Value = "Digi-Key"; VariantName = "[No Variations]"
Add component (AddParameter): Name = "Supplier Part Number 1"; Value = "CKN9085CT-ND"; VariantName = "[No Variations]"
Added Component: Designator=TP1(Testpoin)
Add component. Clean all parameters for all variants
Add component (AddParameter): Name = "Mount"; Value = ""; VariantName = "[No Variations]"
Add component (AddParameter): Name = "Value"; Value = "Input"; VariantName = "[No Variations]"
Added Component: Designator=TP2(Testpoin)
Add component. Clean all parameters for all variants
Add component (AddParameter): Name = "Mount"; Value = ""; VariantName = "[No Variations]"
Add component (AddParameter): Name = "Value"; Value = "Input"; VariantName = "[No Variations]"
Added Component: Designator=TP3(Testpoin)
Add component. Clean all parameters for all variants
Add component (AddParameter): Name = "Mount"; Value = ""; VariantName = "[No Variations]"
Add component (AddParameter): Name = "Value"; Value = "Input"; VariantName = "[No Variations]"
Added Component: Designator=TP4(PIN 1.8mm)
Add component. Clean all parameters for all variants
Added Component: Designator=TP5(PIN 1.8mm)
Add component. Clean all parameters for all variants
Added Component: Designator=TP6(PIN 1.8mm)
Add component. Clean all parameters for all variants
Added Component: Designator=U1(SOIC-8)
Add component. Clean all parameters for all variants
Add component (AddParameter): Name = "Reviewed by"; Value = "RM - 2018/08/05"; VariantName = "[No Variations]"
Add component (AddParameter): Name = "Supplier 1"; Value = "Digi-Key"; VariantName = "[No Variations]"
Add component (AddParameter): Name = "Supplier Part Number 1"; Value = "LT1819CMS8#PBF-ND"; VariantName = "[No Variations]"
Added Component: Designator=U2(MSOP-8)
Add component. Clean all parameters for all variants
Add component (AddParameter): Name = "Reviewed by"; Value = "RM - 2018/08/05"; VariantName = "[No Variations]"
Add component (AddParameter): Name = "Supplier 1"; Value = "Digi-Key"; VariantName = "[No Variations]"
Add component (AddParameter): Name = "Supplier Part Number 1"; Value = "LT1819CMS8#PBF-ND"; VariantName = "[No Variations]"
Added Component: Designator=U3(SOT163-1_N)
Add component. Clean all parameters for all variants
Add component (AddParameter): Name = "Reviewed by"; Value = "RM - 2018/08/05"; VariantName = "[No Variations]"
Add component (AddParameter): Name = "Supplier 1"; Value = "Digi-Key"; VariantName = "[No Variations]"
Add component (AddParameter): Name = "Supplier Part Number 1"; Value = "296-1202-1-ND"; VariantName = "[No Variations]"
Added Component: Designator=U4(TI-DBQ20_L)
Add component. Clean all parameters for all variants
Add component (AddParameter): Name = "ComponentLink1Description"; Value = "Manufacturer URL"; VariantName = "[No Variations]"
Add component (AddParameter): Name = "ComponentLink1URL"; Value = "http://www.ti.com/"; VariantName = "[No Variations]"
Add component (AddParameter): Name = "ComponentLink2Description"; Value = "Datasheet"; VariantName = "[No Variations]"
Add component (AddParameter): Name = "ComponentLink2URL"; Value = "http://www.ti.com/general/docs/lit/getliterature.tsp?genericPartNumber=ADS830&fileType=pdf"; VariantName = "[No Variations]"
Add component (AddParameter): Name = "ComponentLink3Description"; Value = "Package Specification"; VariantName = "[No Variations]"
Add component (AddParameter): Name = "ComponentLink3URL"; Value = "http://www.ti.com/litv/pdf/mpds210a"; VariantName = "[No Variations]"
Add component (AddParameter): Name = "Reviewed by"; Value = "RM - 2018/08/05"; VariantName = "[No Variations]"
Add component (AddParameter): Name = "Supplier 1"; Value = "Digi-Key"; VariantName = "[No Variations]"
Add component (AddParameter): Name = "Supplier Part Number 1"; Value = "ADS830E-ND"; VariantName = "[No Variations]"
Added Component: Designator=U5(SOIC-8)
Add component. Clean all parameters for all variants
Add component (AddParameter): Name = "Reviewed by"; Value = "RM - 2018/08/05"; VariantName = "[No Variations]"
Add component (AddParameter): Name = "Supplier 1"; Value = "Digi-Key"; VariantName = "[No Variations]"
Add component (AddParameter): Name = "Supplier Part Number 1"; Value = "MAX9032ASA-ND"; VariantName = "[No Variations]"
Added Component: Designator=U6(SOIC-8)
Add component. Clean all parameters for all variants
Add component (AddParameter): Name = "Reviewed by"; Value = "RM - 2018/08/05"; VariantName = "[No Variations]"
Add component (AddParameter): Name = "Supplier 1"; Value = "Digi-Key"; VariantName = "[No Variations]"
Add component (AddParameter): Name = "Supplier Part Number 1"; Value = "MCP4901-E/SN-ND"; VariantName = "[No Variations]"
Added Component: Designator=U7(SOIC-16)
Add component. Clean all parameters for all variants
Add component (AddParameter): Name = "ComponentLink1Description"; Value = "Manufacturer Link"; VariantName = "[No Variations]"
Add component (AddParameter): Name = "ComponentLink1URL"; Value = "http://www.st.com/"; VariantName = "[No Variations]"
Add component (AddParameter): Name = "ComponentLink2Description"; Value = "Datasheet"; VariantName = "[No Variations]"
Add component (AddParameter): Name = "ComponentLink2URL"; Value = "http://www.st.com/stonline/products/literature/ds/1986/m74hc590.pdf"; VariantName = "[No Variations]"
Add component (AddParameter): Name = "Reviewed by"; Value = "RM - 2018/08/05"; VariantName = "[No Variations]"
Add component (AddParameter): Name = "Supplier 1"; Value = "Digi-Key"; VariantName = "[No Variations]"
Add component (AddParameter): Name = "Supplier Part Number 1"; Value = "296-17132-1-ND"; VariantName = "[No Variations]"
Added Component: Designator=U8(SOIC-16)
Add component. Clean all parameters for all variants
Add component (AddParameter): Name = "ComponentLink1Description"; Value = "Manufacturer Link"; VariantName = "[No Variations]"
Add component (AddParameter): Name = "ComponentLink1URL"; Value = "http://www.st.com/"; VariantName = "[No Variations]"
Add component (AddParameter): Name = "ComponentLink2Description"; Value = "Datasheet"; VariantName = "[No Variations]"
Add component (AddParameter): Name = "ComponentLink2URL"; Value = "http://www.st.com/stonline/products/literature/ds/1986/m74hc590.pdf"; VariantName = "[No Variations]"
Add component (AddParameter): Name = "Reviewed by"; Value = "RM - 2018/08/05"; VariantName = "[No Variations]"
Add component (AddParameter): Name = "Supplier 1"; Value = "Digi-Key"; VariantName = "[No Variations]"
Add component (AddParameter): Name = "Supplier Part Number 1"; Value = "296-17132-1-ND"; VariantName = "[No Variations]"
Added Component: Designator=U9(TSOP-32)
Add component. Clean all parameters for all variants
Add component (AddParameter): Name = "Reviewed by"; Value = "RM - 2018/08/05"; VariantName = "[No Variations]"
Add component (AddParameter): Name = "Supplier 1"; Value = "Digi-Key"; VariantName = "[No Variations]"
Add component (AddParameter): Name = "Supplier Part Number 1"; Value = "428-1967-ND"; VariantName = "[No Variations]"
Added Component: Designator=U10(SOIC-8)
Add component. Clean all parameters for all variants
Add component (AddParameter): Name = "Reviewed by"; Value = "RM - 2018/08/05"; VariantName = "[No Variations]"
Add component (AddParameter): Name = "Supplier 1"; Value = "Digi-Key"; VariantName = "[No Variations]"
Add component (AddParameter): Name = "Supplier Part Number 1"; Value = "PT7C4511WEXDICT-ND"; VariantName = "[No Variations]"
Added Component: Designator=U11(QFP-48)
Add component. Clean all parameters for all variants
Add component (AddParameter): Name = "Reviewed by"; Value = "RM - 2018/08/05"; VariantName = "[No Variations]"
Add component (AddParameter): Name = "Supplier 1"; Value = "Digi-Key"; VariantName = "[No Variations]"
Add component (AddParameter): Name = "Supplier Part Number 1"; Value = "ATMEGA16A-AU-ND"; VariantName = "[No Variations]"
Added Component: Designator=U12(SSOP-28)
Add component. Clean all parameters for all variants
Add component (AddParameter): Name = "Reviewed by"; Value = "RM - 2018/08/05"; VariantName = "[No Variations]"
Add component (AddParameter): Name = "Supplier 1"; Value = "Digi-Key"; VariantName = "[No Variations]"
Add component (AddParameter): Name = "Supplier Part Number 1"; Value = "768-1007-1-ND"; VariantName = "[No Variations]"
Added Component: Designator=U13(SOIC-8)
Add component. Clean all parameters for all variants
Add component (AddParameter): Name = "Reviewed by"; Value = "RM - 2018/08/05"; VariantName = "[No Variations]"
Add component (AddParameter): Name = "Supplier 1"; Value = "Digi-Key"; VariantName = "[No Variations]"
Add component (AddParameter): Name = "Supplier Part Number 1"; Value = "336-1755-5-ND"; VariantName = "[No Variations]"
Added Component: Designator=U14(SOT89)
Add component. Clean all parameters for all variants
Add component (AddParameter): Name = "Reviewed by"; Value = "RM - 2018/08/05"; VariantName = "[No Variations]"
Add component (AddParameter): Name = "Supplier 1"; Value = "Digi-Key"; VariantName = "[No Variations]"
Add component (AddParameter): Name = "Supplier Part Number 1"; Value = "MCP1700T3302EMBCT-ND"; VariantName = "[No Variations]"
Added Component: Designator=U15(SIP_NMG)
Add component. Clean all parameters for all variants
Add component (AddParameter): Name = "Reviewed by"; Value = "RM - 2018/08/05"; VariantName = "[No Variations]"
Add component (AddParameter): Name = "Supplier 1"; Value = "Digi-Key"; VariantName = "[No Variations]"
Add component (AddParameter): Name = "Supplier Part Number 1"; Value = "945-1136-ND"; VariantName = "[No Variations]"
Added Component: Designator=U16(VQ44_L)
Add component. Clean all parameters for all variants
Add component (AddParameter): Name = "Reviewed by"; Value = "RM - 2018/08/05"; VariantName = "[No Variations]"
Add component (AddParameter): Name = "Supplier 1"; Value = "Digi-Key"; VariantName = "[No Variations]"
Add component (AddParameter): Name = "Supplier Part Number 1"; Value = "122-1385-ND"; VariantName = "[No Variations]"
Added Component: Designator=X1(XTAL_FLAT_SMD)
Add component. Clean all parameters for all variants
Add component (AddParameter): Name = "Reviewed by"; Value = "RM - 2018/08/05"; VariantName = "[No Variations]"
Add component (AddParameter): Name = "Revision"; Value = "July-2002: Re-released for DXP Platform."; VariantName = "[No Variations]"
Add component (AddParameter): Name = "Supplier 1"; Value = "Digi-Key"; VariantName = "[No Variations]"
Add component (AddParameter): Name = "Supplier Part Number 1"; Value = "887-1080-1-ND"; VariantName = "[No Variations]"
Added Pin To Net: NetName=CH1_NORM Pin=C7-1
Added Pin To Net: NetName=VCC Pin=C18-1
Added Pin To Net: NetName=GND Pin=C18-2
Added Pin To Net: NetName=VCC Pin=C19-1
Added Pin To Net: NetName=GND Pin=C19-2
Added Pin To Net: NetName=VCC Pin=C20-1
Added Pin To Net: NetName=GND Pin=C20-2
Added Pin To Net: NetName=VCC Pin=C21-1
Added Pin To Net: NetName=GND Pin=C21-2
Added Pin To Net: NetName=VCC Pin=C22-1
Added Pin To Net: NetName=GND Pin=C22-2
Added Pin To Net: NetName=VCC Pin=C23-1
Added Pin To Net: NetName=GND Pin=C23-2
Added Pin To Net: NetName=GND Pin=C26-2
Added Pin To Net: NetName=XTAL2 Pin=C27-1
Added Pin To Net: NetName=XTAL1 Pin=C28-1
Added Pin To Net: NetName=RST Pin=C29-1
Added Pin To Net: NetName=USBGND Pin=C38-2
Added Pin To Net: NetName=3V3 Pin=C39-1
Added Pin To Net: NetName=USBGND Pin=C39-2
Added Pin To Net: NetName=USBVCC Pin=C40-1
Added Pin To Net: NetName=USBGND Pin=C40-2
Added Pin To Net: NetName=USBVCC Pin=C41-1
Added Pin To Net: NetName=USBGND Pin=C41-2
Added Pin To Net: NetName=USBVCC Pin=C42-1
Added Pin To Net: NetName=USBGND Pin=C42-2
Added Pin To Net: NetName=USBVCC Pin=C43-1
Added Pin To Net: NetName=USBGND Pin=C43-2
Added Pin To Net: NetName=USBVCC Pin=C45-1
Added Pin To Net: NetName=USBGND Pin=C45-2
Added Pin To Net: NetName=USBGND Pin=C46-2
Added Pin To Net: NetName=GND Pin=C48-2
Added Pin To Net: NetName=GND Pin=C49-2
Added Pin To Net: NetName=GND Pin=C50-1
Added Pin To Net: NetName=GND Pin=C51-1
Added Pin To Net: NetName=USBVCC Pin=D3-A
Added Pin To Net: NetName=USBVCC Pin=D4-A
Added Pin To Net: NetName=TCK Pin=J2-1
Added Pin To Net: NetName=TDO Pin=J2-3
Added Pin To Net: NetName=TMS Pin=J2-5
Added Pin To Net: NetName=TDI Pin=J2-9
Added Pin To Net: NetName=USBVCC Pin=J3-1
Added Pin To Net: NetName=USBGND Pin=J3-4
Added Pin To Net: NetName=USBVCC Pin=L1-1
Added Pin To Net: NetName=USBVCC Pin=L2-2
Added Pin To Net: NetName=GND Pin=N1-0
Added Pin To Net: NetName=GND Pin=N2-0
Added Pin To Net: NetName=SLA Pin=P1-1
Added Pin To Net: NetName=SCK Pin=P1-3
Added Pin To Net: NetName=SDA Pin=P1-4
Added Pin To Net: NetName=RST Pin=P1-5
Added Pin To Net: NetName=GND Pin=P1-6
Added Pin To Net: NetName=CPLD_TDI Pin=P2-2
Added Pin To Net: NetName=CPLD_TD0 Pin=P2-4
Added Pin To Net: NetName=CPLD_TMS Pin=P2-5
Added Pin To Net: NetName=CPLD_TCK Pin=P2-6
Added Pin To Net: NetName=CH1_NORM Pin=R9-1
Added Pin To Net: NetName=RST Pin=R14-1
Added Pin To Net: NetName=TXLED Pin=R16-1
Added Pin To Net: NetName=RXLED Pin=R17-1
Added Pin To Net: NetName=GND Pin=R18-1
Added Pin To Net: NetName=GND Pin=R19-1
Added Pin To Net: NetName=RST Pin=S1-1
Added Pin To Net: NetName=RST Pin=S1-1
Added Pin To Net: NetName=CH1_NORM Pin=TP2-1
Added Pin To Net: NetName=ADC_CLK Pin=TP3-1
Added Pin To Net: NetName=ADC_D7 Pin=U3-11
Added Pin To Net: NetName=ADC_D6 Pin=U3-12
Added Pin To Net: NetName=ADC_D5 Pin=U3-13
Added Pin To Net: NetName=ADC_D4 Pin=U3-14
Added Pin To Net: NetName=ADC_D3 Pin=U3-15
Added Pin To Net: NetName=ADC_D2 Pin=U3-16
Added Pin To Net: NetName=ADC_D1 Pin=U3-17
Added Pin To Net: NetName=ADC_D0 Pin=U3-18
Added Pin To Net: NetName=ADC_CLK Pin=U4-10
Added Pin To Net: NetName=CH1_NORM Pin=U4-17
Added Pin To Net: NetName=CH1_NORM Pin=U5-3
Added Pin To Net: NetName=SCK Pin=U6-3
Added Pin To Net: NetName=SDA Pin=U6-4
Added Pin To Net: NetName=GND Pin=U6-7
Added Pin To Net: NetName=ADC_A1 Pin=U7-1
Added Pin To Net: NetName=ADC_A2 Pin=U7-2
Added Pin To Net: NetName=ADC_A3 Pin=U7-3
Added Pin To Net: NetName=ADC_A4 Pin=U7-4
Added Pin To Net: NetName=ADC_A5 Pin=U7-5
Added Pin To Net: NetName=ADC_A6 Pin=U7-6
Added Pin To Net: NetName=ADC_A7 Pin=U7-7
Added Pin To Net: NetName=OVERFLOW Pin=U7-9
Added Pin To Net: NetName=CLEAR_COUNT Pin=U7-10
Added Pin To Net: NetName=COUNTER_CLK Pin=U7-11
Added Pin To Net: NetName=ENABLE_COUNT Pin=U7-12
Added Pin To Net: NetName=COUNTER_CLK Pin=U7-13
Added Pin To Net: NetName=ADC_A0 Pin=U7-15
Added Pin To Net: NetName=ADC_A9 Pin=U8-1
Added Pin To Net: NetName=ADC_A10 Pin=U8-2
Added Pin To Net: NetName=ADC_A11 Pin=U8-3
Added Pin To Net: NetName=ADC_A12 Pin=U8-4
Added Pin To Net: NetName=ADC_A13 Pin=U8-5
Added Pin To Net: NetName=ADC_A14 Pin=U8-6
Added Pin To Net: NetName=ADC_A15 Pin=U8-7
Added Pin To Net: NetName=FULL Pin=U8-9
Added Pin To Net: NetName=CLEAR_COUNT Pin=U8-10
Added Pin To Net: NetName=OVERFLOW Pin=U8-11
Added Pin To Net: NetName=ENABLE_COUNT Pin=U8-12
Added Pin To Net: NetName=COUNTER_CLK Pin=U8-13
Added Pin To Net: NetName=ADC_A8 Pin=U8-15
Added Pin To Net: NetName=ADC_A7 Pin=U9-1
Added Pin To Net: NetName=ADC_A6 Pin=U9-2
Added Pin To Net: NetName=ADC_A5 Pin=U9-3
Added Pin To Net: NetName=ADC_A4 Pin=U9-4
Added Pin To Net: NetName=ADC_D0 Pin=U9-6
Added Pin To Net: NetName=ADC_D1 Pin=U9-7
Added Pin To Net: NetName=ADC_D2 Pin=U9-10
Added Pin To Net: NetName=ADC_D3 Pin=U9-11
Added Pin To Net: NetName=ADC_CLK Pin=U9-12
Added Pin To Net: NetName=ADC_A3 Pin=U9-13
Added Pin To Net: NetName=ADC_A2 Pin=U9-14
Added Pin To Net: NetName=ADC_A1 Pin=U9-15
Added Pin To Net: NetName=ADC_A0 Pin=U9-16
Added Pin To Net: NetName=ADC_A15 Pin=U9-17
Added Pin To Net: NetName=ADC_A14 Pin=U9-18
Added Pin To Net: NetName=ADC_A13 Pin=U9-19
Added Pin To Net: NetName=ADC_A12 Pin=U9-20
Added Pin To Net: NetName=ADC_A11 Pin=U9-21
Added Pin To Net: NetName=ADC_D4 Pin=U9-22
Added Pin To Net: NetName=ADC_D5 Pin=U9-23
Added Pin To Net: NetName=ADC_D6 Pin=U9-26
Added Pin To Net: NetName=ADC_D7 Pin=U9-27
Added Pin To Net: NetName=R\A\M\_\R\E\A\D\ Pin=U9-28
Added Pin To Net: NetName=ADC_A10 Pin=U9-29
Added Pin To Net: NetName=ADC_A9 Pin=U9-30
Added Pin To Net: NetName=ADC_A8 Pin=U9-31
Added Pin To Net: NetName=GND Pin=U10-3
Added Pin To Net: NetName=SDA Pin=U11-1
Added Pin To Net: NetName=SLA Pin=U11-2
Added Pin To Net: NetName=SCK Pin=U11-3
Added Pin To Net: NetName=RST Pin=U11-4
Added Pin To Net: NetName=XTAL2 Pin=U11-7
Added Pin To Net: NetName=XTAL1 Pin=U11-8
Added Pin To Net: NetName=FILL_COMP Pin=U11-11
Added Pin To Net: NetName=TCK Pin=U11-21
Added Pin To Net: NetName=TMS Pin=U11-22
Added Pin To Net: NetName=TDO Pin=U11-23
Added Pin To Net: NetName=TDI Pin=U11-24
Added Pin To Net: NetName=RX_ISO Pin=U12-1
Added Pin To Net: NetName=USBVCC Pin=U12-4
Added Pin To Net: NetName=TX_ISO Pin=U12-5
Added Pin To Net: NetName=USBGND Pin=U12-7
Added Pin To Net: NetName=3V3 Pin=U12-17
Added Pin To Net: NetName=USBGND Pin=U12-18
Added Pin To Net: NetName=USBVCC Pin=U12-20
Added Pin To Net: NetName=USBGND Pin=U12-21
Added Pin To Net: NetName=RXLED Pin=U12-22
Added Pin To Net: NetName=TXLED Pin=U12-23
Added Pin To Net: NetName=USBGND Pin=U12-25
Added Pin To Net: NetName=USBGND Pin=U12-26
Added Pin To Net: NetName=USBVCC Pin=U13-1
Added Pin To Net: NetName=RX_ISO Pin=U13-2
Added Pin To Net: NetName=TX_ISO Pin=U13-3
Added Pin To Net: NetName=USBGND Pin=U13-4
Added Pin To Net: NetName=USBGND Pin=U15-2
Added Pin To Net: NetName=R\A\M\_\R\E\A\D\ Pin=U16-6
Added Pin To Net: NetName=FULL Pin=U16-7
Added Pin To Net: NetName=CPLD_TDI Pin=U16-9
Added Pin To Net: NetName=CPLD_TMS Pin=U16-10
Added Pin To Net: NetName=CPLD_TCK Pin=U16-11
Added Pin To Net: NetName=CPLD_TD0 Pin=U16-24
Added Pin To Net: NetName=FILL_COMP Pin=U16-28
Added Pin To Net: NetName=COUNTER_CLK Pin=U16-29
Added Pin To Net: NetName=ENABLE_COUNT Pin=U16-30
Added Pin To Net: NetName=CLEAR_COUNT Pin=U16-31
Added Pin To Net: NetName=ADC_CLK Pin=U16-41
Added Pin To Net: NetName=XTAL2 Pin=X1-1
Added Pin To Net: NetName=XTAL1 Pin=X1-2
Added Pin To Net: NetName=+5V Pin=U6-6
Added Net: Name=+5V
Added Pin To Net: NetName=ADC_CM Pin=C14-2
Added Pin To Net: NetName=ADC_CM Pin=U4-15
Added Pin To Net: NetName=ADC_CM Pin=U4-16
Added Net: Name=ADC_CM
Added Pin To Net: NetName=ADC_EXT Pin=C7-2
Added Pin To Net: NetName=ADC_EXT Pin=C8-1
Added Pin To Net: NetName=ADC_EXT Pin=C12-1
Added Pin To Net: NetName=ADC_EXT Pin=C13-1
Added Pin To Net: NetName=ADC_EXT Pin=C14-1
Added Pin To Net: NetName=ADC_EXT Pin=C17-2
Added Pin To Net: NetName=ADC_EXT Pin=C24-2
Added Pin To Net: NetName=ADC_EXT Pin=C25-2
Added Pin To Net: NetName=ADC_EXT Pin=C27-2
Added Pin To Net: NetName=ADC_EXT Pin=C28-2
Added Pin To Net: NetName=ADC_EXT Pin=C29-2
Added Pin To Net: NetName=ADC_EXT Pin=C30-2
Added Pin To Net: NetName=ADC_EXT Pin=C31-2
Added Pin To Net: NetName=ADC_EXT Pin=C32-2
Added Pin To Net: NetName=ADC_EXT Pin=C33-2
Added Pin To Net: NetName=ADC_EXT Pin=C34-2
Added Pin To Net: NetName=ADC_EXT Pin=C35-2
Added Pin To Net: NetName=ADC_EXT Pin=C36-2
Added Pin To Net: NetName=ADC_EXT Pin=C37-2
Added Pin To Net: NetName=ADC_EXT Pin=C44-2
Added Pin To Net: NetName=ADC_EXT Pin=C47-2
Added Pin To Net: NetName=ADC_EXT Pin=C52-2
Added Pin To Net: NetName=ADC_EXT Pin=C53-2
Added Pin To Net: NetName=ADC_EXT Pin=C54-2
Added Pin To Net: NetName=ADC_EXT Pin=C55-2
Added Pin To Net: NetName=ADC_EXT Pin=J2-2
Added Pin To Net: NetName=ADC_EXT Pin=J2-10
Added Pin To Net: NetName=ADC_EXT Pin=P2-1
Added Pin To Net: NetName=ADC_EXT Pin=R12-2
Added Pin To Net: NetName=ADC_EXT Pin=S1-2
Added Pin To Net: NetName=ADC_EXT Pin=S1-2
Added Pin To Net: NetName=ADC_EXT Pin=S2-2
Added Pin To Net: NetName=ADC_EXT Pin=S2-2
Added Pin To Net: NetName=ADC_EXT Pin=U3-10
Added Pin To Net: NetName=ADC_EXT Pin=U4-1
Added Pin To Net: NetName=ADC_EXT Pin=U4-12
Added Pin To Net: NetName=ADC_EXT Pin=U4-18
Added Pin To Net: NetName=ADC_EXT Pin=U5-4
Added Pin To Net: NetName=ADC_EXT Pin=U6-5
Added Pin To Net: NetName=ADC_EXT Pin=U7-8
Added Pin To Net: NetName=ADC_EXT Pin=U7-14
Added Pin To Net: NetName=ADC_EXT Pin=U8-8
Added Pin To Net: NetName=ADC_EXT Pin=U8-14
Added Pin To Net: NetName=ADC_EXT Pin=U9-5
Added Pin To Net: NetName=ADC_EXT Pin=U9-9
Added Pin To Net: NetName=ADC_EXT Pin=U9-25
Added Pin To Net: NetName=ADC_EXT Pin=U11-6
Added Pin To Net: NetName=ADC_EXT Pin=U11-18
Added Pin To Net: NetName=ADC_EXT Pin=U11-28
Added Pin To Net: NetName=ADC_EXT Pin=U11-39
Added Pin To Net: NetName=ADC_EXT Pin=U13-5
Added Pin To Net: NetName=ADC_EXT Pin=U14-1
Added Pin To Net: NetName=ADC_EXT Pin=U16-4
Added Pin To Net: NetName=ADC_EXT Pin=U16-8
Added Pin To Net: NetName=ADC_EXT Pin=U16-13
Added Pin To Net: NetName=ADC_EXT Pin=U16-14
Added Pin To Net: NetName=ADC_EXT Pin=U16-16
Added Pin To Net: NetName=ADC_EXT Pin=U16-17
Added Pin To Net: NetName=ADC_EXT Pin=U16-18
Added Pin To Net: NetName=ADC_EXT Pin=U16-19
Added Pin To Net: NetName=ADC_EXT Pin=U16-20
Added Pin To Net: NetName=ADC_EXT Pin=U16-21
Added Pin To Net: NetName=ADC_EXT Pin=U16-22
Added Pin To Net: NetName=ADC_EXT Pin=U16-23
Added Pin To Net: NetName=ADC_EXT Pin=U16-25
Added Pin To Net: NetName=ADC_EXT Pin=U16-27
Added Pin To Net: NetName=ADC_EXT Pin=U16-32
Added Pin To Net: NetName=ADC_EXT Pin=U16-33
Added Pin To Net: NetName=ADC_EXT Pin=U16-34
Added Pin To Net: NetName=ADC_EXT Pin=U16-36
Added Pin To Net: NetName=ADC_EXT Pin=U16-37
Added Pin To Net: NetName=ADC_EXT Pin=U16-38
Added Pin To Net: NetName=ADC_EXT Pin=U16-39
Added Pin To Net: NetName=ADC_EXT Pin=U16-40
Added Pin To Net: NetName=ADC_EXT Pin=U16-42
Added Net: Name=ADC_EXT
Added Pin To Net: NetName=ADC_REFB Pin=C8-2
Added Pin To Net: NetName=ADC_REFB Pin=C12-2
Added Pin To Net: NetName=ADC_REFB Pin=R10-1
Added Pin To Net: NetName=ADC_REFB Pin=U4-13
Added Net: Name=ADC_REFB
Added Pin To Net: NetName=ADC_REFT Pin=C13-2
Added Pin To Net: NetName=ADC_REFT Pin=U4-14
Added Net: Name=ADC_REFT
Added Pin To Net: NetName=ADC_RSEL Pin=C6-1
Added Pin To Net: NetName=ADC_RSEL Pin=C10-1
Added Pin To Net: NetName=ADC_RSEL Pin=C15-1
Added Pin To Net: NetName=ADC_RSEL Pin=C16-1
Added Pin To Net: NetName=ADC_RSEL Pin=C49-1
Added Pin To Net: NetName=ADC_RSEL Pin=D1-K
Added Pin To Net: NetName=ADC_RSEL Pin=D5-A
Added Pin To Net: NetName=ADC_RSEL Pin=L3-1
Added Pin To Net: NetName=ADC_RSEL Pin=U1-8
Added Pin To Net: NetName=ADC_RSEL Pin=U2-8
Added Pin To Net: NetName=ADC_RSEL Pin=U4-11
Added Pin To Net: NetName=ADC_RSEL Pin=U4-19
Added Pin To Net: NetName=ADC_RSEL Pin=U6-1
Added Net: Name=ADC_RSEL
Added Pin To Net: NetName=AGND Pin=C3-2
Added Pin To Net: NetName=AGND Pin=C4-2
Added Pin To Net: NetName=AGND Pin=C5-2
Added Pin To Net: NetName=AGND Pin=C6-2
Added Pin To Net: NetName=AGND Pin=C10-2
Added Pin To Net: NetName=AGND Pin=C11-2
Added Pin To Net: NetName=AGND Pin=C15-2
Added Pin To Net: NetName=AGND Pin=C16-2
Added Pin To Net: NetName=AGND Pin=J1-2
Added Pin To Net: NetName=AGND Pin=J1-3
Added Pin To Net: NetName=AGND Pin=J1-4
Added Pin To Net: NetName=AGND Pin=J1-5
Added Pin To Net: NetName=AGND Pin=N1-1
Added Pin To Net: NetName=AGND Pin=N2-1
Added Pin To Net: NetName=AGND Pin=R4-1
Added Pin To Net: NetName=AGND Pin=R5-1
Added Net: Name=AGND
Added Pin To Net: NetName=AVEE Pin=C5-1
Added Pin To Net: NetName=AVEE Pin=C11-1
Added Pin To Net: NetName=AVEE Pin=C51-2
Added Pin To Net: NetName=AVEE Pin=D2-A
Added Pin To Net: NetName=AVEE Pin=D6-A
Added Pin To Net: NetName=AVEE Pin=U1-4
Added Pin To Net: NetName=AVEE Pin=U2-4
Added Net: Name=AVEE
Added Pin To Net: NetName=CH1_BUF Pin=R8-2
Added Pin To Net: NetName=CH1_BUF Pin=TP1-1
Added Net: Name=CH1_BUF
Added Pin To Net: NetName=Clk_S0 Pin=U10-6
Added Pin To Net: NetName=Clk_S0 Pin=U11-40
Added Net: Name=Clk_S0
Added Pin To Net: NetName=Clk_S1 Pin=U10-4
Added Pin To Net: NetName=Clk_S1 Pin=U11-41
Added Net: Name=Clk_S1
Added Pin To Net: NetName=DAC_OUT Pin=U5-2
Added Pin To Net: NetName=DAC_OUT Pin=U6-8
Added Net: Name=DAC_OUT
Added Pin To Net: NetName=EDGE_SW Pin=U11-42
Added Pin To Net: NetName=EDGE_SW Pin=U16-5
Added Net: Name=EDGE_SW
Added Pin To Net: NetName=ENABLE Pin=U11-20
Added Pin To Net: NetName=ENABLE Pin=U16-1
Added Net: Name=ENABLE
Added Pin To Net: NetName=FAST_CLK Pin=U10-5
Added Pin To Net: NetName=FAST_CLK Pin=U16-44
Added Net: Name=FAST_CLK
Added Pin To Net: NetName=FORCE Pin=U11-25
Added Pin To Net: NetName=FORCE Pin=U16-2
Added Net: Name=FORCE
Added Pin To Net: NetName=IN_CLK Pin=U10-1
Added Pin To Net: NetName=IN_CLK Pin=U11-16
Added Net: Name=IN_CLK
Added Pin To Net: NetName=MCU_RX Pin=U11-9
Added Pin To Net: NetName=MCU_RX Pin=U13-7
Added Net: Name=MCU_RX
Added Pin To Net: NetName=MCU_TX Pin=U11-10
Added Pin To Net: NetName=MCU_TX Pin=U13-6
Added Net: Name=MCU_TX
Added Pin To Net: NetName=MUC_TRI Pin=C30-1
Added Pin To Net: NetName=MUC_TRI Pin=U11-13
Added Net: Name=MUC_TRI
Added Pin To Net: NetName=NetC1_2 Pin=C1-2
Added Pin To Net: NetName=NetC1_2 Pin=C3-1
Added Pin To Net: NetName=NetC1_2 Pin=U1-3
Added Net: Name=NetC1_2
Added Pin To Net: NetName=NetC2_2 Pin=C2-2
Added Pin To Net: NetName=NetC2_2 Pin=R2-1
Added Pin To Net: NetName=NetC2_2 Pin=R3-2
Added Net: Name=NetC2_2
Added Pin To Net: NetName=NetC4_1 Pin=C4-1
Added Pin To Net: NetName=NetC4_1 Pin=R3-1
Added Pin To Net: NetName=NetC4_1 Pin=U1-5
Added Net: Name=NetC4_1
Added Pin To Net: NetName=NetC9_1 Pin=C9-1
Added Pin To Net: NetName=NetC9_1 Pin=R11-1
Added Pin To Net: NetName=NetC9_1 Pin=R13-2
Added Pin To Net: NetName=NetC9_1 Pin=U2-7
Added Net: Name=NetC9_1
Added Pin To Net: NetName=NetC9_2 Pin=C9-2
Added Pin To Net: NetName=NetC9_2 Pin=R13-1
Added Pin To Net: NetName=NetC9_2 Pin=U2-6
Added Net: Name=NetC9_2
Added Pin To Net: NetName=NetC38_1 Pin=C38-1
Added Pin To Net: NetName=NetC38_1 Pin=L1-2
Added Net: Name=NetC38_1
Added Pin To Net: NetName=NetD3_K Pin=D3-K
Added Pin To Net: NetName=NetD3_K Pin=R16-2
Added Net: Name=NetD3_K
Added Pin To Net: NetName=NetD4_K Pin=D4-K
Added Pin To Net: NetName=NetD4_K Pin=R17-2
Added Net: Name=NetD4_K
Added Pin To Net: NetName=NetD5_K Pin=D5-K
Added Pin To Net: NetName=NetD5_K Pin=R18-2
Added Net: Name=NetD5_K
Added Pin To Net: NetName=NetD6_K Pin=D6-K
Added Pin To Net: NetName=NetD6_K Pin=R19-2
Added Net: Name=NetD6_K
Added Pin To Net: NetName=NetR1_1 Pin=R1-1
Added Pin To Net: NetName=NetR1_1 Pin=R4-2
Added Net: Name=NetR1_1
Added Pin To Net: NetName=NetR6_2 Pin=R6-2
Added Pin To Net: NetName=NetR6_2 Pin=U1-6
Added Net: Name=NetR6_2
Added Pin To Net: NetName=NetR7_1 Pin=R7-1
Added Pin To Net: NetName=NetR7_1 Pin=R9-2
Added Pin To Net: NetName=NetR7_1 Pin=U2-1
Added Net: Name=NetR7_1
Added Pin To Net: NetName=NetR7_2 Pin=R7-2
Added Pin To Net: NetName=NetR7_2 Pin=R8-1
Added Pin To Net: NetName=NetR7_2 Pin=U2-2
Added Net: Name=NetR7_2
Added Pin To Net: NetName=NetR10_2 Pin=R10-2
Added Pin To Net: NetName=NetR10_2 Pin=U2-5
Added Net: Name=NetR10_2
Added Pin To Net: NetName=NetR11_2 Pin=R11-2
Added Pin To Net: NetName=NetR11_2 Pin=R12-1
Added Pin To Net: NetName=NetR11_2 Pin=U2-3
Added Net: Name=NetR11_2
Added Pin To Net: NetName=NetR15_1 Pin=R15-1
Added Pin To Net: NetName=NetR15_1 Pin=S2-1
Added Pin To Net: NetName=NetR15_1 Pin=S2-1
Added Net: Name=NetR15_1
Added Pin To Net: NetName=NetU3_2 Pin=U3-2
Added Pin To Net: NetName=NetU3_2 Pin=U4-2
Added Net: Name=NetU3_2
Added Pin To Net: NetName=NetU3_3 Pin=U3-3
Added Pin To Net: NetName=NetU3_3 Pin=U4-3
Added Net: Name=NetU3_3
Added Pin To Net: NetName=NetU3_4 Pin=U3-4
Added Pin To Net: NetName=NetU3_4 Pin=U4-4
Added Net: Name=NetU3_4
Added Pin To Net: NetName=NetU3_5 Pin=U3-5
Added Pin To Net: NetName=NetU3_5 Pin=U4-5
Added Net: Name=NetU3_5
Added Pin To Net: NetName=NetU3_6 Pin=U3-6
Added Pin To Net: NetName=NetU3_6 Pin=U4-6
Added Net: Name=NetU3_6
Added Pin To Net: NetName=NetU3_7 Pin=U3-7
Added Pin To Net: NetName=NetU3_7 Pin=U4-7
Added Net: Name=NetU3_7
Added Pin To Net: NetName=NetU3_8 Pin=U3-8
Added Pin To Net: NetName=NetU3_8 Pin=U4-8
Added Net: Name=NetU3_8
Added Pin To Net: NetName=NetU3_9 Pin=U3-9
Added Pin To Net: NetName=NetU3_9 Pin=U4-9
Added Net: Name=NetU3_9
Added Pin To Net: NetName=Out_buf Pin=R2-2
Added Pin To Net: NetName=Out_buf Pin=U1-1
Added Pin To Net: NetName=Out_buf Pin=U1-2
Added Net: Name=Out_buf
Added Pin To Net: NetName=out_CLAMP Pin=C1-1
Added Pin To Net: NetName=out_CLAMP Pin=D1-A
Added Pin To Net: NetName=out_CLAMP Pin=D2-K
Added Pin To Net: NetName=out_CLAMP Pin=J1-1
Added Pin To Net: NetName=out_CLAMP Pin=R1-2
Added Net: Name=out_CLAMP
Added Pin To Net: NetName=Out_filter Pin=C2-1
Added Pin To Net: NetName=Out_filter Pin=R5-2
Added Pin To Net: NetName=Out_filter Pin=R6-1
Added Pin To Net: NetName=Out_filter Pin=U1-7
Added Net: Name=Out_filter
Added Pin To Net: NetName=RAM_READ_IN Pin=U16-3
Added Net: Name=RAM_READ_IN
Added Pin To Net: NetName=RAM_READ Pin=U3-1
Added Pin To Net: NetName=RAM_READ Pin=U3-19
Added Pin To Net: NetName=RAM_READ Pin=U11-43
Added Net: Name=RAM_READ
Added Pin To Net: NetName=RD_COM Pin=TP5-1
Added Pin To Net: NetName=RD_COM Pin=U15-4
Added Net: Name=RD_COM
Added Pin To Net: NetName=RD_Vout- Pin=C50-2
Added Pin To Net: NetName=RD_Vout- Pin=TP6-1
Added Pin To Net: NetName=RD_Vout- Pin=U15-3
Added Net: Name=RD_Vout-
Added Pin To Net: NetName=RD_Vout Pin=C48-1
Added Pin To Net: NetName=RD_Vout Pin=L3-2
Added Pin To Net: NetName=RD_Vout Pin=TP4-1
Added Pin To Net: NetName=RD_Vout Pin=U14-2
Added Pin To Net: NetName=RD_Vout Pin=U15-5
Added Net: Name=RD_Vout
Added Pin To Net: NetName=SLOW_CLK Pin=U11-14
Added Pin To Net: NetName=SLOW_CLK Pin=U16-43
Added Net: Name=SLOW_CLK
Added Pin To Net: NetName=T_CS Pin=U6-2
Added Pin To Net: NetName=T_CS Pin=U11-12
Added Net: Name=T_CS
Added Pin To Net: NetName=TRIG_IN Pin=U16-12
Added Net: Name=TRIG_IN
Added Pin To Net: NetName=TRIG_OUT Pin=U5-1
Added Net: Name=TRIG_OUT
Added Pin To Net: NetName=USB_N Pin=J3-2
Added Net: Name=USB_N
Added Pin To Net: NetName=USB_P Pin=J3-3
Added Net: Name=USB_P
Added Pin To Net: NetName=USBD_N Pin=U12-16
Added Net: Name=USBD_N
Added Pin To Net: NetName=USBD_P Pin=U12-15
Added Net: Name=USBD_P
Added Pin To Net: NetName=USBVCCO Pin=C46-1
Added Pin To Net: NetName=USBVCCO Pin=L2-1
Added Pin To Net: NetName=USBVCCO Pin=U15-1
Added Net: Name=USBVCCO
Added Pin To Net: NetName=VDRV Pin=C17-1
Added Pin To Net: NetName=VDRV Pin=C24-1
Added Pin To Net: NetName=VDRV Pin=C25-1
Added Pin To Net: NetName=VDRV Pin=C26-1
Added Pin To Net: NetName=VDRV Pin=C31-1
Added Pin To Net: NetName=VDRV Pin=C32-1
Added Pin To Net: NetName=VDRV Pin=C33-1
Added Pin To Net: NetName=VDRV Pin=C34-1
Added Pin To Net: NetName=VDRV Pin=C35-1
Added Pin To Net: NetName=VDRV Pin=C36-1
Added Pin To Net: NetName=VDRV Pin=C37-1
Added Pin To Net: NetName=VDRV Pin=C44-1
Added Pin To Net: NetName=VDRV Pin=C47-1
Added Pin To Net: NetName=VDRV Pin=C52-1
Added Pin To Net: NetName=VDRV Pin=C53-1
Added Pin To Net: NetName=VDRV Pin=C54-1
Added Pin To Net: NetName=VDRV Pin=C55-1
Added Pin To Net: NetName=VDRV Pin=J2-4
Added Pin To Net: NetName=VDRV Pin=J2-7
Added Pin To Net: NetName=VDRV Pin=P1-2
Added Pin To Net: NetName=VDRV Pin=P2-3
Added Pin To Net: NetName=VDRV Pin=R14-2
Added Pin To Net: NetName=VDRV Pin=R15-2
Added Pin To Net: NetName=VDRV Pin=U3-20
Added Pin To Net: NetName=VDRV Pin=U4-20
Added Pin To Net: NetName=VDRV Pin=U5-8
Added Pin To Net: NetName=VDRV Pin=U7-16
Added Pin To Net: NetName=VDRV Pin=U8-16
Added Pin To Net: NetName=VDRV Pin=U9-8
Added Pin To Net: NetName=VDRV Pin=U9-24
Added Pin To Net: NetName=VDRV Pin=U9-32
Added Pin To Net: NetName=VDRV Pin=U10-2
Added Pin To Net: NetName=VDRV Pin=U11-5
Added Pin To Net: NetName=VDRV Pin=U11-17
Added Pin To Net: NetName=VDRV Pin=U11-27
Added Pin To Net: NetName=VDRV Pin=U11-29
Added Pin To Net: NetName=VDRV Pin=U11-38
Added Pin To Net: NetName=VDRV Pin=U13-8
Added Pin To Net: NetName=VDRV Pin=U14-3
Added Pin To Net: NetName=VDRV Pin=U16-15
Added Pin To Net: NetName=VDRV Pin=U16-26
Added Pin To Net: NetName=VDRV Pin=U16-35
Added Net: Name=VDRV
Added Class: Name=U_DSO_Trig
Added Differential Pair: Name=USB
Added Member To Class: ClassName=U_DSO_Front Member=Component C1 5pf
Added Member To Class: ClassName=U_DSO_Front Member=Component C2 18pF
Added Member To Class: ClassName=U_DSO_Front Member=Component C3 5pf
Added Member To Class: ClassName=U_DSO_Front Member=Component C4 4.7pF
Added Member To Class: ClassName=U_DSO_Front Member=Component C5 10uF
Added Member To Class: ClassName=U_DSO_Front Member=Component C6 100nF
Added Member To Class: ClassName=U_DSO_ADC Member=Component C7 47pf
Added Member To Class: ClassName=U_DSO_ADC Member=Component C8 100nf
Added Member To Class: ClassName=U_DSO_ADC Member=Component C9 100nf
Added Member To Class: ClassName=U_DSO_ADC Member=Component C10 10uF
Added Member To Class: ClassName=U_DSO_ADC Member=Component C11 10uF
Added Member To Class: ClassName=U_DSO_ADC Member=Component C12 100nf
Added Member To Class: ClassName=U_DSO_ADC Member=Component C13 100nf
Added Member To Class: ClassName=U_DSO_ADC Member=Component C14 100nf
Added Member To Class: ClassName=U_DSO_Counters Member=Component C18 100nF
Added Member To Class: ClassName=U_DSO_Counters Member=Component C19 100nF
Added Member To Class: ClassName=U_DSO_Counters Member=Component C20 100nF
Added Member To Class: ClassName=U_DSO_Counters Member=Component C21 100nF
Added Member To Class: ClassName=U_DSO_Counters Member=Component C22 100nF
Added Member To Class: ClassName=U_DSO_Counters Member=Component C23 100nF
Added Member To Class: ClassName=U_DSO_RAM Member=Component C24 100nF
Added Member To Class: ClassName=U_DSO_RAM Member=Component C25 100nF
Added Member To Class: ClassName=U_DSO_Clock Member=Component C26 100nF
Added Member To Class: ClassName=U_DSO_Control Member=Component C27 18pF
Added Member To Class: ClassName=U_DSO_Control Member=Component C28 18pF
Added Member To Class: ClassName=U_DSO_Control Member=Component C29 100nF
Added Member To Class: ClassName=U_DSO_Control Member=Component C30 100nF
Added Member To Class: ClassName=U_DSO_Control Member=Component C31 100nF
Added Member To Class: ClassName=U_DSO_Control Member=Component C32 100nF
Added Member To Class: ClassName=U_DSO_Control Member=Component C33 100nF
Added Member To Class: ClassName=U_DSO_Control Member=Component C34 100nF
Added Member To Class: ClassName=U_DSO_Control Member=Component C35 100nF
Added Member To Class: ClassName=U_DSO_Control Member=Component C36 100nF
Added Member To Class: ClassName=U_DSO_Control Member=Component C37 100nF
Added Member To Class: ClassName=U_DSO_IO Member=Component C38 100nF
Added Member To Class: ClassName=U_DSO_IO Member=Component C39 100nF
Added Member To Class: ClassName=U_DSO_IO Member=Component C40 100nF
Added Member To Class: ClassName=U_DSO_IO Member=Component C41 100nF
Added Member To Class: ClassName=U_DSO_IO Member=Component C42 100nF
Added Member To Class: ClassName=U_DSO_IO Member=Component C43 100nF
Added Member To Class: ClassName=U_DSO_IO Member=Component C44 100nF
Added Member To Class: ClassName=U_DSO_Power Member=Component C45 100nF
Added Member To Class: ClassName=U_DSO_Power Member=Component C46 100nF
Added Member To Class: ClassName=U_DSO_Power Member=Component C47 100nF
Added Member To Class: ClassName=U_DSO_Power Member=Component C48 10uf
Added Member To Class: ClassName=U_DSO_Power Member=Component C49 100nF
Added Member To Class: ClassName=U_DSO_Power Member=Component C50 10uf
Added Member To Class: ClassName=U_DSO_Power Member=Component C51 100nF
Added Member To Class: ClassName=U_DSO_CPLD Member=Component C52 100nF
Added Member To Class: ClassName=U_DSO_CPLD Member=Component C53 100nF
Added Member To Class: ClassName=U_DSO_CPLD Member=Component C54 100nF
Added Member To Class: ClassName=U_DSO_ADC Member=Component C55 10uF
Added Member To Class: ClassName=U_DSO_Front Member=Component D1 Diode
Added Member To Class: ClassName=U_DSO_Front Member=Component D2 Diode
Added Member To Class: ClassName=U_DSO_IO Member=Component D3 TX
Added Member To Class: ClassName=U_DSO_IO Member=Component D4 RX
Added Member To Class: ClassName=U_DSO_Power Member=Component D5 TX
Added Member To Class: ClassName=U_DSO_Power Member=Component D6 RX
Added Member To Class: ClassName=U_DSO_Front Member=Component J1 INPUT
Added Member To Class: ClassName=U_DSO_Control Member=Component J2 JTAG
Added Member To Class: ClassName=U_DSO_IO Member=Component J3 USB
Added Member To Class: ClassName=U_DSO_IO Member=Component L1 300mA
Added Member To Class: ClassName=U_DSO_Power Member=Component L2 300mA
Added Member To Class: ClassName=U_DSO_Power Member=Component L3 300mA
Added Member To Class: ClassName=U_DSO_Power Member=Component N1 NET-TIE
Added Member To Class: ClassName=U_DSO_Power Member=Component N2 NET-TIE
Added Member To Class: ClassName=U_DSO_Control Member=Component P1 Header 3x2
Added Member To Class: ClassName=U_DSO_CPLD Member=Component P2 Header 3x2
Added Member To Class: ClassName=U_DSO_Front Member=Component R1 510k
Added Member To Class: ClassName=U_DSO_Front Member=Component R2 1k
Added Member To Class: ClassName=U_DSO_Front Member=Component R3 1k
Added Member To Class: ClassName=U_DSO_Front Member=Component R4 510k
Added Member To Class: ClassName=U_DSO_Front Member=Component R5 100K
Added Member To Class: ClassName=U_DSO_Front Member=Component R6 100
Added Member To Class: ClassName=U_DSO_ADC Member=Component R7 100
Added Member To Class: ClassName=U_DSO_ADC Member=Component R8 301
Added Member To Class: ClassName=U_DSO_ADC Member=Component R9 39
Added Member To Class: ClassName=U_DSO_ADC Member=Component R10 50
Added Member To Class: ClassName=U_DSO_ADC Member=Component R11 330
Added Member To Class: ClassName=U_DSO_ADC Member=Component R12 100k
Added Member To Class: ClassName=U_DSO_ADC Member=Component R13 1k
Added Member To Class: ClassName=U_DSO_Control Member=Component R14 10k
Added Member To Class: ClassName=U_DSO_Control Member=Component R15 10k
Added Member To Class: ClassName=U_DSO_IO Member=Component R16 1k
Added Member To Class: ClassName=U_DSO_IO Member=Component R17 1k
Added Member To Class: ClassName=U_DSO_Power Member=Component R18 1k
Added Member To Class: ClassName=U_DSO_Power Member=Component R19 1k
Added Member To Class: ClassName=U_DSO_Control Member=Component S1 RESET
Added Member To Class: ClassName=U_DSO_Control Member=Component S2 RESET
Added Member To Class: ClassName=U_DSO_Front Member=Component TP1 INPUT
Added Member To Class: ClassName=U_DSO_ADC Member=Component TP2 INPUT
Added Member To Class: ClassName=U_DSO_RAM Member=Component TP3 INPUT
Added Member To Class: ClassName=U_DSO_Power Member=Component TP4 -5
Added Member To Class: ClassName=U_DSO_Power Member=Component TP5 GND
Added Member To Class: ClassName=U_DSO_Power Member=Component TP6 +5
Added Member To Class: ClassName=U_DSO_Front Member=Component U1 LT1819
Added Member To Class: ClassName=U_DSO_ADC Member=Component U2 LT1819
Added Member To Class: ClassName=U_DSO_ADC Member=Component U3 74HC541
Added Member To Class: ClassName=U_DSO_ADC Member=Component U4 ADS830E
Added Member To Class: ClassName=U_DSO_Counters Member=Component U7 74HC590
Added Member To Class: ClassName=U_DSO_Counters Member=Component U8 74HC590
Added Member To Class: ClassName=U_DSO_RAM Member=Component U9 CY7C1019D
Added Member To Class: ClassName=U_DSO_Clock Member=Component U10 PT7C4511
Added Member To Class: ClassName=U_DSO_Control Member=Component U11 ATMEGA16
Added Member To Class: ClassName=U_DSO_IO Member=Component U12 FT232RL
Added Member To Class: ClassName=U_DSO_IO Member=Component U13 Si8421
Added Member To Class: ClassName=U_DSO_Power Member=Component U14 MCP1700T-3302E/MB
Added Member To Class: ClassName=U_DSO_Power Member=Component U15 RD0505D
Added Member To Class: ClassName=U_DSO_CPLD Member=Component U16 XC9536XL-10VQ44C
Added Member To Class: ClassName=U_DSO_Control Member=Component X1 10Mhz
