Removed Pin From Net: NetName=NetD6_K Pin=C1-1
Removed Pin From Net: NetName=NetD6_K Pin=C1-2
Removed Pin From Net: NetName=NetD6_K Pin=C2-1
Removed Pin From Net: NetName=NetD6_K Pin=C2-2
Removed Pin From Net: NetName=NetD6_K Pin=C3-1
Removed Pin From Net: NetName=NetD6_K Pin=C3-2
Removed Pin From Net: NetName=NetD6_K Pin=C4-1
Removed Pin From Net: NetName=NetD6_K Pin=C4-2
Removed Pin From Net: NetName=NetD6_K Pin=C5-1
Removed Pin From Net: NetName=NetD6_K Pin=C5-2
Removed Pin From Net: NetName=NetD6_K Pin=C6-1
Removed Pin From Net: NetName=NetD6_K Pin=C6-2
Removed Pin From Net: NetName=NetD6_K Pin=C7-1
Removed Pin From Net: NetName=NetD6_K Pin=C7-2
Removed Pin From Net: NetName=NetD6_K Pin=C8-1
Removed Pin From Net: NetName=NetD6_K Pin=C8-2
Removed Pin From Net: NetName=NetD6_K Pin=C9-1
Removed Pin From Net: NetName=NetD6_K Pin=C9-2
Removed Pin From Net: NetName=NetD6_K Pin=C10-1
Removed Pin From Net: NetName=NetD6_K Pin=C10-2
Removed Pin From Net: NetName=NetD6_K Pin=C11-1
Removed Pin From Net: NetName=NetD6_K Pin=C11-2
Removed Pin From Net: NetName=NetD6_K Pin=C12-1
Removed Pin From Net: NetName=NetD6_K Pin=C12-2
Removed Pin From Net: NetName=NetD6_K Pin=C13-1
Removed Pin From Net: NetName=NetD6_K Pin=C13-2
Removed Pin From Net: NetName=NetD6_K Pin=C14-1
Removed Pin From Net: NetName=NetD6_K Pin=C14-2
Removed Pin From Net: NetName=NetD6_K Pin=C15-1
Removed Pin From Net: NetName=NetD6_K Pin=C15-2
Removed Pin From Net: NetName=NetD6_K Pin=C16-1
Removed Pin From Net: NetName=NetD6_K Pin=C16-2
Removed Pin From Net: NetName=NetD6_K Pin=C17-1
Removed Pin From Net: NetName=NetD6_K Pin=C17-2
Removed Pin From Net: NetName=NetD6_K Pin=C18-1
Removed Pin From Net: NetName=NetD6_K Pin=C19-1
Removed Pin From Net: NetName=NetD6_K Pin=C20-1
Removed Pin From Net: NetName=NetD6_K Pin=C21-1
Removed Pin From Net: NetName=NetD6_K Pin=C22-1
Removed Pin From Net: NetName=NetD6_K Pin=C23-1
Removed Pin From Net: NetName=NetD6_K Pin=C24-1
Removed Pin From Net: NetName=NetD6_K Pin=C25-1
Removed Pin From Net: NetName=NetD6_K Pin=C26-1
Removed Pin From Net: NetName=NetD6_K Pin=C27-1
Removed Pin From Net: NetName=NetD6_K Pin=C28-1
Removed Pin From Net: NetName=NetD6_K Pin=C29-1
Removed Pin From Net: NetName=NetD6_K Pin=C30-1
Removed Pin From Net: NetName=NetD6_K Pin=C31-1
Removed Pin From Net: NetName=NetD6_K Pin=C32-1
Removed Pin From Net: NetName=NetD6_K Pin=C33-1
Removed Pin From Net: NetName=NetD6_K Pin=C34-1
Removed Pin From Net: NetName=NetD6_K Pin=C35-1
Removed Pin From Net: NetName=NetD6_K Pin=C36-1
Removed Pin From Net: NetName=NetD6_K Pin=C37-1
Removed Pin From Net: NetName=NetD6_K Pin=C38-1
Removed Pin From Net: NetName=NetD6_K Pin=C38-2
Removed Pin From Net: NetName=NetD6_K Pin=C39-1
Removed Pin From Net: NetName=NetD6_K Pin=C39-2
Removed Pin From Net: NetName=NetD6_K Pin=C40-1
Removed Pin From Net: NetName=NetD6_K Pin=C40-2
Removed Pin From Net: NetName=NetD6_K Pin=C41-1
Removed Pin From Net: NetName=NetD6_K Pin=C41-2
Removed Pin From Net: NetName=NetD6_K Pin=C42-1
Removed Pin From Net: NetName=NetD6_K Pin=C42-2
Removed Pin From Net: NetName=NetD6_K Pin=C43-1
Removed Pin From Net: NetName=NetD6_K Pin=C43-2
Removed Pin From Net: NetName=NetD6_K Pin=C44-1
Removed Pin From Net: NetName=NetD6_K Pin=C45-1
Removed Pin From Net: NetName=NetD6_K Pin=C45-2
Removed Pin From Net: NetName=NetD6_K Pin=C46-1
Removed Pin From Net: NetName=NetD6_K Pin=C46-2
Removed Pin From Net: NetName=NetD6_K Pin=C47-1
Removed Pin From Net: NetName=NetD6_K Pin=C48-1
Removed Pin From Net: NetName=NetD6_K Pin=C48-2
Removed Pin From Net: NetName=NetD6_K Pin=C49-1
Removed Pin From Net: NetName=NetD6_K Pin=C49-2
Removed Pin From Net: NetName=NetD6_K Pin=C50-1
Removed Pin From Net: NetName=NetD6_K Pin=C50-2
Removed Pin From Net: NetName=NetD6_K Pin=C51-1
Removed Pin From Net: NetName=NetD6_K Pin=C51-2
Removed Pin From Net: NetName=NetD6_K Pin=C52-1
Removed Pin From Net: NetName=NetD6_K Pin=C53-1
Removed Pin From Net: NetName=NetD6_K Pin=C54-1
Removed Pin From Net: NetName=NetD6_K Pin=C55-1
Removed Pin From Net: NetName=NetD6_K Pin=C56-1
Removed Pin From Net: NetName=NetD6_K Pin=C56-2
Removed Pin From Net: NetName=NetD6_K Pin=C57-1
Removed Pin From Net: NetName=NetD6_K Pin=D1-A
Removed Pin From Net: NetName=NetD6_K Pin=D1-K
Removed Pin From Net: NetName=NetD6_K Pin=D2-A
Removed Pin From Net: NetName=NetD6_K Pin=D2-K
Removed Pin From Net: NetName=NetD6_K Pin=D3-A
Removed Pin From Net: NetName=NetD6_K Pin=D3-K
Removed Pin From Net: NetName=NetD6_K Pin=D4-A
Removed Pin From Net: NetName=NetD6_K Pin=D4-K
Removed Pin From Net: NetName=NetD6_K Pin=D5-A
Removed Pin From Net: NetName=NetD6_K Pin=D5-K
Removed Pin From Net: NetName=NetD6_K Pin=D6-A
Removed Pin From Net: NetName=NetD6_K Pin=D6-K
Removed Pin From Net: NetName=NetD6_K Pin=D7-A
Removed Pin From Net: NetName=NetD6_K Pin=D7-K
Removed Pin From Net: NetName=NetD6_K Pin=J1-1
Removed Pin From Net: NetName=NetD6_K Pin=J1-2
Removed Pin From Net: NetName=NetD6_K Pin=J1-3
Removed Pin From Net: NetName=NetD6_K Pin=J1-4
Removed Pin From Net: NetName=NetD6_K Pin=J1-5
Removed Pin From Net: NetName=NetD6_K Pin=J2-1
Removed Pin From Net: NetName=NetD6_K Pin=J2-3
Removed Pin From Net: NetName=NetD6_K Pin=J2-4
Removed Pin From Net: NetName=NetD6_K Pin=J2-5
Removed Pin From Net: NetName=NetD6_K Pin=J2-7
Removed Pin From Net: NetName=NetD6_K Pin=J2-9
Removed Pin From Net: NetName=NetD6_K Pin=J3-1
Removed Pin From Net: NetName=NetD6_K Pin=J3-2
Removed Pin From Net: NetName=NetD6_K Pin=J3-3
Removed Pin From Net: NetName=NetD6_K Pin=J3-4
Removed Pin From Net: NetName=NetD6_K Pin=L1-1
Removed Pin From Net: NetName=NetD6_K Pin=L1-2
Removed Pin From Net: NetName=NetD6_K Pin=L2-1
Removed Pin From Net: NetName=NetD6_K Pin=L2-2
Removed Pin From Net: NetName=NetD6_K Pin=L3-1
Removed Pin From Net: NetName=NetD6_K Pin=L3-2
Removed Pin From Net: NetName=NetD6_K Pin=L4-1
Removed Pin From Net: NetName=NetD6_K Pin=L4-2
Removed Pin From Net: NetName=NetD6_K Pin=N1-0
Removed Pin From Net: NetName=NetD6_K Pin=N1-1
Removed Pin From Net: NetName=NetD6_K Pin=N2-0
Removed Pin From Net: NetName=NetD6_K Pin=P1-1
Removed Pin From Net: NetName=NetD6_K Pin=P1-2
Removed Pin From Net: NetName=NetD6_K Pin=P1-3
Removed Pin From Net: NetName=NetD6_K Pin=P1-4
Removed Pin From Net: NetName=NetD6_K Pin=P1-5
Removed Pin From Net: NetName=NetD6_K Pin=P2-2
Removed Pin From Net: NetName=NetD6_K Pin=P2-3
Removed Pin From Net: NetName=NetD6_K Pin=P2-4
Removed Pin From Net: NetName=NetD6_K Pin=P2-5
Removed Pin From Net: NetName=NetD6_K Pin=P2-6
Removed Pin From Net: NetName=NetD6_K Pin=Q1-1
Removed Pin From Net: NetName=NetD6_K Pin=Q1-2
Removed Pin From Net: NetName=NetD6_K Pin=Q1-3
Removed Pin From Net: NetName=NetD6_K Pin=Q2-1
Removed Pin From Net: NetName=NetD6_K Pin=Q2-2
Removed Pin From Net: NetName=NetD6_K Pin=Q2-3
Removed Pin From Net: NetName=NetD6_K Pin=Q3-1
Removed Pin From Net: NetName=NetD6_K Pin=Q3-2
Removed Pin From Net: NetName=NetD6_K Pin=Q3-3
Removed Pin From Net: NetName=NetD6_K Pin=R1-1
Removed Pin From Net: NetName=NetD6_K Pin=R1-2
Removed Pin From Net: NetName=NetD6_K Pin=R2-1
Removed Pin From Net: NetName=NetD6_K Pin=R2-2
Removed Pin From Net: NetName=NetD6_K Pin=R3-1
Removed Pin From Net: NetName=NetD6_K Pin=R3-2
Removed Pin From Net: NetName=NetD6_K Pin=R4-1
Removed Pin From Net: NetName=NetD6_K Pin=R4-2
Removed Pin From Net: NetName=NetD6_K Pin=R5-1
Removed Pin From Net: NetName=NetD6_K Pin=R5-2
Removed Pin From Net: NetName=NetD6_K Pin=R6-1
Removed Pin From Net: NetName=NetD6_K Pin=R6-2
Removed Pin From Net: NetName=NetD6_K Pin=R7-1
Removed Pin From Net: NetName=NetD6_K Pin=R7-2
Removed Pin From Net: NetName=NetD6_K Pin=R8-1
Removed Pin From Net: NetName=NetD6_K Pin=R8-2
Removed Pin From Net: NetName=NetD6_K Pin=R9-1
Removed Pin From Net: NetName=NetD6_K Pin=R9-2
Removed Pin From Net: NetName=NetD6_K Pin=R10-1
Removed Pin From Net: NetName=NetD6_K Pin=R10-2
Removed Pin From Net: NetName=NetD6_K Pin=R11-1
Removed Pin From Net: NetName=NetD6_K Pin=R11-2
Removed Pin From Net: NetName=NetD6_K Pin=R12-1
Removed Pin From Net: NetName=NetD6_K Pin=R12-2
Removed Pin From Net: NetName=NetD6_K Pin=R13-1
Removed Pin From Net: NetName=NetD6_K Pin=R13-2
Removed Pin From Net: NetName=NetD6_K Pin=R14-1
Removed Pin From Net: NetName=NetD6_K Pin=R14-2
Removed Pin From Net: NetName=NetD6_K Pin=R15-1
Removed Pin From Net: NetName=NetD6_K Pin=R15-2
Removed Pin From Net: NetName=NetD6_K Pin=R16-1
Removed Pin From Net: NetName=NetD6_K Pin=R16-2
Removed Pin From Net: NetName=NetD6_K Pin=R17-1
Removed Pin From Net: NetName=NetD6_K Pin=R17-2
Removed Pin From Net: NetName=NetD6_K Pin=R18-1
Removed Pin From Net: NetName=NetD6_K Pin=R18-2
Removed Pin From Net: NetName=NetD6_K Pin=R19-1
Removed Pin From Net: NetName=NetD6_K Pin=R19-2
Removed Pin From Net: NetName=NetD6_K Pin=R20-1
Removed Pin From Net: NetName=NetD6_K Pin=R20-2
Removed Pin From Net: NetName=NetD6_K Pin=R21-1
Removed Pin From Net: NetName=NetD6_K Pin=R21-2
Removed Pin From Net: NetName=NetD6_K Pin=R22-1
Removed Pin From Net: NetName=NetD6_K Pin=R22-2
Removed Pin From Net: NetName=NetD6_K Pin=R23-1
Removed Pin From Net: NetName=NetD6_K Pin=R23-2
Removed Pin From Net: NetName=NetD6_K Pin=R24-1
Removed Pin From Net: NetName=NetD6_K Pin=R24-2
Removed Pin From Net: NetName=NetD6_K Pin=R25-1
Removed Pin From Net: NetName=NetD6_K Pin=R25-2
Removed Pin From Net: NetName=NetD6_K Pin=R26-1
Removed Pin From Net: NetName=NetD6_K Pin=R26-2
Removed Pin From Net: NetName=NetD6_K Pin=R27-1
Removed Pin From Net: NetName=NetD6_K Pin=R27-2
Removed Pin From Net: NetName=NetD6_K Pin=R28-1
Removed Pin From Net: NetName=NetD6_K Pin=R28-2
Removed Pin From Net: NetName=NetD6_K Pin=R29-1
Removed Pin From Net: NetName=NetD6_K Pin=R29-2
Removed Pin From Net: NetName=NetD6_K Pin=R30-1
Removed Pin From Net: NetName=NetD6_K Pin=R30-2
Removed Pin From Net: NetName=NetD6_K Pin=R31-1
Removed Pin From Net: NetName=NetD6_K Pin=R31-2
Removed Pin From Net: NetName=NetD6_K Pin=S1-1
Removed Pin From Net: NetName=NetD6_K Pin=S1-1
Removed Pin From Net: NetName=NetD6_K Pin=S2-1
Removed Pin From Net: NetName=NetD6_K Pin=S2-1
Removed Pin From Net: NetName=NetD6_K Pin=TP1-1
Removed Pin From Net: NetName=NetD6_K Pin=TP2-1
Removed Pin From Net: NetName=NetD6_K Pin=TP3-1
Removed Pin From Net: NetName=NetD6_K Pin=TP4-1
Removed Pin From Net: NetName=NetD6_K Pin=TP5-1
Removed Pin From Net: NetName=NetD6_K Pin=TP6-1
Removed Pin From Net: NetName=NetD6_K Pin=U1-1
Removed Pin From Net: NetName=NetD6_K Pin=U1-2
Removed Pin From Net: NetName=NetD6_K Pin=U1-3
Removed Pin From Net: NetName=NetD6_K Pin=U1-4
Removed Pin From Net: NetName=NetD6_K Pin=U1-5
Removed Pin From Net: NetName=NetD6_K Pin=U1-6
Removed Pin From Net: NetName=NetD6_K Pin=U1-7
Removed Pin From Net: NetName=NetD6_K Pin=U1-8
Removed Pin From Net: NetName=NetD6_K Pin=U2-1
Removed Pin From Net: NetName=NetD6_K Pin=U2-2
Removed Pin From Net: NetName=NetD6_K Pin=U2-3
Removed Pin From Net: NetName=NetD6_K Pin=U2-4
Removed Pin From Net: NetName=NetD6_K Pin=U2-5
Removed Pin From Net: NetName=NetD6_K Pin=U2-6
Removed Pin From Net: NetName=NetD6_K Pin=U2-7
Removed Pin From Net: NetName=NetD6_K Pin=U2-8
Removed Pin From Net: NetName=NetD6_K Pin=U3-1
Removed Pin From Net: NetName=NetD6_K Pin=U3-2
Removed Pin From Net: NetName=NetD6_K Pin=U3-3
Removed Pin From Net: NetName=NetD6_K Pin=U3-4
Removed Pin From Net: NetName=NetD6_K Pin=U3-5
Removed Pin From Net: NetName=NetD6_K Pin=U3-6
Removed Pin From Net: NetName=NetD6_K Pin=U3-7
Removed Pin From Net: NetName=NetD6_K Pin=U3-8
Removed Pin From Net: NetName=NetD6_K Pin=U3-9
Removed Pin From Net: NetName=NetD6_K Pin=U3-11
Removed Pin From Net: NetName=NetD6_K Pin=U3-12
Removed Pin From Net: NetName=NetD6_K Pin=U3-13
Removed Pin From Net: NetName=NetD6_K Pin=U3-14
Removed Pin From Net: NetName=NetD6_K Pin=U3-15
Removed Pin From Net: NetName=NetD6_K Pin=U3-16
Removed Pin From Net: NetName=NetD6_K Pin=U3-17
Removed Pin From Net: NetName=NetD6_K Pin=U3-18
Removed Pin From Net: NetName=NetD6_K Pin=U3-19
Removed Pin From Net: NetName=NetD6_K Pin=U3-20
Removed Pin From Net: NetName=NetD6_K Pin=U4-1
Removed Pin From Net: NetName=NetD6_K Pin=U4-2
Removed Pin From Net: NetName=NetD6_K Pin=U4-3
Removed Pin From Net: NetName=NetD6_K Pin=U4-4
Removed Pin From Net: NetName=NetD6_K Pin=U4-5
Removed Pin From Net: NetName=NetD6_K Pin=U4-6
Removed Pin From Net: NetName=NetD6_K Pin=U4-7
Removed Pin From Net: NetName=NetD6_K Pin=U4-8
Removed Pin From Net: NetName=NetD6_K Pin=U4-9
Removed Pin From Net: NetName=NetD6_K Pin=U4-10
Removed Pin From Net: NetName=NetD6_K Pin=U4-11
Removed Pin From Net: NetName=NetD6_K Pin=U4-12
Removed Pin From Net: NetName=NetD6_K Pin=U4-13
Removed Pin From Net: NetName=NetD6_K Pin=U4-14
Removed Pin From Net: NetName=NetD6_K Pin=U4-15
Removed Pin From Net: NetName=NetD6_K Pin=U4-16
Removed Pin From Net: NetName=NetD6_K Pin=U4-17
Removed Pin From Net: NetName=NetD6_K Pin=U4-18
Removed Pin From Net: NetName=NetD6_K Pin=U4-19
Removed Pin From Net: NetName=NetD6_K Pin=U4-20
Removed Pin From Net: NetName=NetD6_K Pin=U5-1
Removed Pin From Net: NetName=NetD6_K Pin=U5-2
Removed Pin From Net: NetName=NetD6_K Pin=U5-3
Removed Pin From Net: NetName=NetD6_K Pin=U5-4
Removed Pin From Net: NetName=NetD6_K Pin=U5-8
Removed Pin From Net: NetName=NetD6_K Pin=U6-1
Removed Pin From Net: NetName=NetD6_K Pin=U6-2
Removed Pin From Net: NetName=NetD6_K Pin=U6-3
Removed Pin From Net: NetName=NetD6_K Pin=U6-4
Removed Pin From Net: NetName=NetD6_K Pin=U6-5
Removed Pin From Net: NetName=NetD6_K Pin=U6-6
Removed Pin From Net: NetName=NetD6_K Pin=U6-7
Removed Pin From Net: NetName=NetD6_K Pin=U6-8
Removed Pin From Net: NetName=NetD6_K Pin=U7-1
Removed Pin From Net: NetName=NetD6_K Pin=U7-2
Removed Pin From Net: NetName=NetD6_K Pin=U7-3
Removed Pin From Net: NetName=NetD6_K Pin=U7-4
Removed Pin From Net: NetName=NetD6_K Pin=U7-5
Removed Pin From Net: NetName=NetD6_K Pin=U7-6
Removed Pin From Net: NetName=NetD6_K Pin=U7-7
Removed Pin From Net: NetName=NetD6_K Pin=U7-9
Removed Pin From Net: NetName=NetD6_K Pin=U7-10
Removed Pin From Net: NetName=NetD6_K Pin=U7-11
Removed Pin From Net: NetName=NetD6_K Pin=U7-12
Removed Pin From Net: NetName=NetD6_K Pin=U7-13
Removed Pin From Net: NetName=NetD6_K Pin=U7-15
Removed Pin From Net: NetName=NetD6_K Pin=U7-16
Removed Pin From Net: NetName=NetD6_K Pin=U8-1
Removed Pin From Net: NetName=NetD6_K Pin=U8-2
Removed Pin From Net: NetName=NetD6_K Pin=U8-3
Removed Pin From Net: NetName=NetD6_K Pin=U8-4
Removed Pin From Net: NetName=NetD6_K Pin=U8-5
Removed Pin From Net: NetName=NetD6_K Pin=U8-6
Removed Pin From Net: NetName=NetD6_K Pin=U8-7
Removed Pin From Net: NetName=NetD6_K Pin=U8-9
Removed Pin From Net: NetName=NetD6_K Pin=U8-10
Removed Pin From Net: NetName=NetD6_K Pin=U8-11
Removed Pin From Net: NetName=NetD6_K Pin=U8-12
Removed Pin From Net: NetName=NetD6_K Pin=U8-13
Removed Pin From Net: NetName=NetD6_K Pin=U8-15
Removed Pin From Net: NetName=NetD6_K Pin=U8-16
Removed Pin From Net: NetName=NetD6_K Pin=U9-1
Removed Pin From Net: NetName=NetD6_K Pin=U9-2
Removed Pin From Net: NetName=NetD6_K Pin=U9-3
Removed Pin From Net: NetName=NetD6_K Pin=U9-4
Removed Pin From Net: NetName=NetD6_K Pin=U9-6
Removed Pin From Net: NetName=NetD6_K Pin=U9-7
Removed Pin From Net: NetName=NetD6_K Pin=U9-8
Removed Pin From Net: NetName=NetD6_K Pin=U9-10
Removed Pin From Net: NetName=NetD6_K Pin=U9-11
Removed Pin From Net: NetName=NetD6_K Pin=U9-12
Removed Pin From Net: NetName=NetD6_K Pin=U9-13
Removed Pin From Net: NetName=NetD6_K Pin=U9-14
Removed Pin From Net: NetName=NetD6_K Pin=U9-15
Removed Pin From Net: NetName=NetD6_K Pin=U9-16
Removed Pin From Net: NetName=NetD6_K Pin=U9-17
Removed Pin From Net: NetName=NetD6_K Pin=U9-18
Removed Pin From Net: NetName=NetD6_K Pin=U9-19
Removed Pin From Net: NetName=NetD6_K Pin=U9-20
Removed Pin From Net: NetName=NetD6_K Pin=U9-21
Removed Pin From Net: NetName=NetD6_K Pin=U9-22
Removed Pin From Net: NetName=NetD6_K Pin=U9-23
Removed Pin From Net: NetName=NetD6_K Pin=U9-24
Removed Pin From Net: NetName=NetD6_K Pin=U9-26
Removed Pin From Net: NetName=NetD6_K Pin=U9-27
Removed Pin From Net: NetName=NetD6_K Pin=U9-28
Removed Pin From Net: NetName=NetD6_K Pin=U9-29
Removed Pin From Net: NetName=NetD6_K Pin=U9-30
Removed Pin From Net: NetName=NetD6_K Pin=U9-31
Removed Pin From Net: NetName=NetD6_K Pin=U9-32
Removed Pin From Net: NetName=NetD6_K Pin=U10-1
Removed Pin From Net: NetName=NetD6_K Pin=U10-2
Removed Pin From Net: NetName=NetD6_K Pin=U10-4
Removed Pin From Net: NetName=NetD6_K Pin=U10-5
Removed Pin From Net: NetName=NetD6_K Pin=U10-6
Removed Pin From Net: NetName=NetD6_K Pin=U11-1
Removed Pin From Net: NetName=NetD6_K Pin=U11-2
Removed Pin From Net: NetName=NetD6_K Pin=U11-3
Removed Pin From Net: NetName=NetD6_K Pin=U11-4
Removed Pin From Net: NetName=NetD6_K Pin=U11-5
Removed Pin From Net: NetName=NetD6_K Pin=U11-7
Removed Pin From Net: NetName=NetD6_K Pin=U11-8
Removed Pin From Net: NetName=NetD6_K Pin=U11-9
Removed Pin From Net: NetName=NetD6_K Pin=U11-10
Removed Pin From Net: NetName=NetD6_K Pin=U11-12
Removed Pin From Net: NetName=NetD6_K Pin=U11-13
Removed Pin From Net: NetName=NetD6_K Pin=U11-14
Removed Pin From Net: NetName=NetD6_K Pin=U11-15
Removed Pin From Net: NetName=NetD6_K Pin=U11-16
Removed Pin From Net: NetName=NetD6_K Pin=U11-17
Removed Pin From Net: NetName=NetD6_K Pin=U11-19
Removed Pin From Net: NetName=NetD6_K Pin=U11-20
Removed Pin From Net: NetName=NetD6_K Pin=U11-21
Removed Pin From Net: NetName=NetD6_K Pin=U11-22
Removed Pin From Net: NetName=NetD6_K Pin=U11-23
Removed Pin From Net: NetName=NetD6_K Pin=U11-24
Removed Pin From Net: NetName=NetD6_K Pin=U11-25
Removed Pin From Net: NetName=NetD6_K Pin=U11-26
Removed Pin From Net: NetName=NetD6_K Pin=U11-27
Removed Pin From Net: NetName=NetD6_K Pin=U11-29
Removed Pin From Net: NetName=NetD6_K Pin=U11-30
Removed Pin From Net: NetName=NetD6_K Pin=U11-31
Removed Pin From Net: NetName=NetD6_K Pin=U11-32
Removed Pin From Net: NetName=NetD6_K Pin=U11-33
Removed Pin From Net: NetName=NetD6_K Pin=U11-34
Removed Pin From Net: NetName=NetD6_K Pin=U11-35
Removed Pin From Net: NetName=NetD6_K Pin=U11-36
Removed Pin From Net: NetName=NetD6_K Pin=U11-37
Removed Pin From Net: NetName=NetD6_K Pin=U11-38
Removed Pin From Net: NetName=NetD6_K Pin=U11-40
Removed Pin From Net: NetName=NetD6_K Pin=U11-42
Removed Pin From Net: NetName=NetD6_K Pin=U11-44
Removed Pin From Net: NetName=NetD6_K Pin=U12-1
Removed Pin From Net: NetName=NetD6_K Pin=U12-4
Removed Pin From Net: NetName=NetD6_K Pin=U12-5
Removed Pin From Net: NetName=NetD6_K Pin=U12-7
Removed Pin From Net: NetName=NetD6_K Pin=U12-15
Removed Pin From Net: NetName=NetD6_K Pin=U12-16
Removed Pin From Net: NetName=NetD6_K Pin=U12-17
Removed Pin From Net: NetName=NetD6_K Pin=U12-18
Removed Pin From Net: NetName=NetD6_K Pin=U12-20
Removed Pin From Net: NetName=NetD6_K Pin=U12-21
Removed Pin From Net: NetName=NetD6_K Pin=U12-22
Removed Pin From Net: NetName=NetD6_K Pin=U12-23
Removed Pin From Net: NetName=NetD6_K Pin=U12-25
Removed Pin From Net: NetName=NetD6_K Pin=U12-26
Removed Pin From Net: NetName=NetD6_K Pin=U13-1
Removed Pin From Net: NetName=NetD6_K Pin=U13-2
Removed Pin From Net: NetName=NetD6_K Pin=U13-3
Removed Pin From Net: NetName=NetD6_K Pin=U13-4
Removed Pin From Net: NetName=NetD6_K Pin=U13-6
Removed Pin From Net: NetName=NetD6_K Pin=U13-7
Removed Pin From Net: NetName=NetD6_K Pin=U13-8
Removed Pin From Net: NetName=NetD6_K Pin=U14-2
Removed Pin From Net: NetName=NetD6_K Pin=U14-3
Removed Pin From Net: NetName=NetD6_K Pin=U15-1
Removed Pin From Net: NetName=NetD6_K Pin=U15-2
Removed Pin From Net: NetName=NetD6_K Pin=U15-3
Removed Pin From Net: NetName=NetD6_K Pin=U15-4
Removed Pin From Net: NetName=NetD6_K Pin=U15-5
Removed Pin From Net: NetName=NetD6_K Pin=U16-1
Removed Pin From Net: NetName=NetD6_K Pin=U16-2
Removed Pin From Net: NetName=NetD6_K Pin=U16-3
Removed Pin From Net: NetName=NetD6_K Pin=U16-5
Removed Pin From Net: NetName=NetD6_K Pin=U16-6
Removed Pin From Net: NetName=NetD6_K Pin=U16-7
Removed Pin From Net: NetName=NetD6_K Pin=U16-9
Removed Pin From Net: NetName=NetD6_K Pin=U16-10
Removed Pin From Net: NetName=NetD6_K Pin=U16-11
Removed Pin From Net: NetName=NetD6_K Pin=U16-12
Removed Pin From Net: NetName=NetD6_K Pin=U16-15
Removed Pin From Net: NetName=NetD6_K Pin=U16-24
Removed Pin From Net: NetName=NetD6_K Pin=U16-26
Removed Pin From Net: NetName=NetD6_K Pin=U16-28
Removed Pin From Net: NetName=NetD6_K Pin=U16-29
Removed Pin From Net: NetName=NetD6_K Pin=U16-30
Removed Pin From Net: NetName=NetD6_K Pin=U16-31
Removed Pin From Net: NetName=NetD6_K Pin=U16-35
Removed Pin From Net: NetName=NetD6_K Pin=U16-41
Removed Pin From Net: NetName=NetD6_K Pin=U16-43
Removed Pin From Net: NetName=NetD6_K Pin=U16-44
Removed Pin From Net: NetName=NetD6_K Pin=X1-1
Removed Pin From Net: NetName=NetD6_K Pin=X1-2
Added Pin To Net: NetName=out_CLAMP Pin=C1-1
Added Pin To Net: NetName=NetC1_2 Pin=C1-2
Added Pin To Net: NetName=Out_filter Pin=C2-1
Added Pin To Net: NetName=NetC2_2 Pin=C2-2
Added Pin To Net: NetName=NetC1_2 Pin=C3-1
Added Pin To Net: NetName=AGND Pin=C3-2
Added Pin To Net: NetName=NetC4_1 Pin=C4-1
Added Pin To Net: NetName=AGND Pin=C4-2
Added Pin To Net: NetName=AVEE Pin=C5-1
Added Pin To Net: NetName=AGND Pin=C5-2
Added Pin To Net: NetName=ADC_RSEL Pin=C6-1
Added Pin To Net: NetName=AGND Pin=C6-2
Added Pin To Net: NetName=CH1_NORM Pin=C7-1
Added Pin To Net: NetName=AGND Pin=C7-2
Added Pin To Net: NetName=AGND Pin=C8-1
Added Pin To Net: NetName=ADC_REFB Pin=C8-2
Added Pin To Net: NetName=NetC9_1 Pin=C9-1
Added Pin To Net: NetName=NetC9_2 Pin=C9-2
Added Pin To Net: NetName=ADC_RSEL Pin=C10-1
Added Pin To Net: NetName=AGND Pin=C10-2
Added Pin To Net: NetName=AVEE Pin=C11-1
Added Pin To Net: NetName=AGND Pin=C11-2
Added Pin To Net: NetName=AGND Pin=C12-1
Added Pin To Net: NetName=ADC_REFB Pin=C12-2
Added Pin To Net: NetName=AGND Pin=C13-1
Added Pin To Net: NetName=ADC_REFT Pin=C13-2
Added Pin To Net: NetName=AGND Pin=C14-1
Added Pin To Net: NetName=ADC_CM Pin=C14-2
Added Pin To Net: NetName=ADC_RSEL Pin=C15-1
Added Pin To Net: NetName=AGND Pin=C15-2
Added Pin To Net: NetName=ADC_RSEL Pin=C16-1
Added Pin To Net: NetName=AGND Pin=C16-2
Added Pin To Net: NetName=ADC_RSEL Pin=C17-1
Added Pin To Net: NetName=AGND Pin=C17-2
Added Pin To Net: NetName=DVCC Pin=C18-1
Added Pin To Net: NetName=DVCC Pin=C19-1
Added Pin To Net: NetName=DVCC Pin=C20-1
Added Pin To Net: NetName=DVCC Pin=C21-1
Added Pin To Net: NetName=DVCC Pin=C22-1
Added Pin To Net: NetName=DVCC Pin=C23-1
Added Pin To Net: NetName=DVCC Pin=C24-1
Added Pin To Net: NetName=DVCC Pin=C25-1
Added Pin To Net: NetName=DVCC Pin=C26-1
Added Pin To Net: NetName=XTAL2 Pin=C27-1
Added Pin To Net: NetName=XTAL1 Pin=C28-1
Added Pin To Net: NetName=RST Pin=C29-1
Added Pin To Net: NetName=MCU_TRI Pin=C30-1
Added Pin To Net: NetName=DVCC Pin=C31-1
Added Pin To Net: NetName=DVCC Pin=C32-1
Added Pin To Net: NetName=DVCC Pin=C33-1
Added Pin To Net: NetName=DVCC Pin=C34-1
Added Pin To Net: NetName=DVCC Pin=C35-1
Added Pin To Net: NetName=DVCC Pin=C36-1
Added Pin To Net: NetName=DVCC Pin=C37-1
Added Pin To Net: NetName=NetC38_1 Pin=C38-1
Added Pin To Net: NetName=USBGND Pin=C38-2
Added Pin To Net: NetName=3v3 Pin=C39-1
Added Pin To Net: NetName=USBGND Pin=C39-2
Added Pin To Net: NetName=USBVCC Pin=C40-1
Added Pin To Net: NetName=USBGND Pin=C40-2
Added Pin To Net: NetName=USBVCC Pin=C41-1
Added Pin To Net: NetName=USBGND Pin=C41-2
Added Pin To Net: NetName=USBVCC Pin=C42-1
Added Pin To Net: NetName=USBGND Pin=C42-2
Added Pin To Net: NetName=USBVCC Pin=C43-1
Added Pin To Net: NetName=USBGND Pin=C43-2
Added Pin To Net: NetName=DVCC Pin=C44-1
Added Pin To Net: NetName=USBVCC Pin=C45-1
Added Pin To Net: NetName=USBGND Pin=C45-2
Added Pin To Net: NetName=USBVCCO Pin=C46-1
Added Pin To Net: NetName=USBGND Pin=C46-2
Added Pin To Net: NetName=DVCC Pin=C47-1
Added Pin To Net: NetName=RD_Vout Pin=C48-1
Added Pin To Net: NetName=GND Pin=C48-2
Added Pin To Net: NetName=ADC_RSEL Pin=C49-1
Added Pin To Net: NetName=GND Pin=C49-2
Added Pin To Net: NetName=GND Pin=C50-1
Added Pin To Net: NetName=RD_Vout- Pin=C50-2
Added Pin To Net: NetName=GND Pin=C51-1
Added Pin To Net: NetName=AVEE Pin=C51-2
Added Pin To Net: NetName=DVCC Pin=C52-1
Added Pin To Net: NetName=DVCC Pin=C53-1
Added Pin To Net: NetName=DVCC Pin=C54-1
Added Pin To Net: NetName=DVCC Pin=C55-1
Added Pin To Net: NetName=USBVCC Pin=C56-1
Added Pin To Net: NetName=USBGND Pin=C56-2
Added Pin To Net: NetName=DVCC Pin=C57-1
Added Pin To Net: NetName=out_CLAMP Pin=D1-A
Added Pin To Net: NetName=ADC_RSEL Pin=D1-K
Added Pin To Net: NetName=AVEE Pin=D2-A
Added Pin To Net: NetName=out_CLAMP Pin=D2-K
Added Pin To Net: NetName=USBVCC Pin=D3-A
Added Pin To Net: NetName=NetD3_K Pin=D3-K
Added Pin To Net: NetName=USBVCC Pin=D4-A
Added Pin To Net: NetName=NetD4_K Pin=D4-K
Added Pin To Net: NetName=ADC_RSEL Pin=D5-A
Added Pin To Net: NetName=NetD5_K Pin=D5-K
Added Pin To Net: NetName=AVEE Pin=D6-A
Added Pin To Net: NetName=DVCC Pin=D7-A
Added Pin To Net: NetName=NetD7_K Pin=D7-K
Added Pin To Net: NetName=out_CLAMP Pin=J1-1
Added Pin To Net: NetName=AGND Pin=J1-2
Added Pin To Net: NetName=AGND Pin=J1-3
Added Pin To Net: NetName=AGND Pin=J1-4
Added Pin To Net: NetName=AGND Pin=J1-5
Added Pin To Net: NetName=TCK Pin=J2-1
Added Pin To Net: NetName=TDO Pin=J2-3
Added Pin To Net: NetName=DVCC Pin=J2-4
Added Pin To Net: NetName=TMS Pin=J2-5
Added Pin To Net: NetName=DVCC Pin=J2-7
Added Pin To Net: NetName=TDI Pin=J2-9
Added Pin To Net: NetName=USBVCC Pin=J3-1
Added Pin To Net: NetName=USBD_N Pin=J3-2
Added Pin To Net: NetName=USBD_P Pin=J3-3
Added Pin To Net: NetName=USBGND Pin=J3-4
Added Pin To Net: NetName=USBVCC Pin=L1-1
Added Pin To Net: NetName=NetC38_1 Pin=L1-2
Added Pin To Net: NetName=USBVCCO Pin=L2-1
Added Pin To Net: NetName=USBVCC Pin=L2-2
Added Pin To Net: NetName=ADC_RSEL Pin=L3-1
Added Pin To Net: NetName=RD_Vout Pin=L3-2
Added Pin To Net: NetName=AVEE Pin=L4-1
Added Pin To Net: NetName=RD_Vout- Pin=L4-2
Added Pin To Net: NetName=GND Pin=N1-0
Added Pin To Net: NetName=AGND Pin=N1-1
Added Pin To Net: NetName=GND Pin=N2-0
Added Pin To Net: NetName=SLA Pin=P1-1
Added Pin To Net: NetName=DVCC Pin=P1-2
Added Pin To Net: NetName=SCK Pin=P1-3
Added Pin To Net: NetName=SDA Pin=P1-4
Added Pin To Net: NetName=RST Pin=P1-5
Added Pin To Net: NetName=CPLD_TDI Pin=P2-2
Added Pin To Net: NetName=DVCC Pin=P2-3
Added Pin To Net: NetName=CPLD_TD0 Pin=P2-4
Added Pin To Net: NetName=CPLD_TMS Pin=P2-5
Added Pin To Net: NetName=CPLD_TCK Pin=P2-6
Added Pin To Net: NetName=DVCC Pin=Q1-1
Added Pin To Net: NetName=SDA Pin=Q1-2
Added Pin To Net: NetName=DAC_SDI Pin=Q1-3
Added Pin To Net: NetName=DVCC Pin=Q2-1
Added Pin To Net: NetName=T_CS Pin=Q2-2
Added Pin To Net: NetName=DAC_CS Pin=Q2-3
Added Pin To Net: NetName=DVCC Pin=Q3-1
Added Pin To Net: NetName=SCK Pin=Q3-2
Added Pin To Net: NetName=DAC_SCK Pin=Q3-3
Added Pin To Net: NetName=NetR1_1 Pin=R1-1
Added Pin To Net: NetName=out_CLAMP Pin=R1-2
Added Pin To Net: NetName=NetC2_2 Pin=R2-1
Added Pin To Net: NetName=Out_buf Pin=R2-2
Added Pin To Net: NetName=NetC4_1 Pin=R3-1
Added Pin To Net: NetName=NetC2_2 Pin=R3-2
Added Pin To Net: NetName=AGND Pin=R4-1
Added Pin To Net: NetName=NetR1_1 Pin=R4-2
Added Pin To Net: NetName=AGND Pin=R5-1
Added Pin To Net: NetName=Out_filter Pin=R5-2
Added Pin To Net: NetName=Out_filter Pin=R6-1
Added Pin To Net: NetName=NetR6_2 Pin=R6-2
Added Pin To Net: NetName=NetR7_1 Pin=R7-1
Added Pin To Net: NetName=NetR7_2 Pin=R7-2
Added Pin To Net: NetName=NetR7_2 Pin=R8-1
Added Pin To Net: NetName=CH1_BUF Pin=R8-2
Added Pin To Net: NetName=CH1_NORM Pin=R9-1
Added Pin To Net: NetName=NetR7_1 Pin=R9-2
Added Pin To Net: NetName=ADC_REFB Pin=R10-1
Added Pin To Net: NetName=NetR10_2 Pin=R10-2
Added Pin To Net: NetName=NetC9_1 Pin=R11-1
Added Pin To Net: NetName=NetR11_2 Pin=R11-2
Added Pin To Net: NetName=NetR11_2 Pin=R12-1
Added Pin To Net: NetName=AGND Pin=R12-2
Added Pin To Net: NetName=NetC9_2 Pin=R13-1
Added Pin To Net: NetName=NetC9_1 Pin=R13-2
Added Pin To Net: NetName=RST Pin=R14-1
Added Pin To Net: NetName=DVCC Pin=R14-2
Added Pin To Net: NetName=MCU_TRI Pin=R15-1
Added Pin To Net: NetName=DVCC Pin=R15-2
Added Pin To Net: NetName=TXLED Pin=R16-1
Added Pin To Net: NetName=NetD3_K Pin=R16-2
Added Pin To Net: NetName=RXLED Pin=R17-1
Added Pin To Net: NetName=NetD4_K Pin=R17-2
Added Pin To Net: NetName=GND Pin=R18-1
Added Pin To Net: NetName=NetD5_K Pin=R18-2
Added Pin To Net: NetName=GND Pin=R19-1
Added Pin To Net: NetName=SDA Pin=R20-1
Added Pin To Net: NetName=DVCC Pin=R20-2
Added Pin To Net: NetName=DAC_SDI Pin=R21-1
Added Pin To Net: NetName=ADC_RSEL Pin=R21-2
Added Pin To Net: NetName=T_CS Pin=R22-1
Added Pin To Net: NetName=DVCC Pin=R22-2
Added Pin To Net: NetName=DAC_CS Pin=R23-1
Added Pin To Net: NetName=ADC_RSEL Pin=R23-2
Added Pin To Net: NetName=SCK Pin=R24-1
Added Pin To Net: NetName=DVCC Pin=R24-2
Added Pin To Net: NetName=DAC_SCK Pin=R25-1
Added Pin To Net: NetName=ADC_RSEL Pin=R25-2
Added Pin To Net: NetName=TRIG_IN Pin=R26-1
Added Pin To Net: NetName=NetR26_2 Pin=R26-2
Added Pin To Net: NetName=LED_TRI Pin=R27-1
Added Pin To Net: NetName=NetD7_K Pin=R27-2
Added Pin To Net: NetName=NetR28_1 Pin=R28-1
Added Pin To Net: NetName=RX_ISO Pin=R28-2
Added Pin To Net: NetName=MCU_RX Pin=R29-1
Added Pin To Net: NetName=NetR29_2 Pin=R29-2
Added Pin To Net: NetName=NetR30_1 Pin=R30-1
Added Pin To Net: NetName=TX_ISO Pin=R30-2
Added Pin To Net: NetName=MCU_TX Pin=R31-1
Added Pin To Net: NetName=NetR31_2 Pin=R31-2
Added Pin To Net: NetName=RST Pin=S1-1
Added Pin To Net: NetName=RST Pin=S1-1
Added Pin To Net: NetName=MCU_TRI Pin=S2-1
Added Pin To Net: NetName=MCU_TRI Pin=S2-1
Added Pin To Net: NetName=CH1_BUF Pin=TP1-1
Added Pin To Net: NetName=CH1_NORM Pin=TP2-1
Added Pin To Net: NetName=ADC_CLK Pin=TP3-1
Added Pin To Net: NetName=RD_Vout Pin=TP4-1
Added Pin To Net: NetName=RD_COM Pin=TP5-1
Added Pin To Net: NetName=RD_Vout- Pin=TP6-1
Added Pin To Net: NetName=Out_buf Pin=U1-1
Added Pin To Net: NetName=Out_buf Pin=U1-2
Added Pin To Net: NetName=NetC1_2 Pin=U1-3
Added Pin To Net: NetName=AVEE Pin=U1-4
Added Pin To Net: NetName=NetC4_1 Pin=U1-5
Added Pin To Net: NetName=NetR6_2 Pin=U1-6
Added Pin To Net: NetName=Out_filter Pin=U1-7
Added Pin To Net: NetName=ADC_RSEL Pin=U1-8
Added Pin To Net: NetName=NetR7_1 Pin=U2-1
Added Pin To Net: NetName=NetR7_2 Pin=U2-2
Added Pin To Net: NetName=NetR11_2 Pin=U2-3
Added Pin To Net: NetName=AVEE Pin=U2-4
Added Pin To Net: NetName=NetR10_2 Pin=U2-5
Added Pin To Net: NetName=NetC9_2 Pin=U2-6
Added Pin To Net: NetName=NetC9_1 Pin=U2-7
Added Pin To Net: NetName=ADC_RSEL Pin=U2-8
Added Pin To Net: NetName=RAM_READ Pin=U3-1
Added Pin To Net: NetName=NetU3_2 Pin=U3-2
Added Pin To Net: NetName=NetU3_3 Pin=U3-3
Added Pin To Net: NetName=NetU3_4 Pin=U3-4
Added Pin To Net: NetName=NetU3_5 Pin=U3-5
Added Pin To Net: NetName=NetU3_6 Pin=U3-6
Added Pin To Net: NetName=NetU3_7 Pin=U3-7
Added Pin To Net: NetName=NetU3_8 Pin=U3-8
Added Pin To Net: NetName=NetU3_9 Pin=U3-9
Added Pin To Net: NetName=ADC_D7 Pin=U3-11
Added Pin To Net: NetName=ADC_D6 Pin=U3-12
Added Pin To Net: NetName=ADC_D5 Pin=U3-13
Added Pin To Net: NetName=ADC_D4 Pin=U3-14
Added Pin To Net: NetName=ADC_D3 Pin=U3-15
Added Pin To Net: NetName=ADC_D2 Pin=U3-16
Added Pin To Net: NetName=ADC_D1 Pin=U3-17
Added Pin To Net: NetName=ADC_D0 Pin=U3-18
Added Pin To Net: NetName=RAM_READ Pin=U3-19
Added Pin To Net: NetName=DVCC Pin=U3-20
Added Pin To Net: NetName=AGND Pin=U4-1
Added Pin To Net: NetName=NetU3_2 Pin=U4-2
Added Pin To Net: NetName=NetU3_3 Pin=U4-3
Added Pin To Net: NetName=NetU3_4 Pin=U4-4
Added Pin To Net: NetName=NetU3_5 Pin=U4-5
Added Pin To Net: NetName=NetU3_6 Pin=U4-6
Added Pin To Net: NetName=NetU3_7 Pin=U4-7
Added Pin To Net: NetName=NetU3_8 Pin=U4-8
Added Pin To Net: NetName=NetU3_9 Pin=U4-9
Added Pin To Net: NetName=ADC_CLK Pin=U4-10
Added Pin To Net: NetName=ADC_RSEL Pin=U4-11
Added Pin To Net: NetName=AGND Pin=U4-12
Added Pin To Net: NetName=ADC_REFB Pin=U4-13
Added Pin To Net: NetName=ADC_REFT Pin=U4-14
Added Pin To Net: NetName=ADC_CM Pin=U4-15
Added Pin To Net: NetName=ADC_CM Pin=U4-16
Added Pin To Net: NetName=CH1_NORM Pin=U4-17
Added Pin To Net: NetName=AGND Pin=U4-18
Added Pin To Net: NetName=ADC_RSEL Pin=U4-19
Added Pin To Net: NetName=DVCC Pin=U4-20
Added Pin To Net: NetName=NetR26_2 Pin=U5-1
Added Pin To Net: NetName=DAC_OUT Pin=U5-2
Added Pin To Net: NetName=CH1_NORM Pin=U5-3
Added Pin To Net: NetName=AGND Pin=U5-4
Added Pin To Net: NetName=ADC_RSEL Pin=U5-8
Added Pin To Net: NetName=ADC_RSEL Pin=U6-1
Added Pin To Net: NetName=DAC_CS Pin=U6-2
Added Pin To Net: NetName=DAC_SCK Pin=U6-3
Added Pin To Net: NetName=DAC_SDI Pin=U6-4
Added Pin To Net: NetName=AGND Pin=U6-5
Added Pin To Net: NetName=ADC_RSEL Pin=U6-6
Added Pin To Net: NetName=AGND Pin=U6-7
Added Pin To Net: NetName=DAC_OUT Pin=U6-8
Added Pin To Net: NetName=ADC_A1 Pin=U7-1
Added Pin To Net: NetName=ADC_A2 Pin=U7-2
Added Pin To Net: NetName=ADC_A3 Pin=U7-3
Added Pin To Net: NetName=ADC_A4 Pin=U7-4
Added Pin To Net: NetName=ADC_A5 Pin=U7-5
Added Pin To Net: NetName=ADC_A6 Pin=U7-6
Added Pin To Net: NetName=ADC_A7 Pin=U7-7
Added Pin To Net: NetName=OVERFLOW Pin=U7-9
Added Pin To Net: NetName=CLEAR_COUNT Pin=U7-10
Added Pin To Net: NetName=COUNTER_CLK Pin=U7-11
Added Pin To Net: NetName=ENABLE_COUNT Pin=U7-12
Added Pin To Net: NetName=COUNTER_CLK Pin=U7-13
Added Pin To Net: NetName=ADC_A0 Pin=U7-15
Added Pin To Net: NetName=DVCC Pin=U7-16
Added Pin To Net: NetName=ADC_A9 Pin=U8-1
Added Pin To Net: NetName=ADC_A10 Pin=U8-2
Added Pin To Net: NetName=ADC_A11 Pin=U8-3
Added Pin To Net: NetName=ADC_A12 Pin=U8-4
Added Pin To Net: NetName=ADC_A13 Pin=U8-5
Added Pin To Net: NetName=ADC_A14 Pin=U8-6
Added Pin To Net: NetName=ADC_A15 Pin=U8-7
Added Pin To Net: NetName=FULL Pin=U8-9
Added Pin To Net: NetName=CLEAR_COUNT Pin=U8-10
Added Pin To Net: NetName=OVERFLOW Pin=U8-11
Added Pin To Net: NetName=ENABLE_COUNT Pin=U8-12
Added Pin To Net: NetName=COUNTER_CLK Pin=U8-13
Added Pin To Net: NetName=ADC_A8 Pin=U8-15
Added Pin To Net: NetName=DVCC Pin=U8-16
Added Pin To Net: NetName=ADC_A7 Pin=U9-1
Added Pin To Net: NetName=ADC_A6 Pin=U9-2
Added Pin To Net: NetName=ADC_A5 Pin=U9-3
Added Pin To Net: NetName=ADC_A4 Pin=U9-4
Added Pin To Net: NetName=ADC_D0 Pin=U9-6
Added Pin To Net: NetName=ADC_D1 Pin=U9-7
Added Pin To Net: NetName=DVCC Pin=U9-8
Added Pin To Net: NetName=ADC_D2 Pin=U9-10
Added Pin To Net: NetName=ADC_D3 Pin=U9-11
Added Pin To Net: NetName=ADC_CLK Pin=U9-12
Added Pin To Net: NetName=ADC_A3 Pin=U9-13
Added Pin To Net: NetName=ADC_A2 Pin=U9-14
Added Pin To Net: NetName=ADC_A1 Pin=U9-15
Added Pin To Net: NetName=ADC_A0 Pin=U9-16
Added Pin To Net: NetName=ADC_A15 Pin=U9-17
Added Pin To Net: NetName=ADC_A14 Pin=U9-18
Added Pin To Net: NetName=ADC_A13 Pin=U9-19
Added Pin To Net: NetName=ADC_A12 Pin=U9-20
Added Pin To Net: NetName=ADC_A11 Pin=U9-21
Added Pin To Net: NetName=ADC_D4 Pin=U9-22
Added Pin To Net: NetName=ADC_D5 Pin=U9-23
Added Pin To Net: NetName=DVCC Pin=U9-24
Added Pin To Net: NetName=ADC_D6 Pin=U9-26
Added Pin To Net: NetName=ADC_D7 Pin=U9-27
Added Pin To Net: NetName=R\A\M\_\R\E\A\D\ Pin=U9-28
Added Pin To Net: NetName=ADC_A10 Pin=U9-29
Added Pin To Net: NetName=ADC_A9 Pin=U9-30
Added Pin To Net: NetName=ADC_A8 Pin=U9-31
Added Pin To Net: NetName=DVCC Pin=U9-32
Added Pin To Net: NetName=IN_CLK Pin=U10-1
Added Pin To Net: NetName=DVCC Pin=U10-2
Added Pin To Net: NetName=Clk_S1 Pin=U10-4
Added Pin To Net: NetName=FAST_CLK Pin=U10-5
Added Pin To Net: NetName=Clk_S0 Pin=U10-6
Added Pin To Net: NetName=SDA Pin=U11-1
Added Pin To Net: NetName=SLA Pin=U11-2
Added Pin To Net: NetName=SCK Pin=U11-3
Added Pin To Net: NetName=RST Pin=U11-4
Added Pin To Net: NetName=DVCC Pin=U11-5
Added Pin To Net: NetName=XTAL2 Pin=U11-7
Added Pin To Net: NetName=XTAL1 Pin=U11-8
Added Pin To Net: NetName=MCU_RX Pin=U11-9
Added Pin To Net: NetName=MCU_TX Pin=U11-10
Added Pin To Net: NetName=Clk_S0 Pin=U11-12
Added Pin To Net: NetName=Clk_S1 Pin=U11-13
Added Pin To Net: NetName=IN_CLK Pin=U11-14
Added Pin To Net: NetName=EDGE_SW Pin=U11-15
Added Pin To Net: NetName=RAM_READ Pin=U11-16
Added Pin To Net: NetName=DVCC Pin=U11-17
Added Pin To Net: NetName=FORCE Pin=U11-19
Added Pin To Net: NetName=ENABLE Pin=U11-20
Added Pin To Net: NetName=TCK Pin=U11-21
Added Pin To Net: NetName=TMS Pin=U11-22
Added Pin To Net: NetName=TDO Pin=U11-23
Added Pin To Net: NetName=TDI Pin=U11-24
Added Pin To Net: NetName=SLOW_CLK Pin=U11-25
Added Pin To Net: NetName=FILL_COMP Pin=U11-26
Added Pin To Net: NetName=DVCC Pin=U11-27
Added Pin To Net: NetName=DVCC Pin=U11-29
Added Pin To Net: NetName=ADC_D7 Pin=U11-30
Added Pin To Net: NetName=ADC_D6 Pin=U11-31
Added Pin To Net: NetName=ADC_D5 Pin=U11-32
Added Pin To Net: NetName=ADC_D4 Pin=U11-33
Added Pin To Net: NetName=ADC_D3 Pin=U11-34
Added Pin To Net: NetName=ADC_D2 Pin=U11-35
Added Pin To Net: NetName=ADC_D1 Pin=U11-36
Added Pin To Net: NetName=ADC_D0 Pin=U11-37
Added Pin To Net: NetName=DVCC Pin=U11-38
Added Pin To Net: NetName=LED_TRI Pin=U11-40
Added Pin To Net: NetName=MCU_TRI Pin=U11-42
Added Pin To Net: NetName=T_CS Pin=U11-44
Added Pin To Net: NetName=RX_ISO Pin=U12-1
Added Pin To Net: NetName=USBVCC Pin=U12-4
Added Pin To Net: NetName=TX_ISO Pin=U12-5
Added Pin To Net: NetName=USBGND Pin=U12-7
Added Pin To Net: NetName=USBD_P Pin=U12-15
Added Pin To Net: NetName=USBD_N Pin=U12-16
Added Pin To Net: NetName=3v3 Pin=U12-17
Added Pin To Net: NetName=USBGND Pin=U12-18
Added Pin To Net: NetName=USBVCC Pin=U12-20
Added Pin To Net: NetName=USBGND Pin=U12-21
Added Pin To Net: NetName=RXLED Pin=U12-22
Added Pin To Net: NetName=TXLED Pin=U12-23
Added Pin To Net: NetName=USBGND Pin=U12-25
Added Pin To Net: NetName=USBGND Pin=U12-26
Added Pin To Net: NetName=USBVCC Pin=U13-1
Added Pin To Net: NetName=NetR28_1 Pin=U13-2
Added Pin To Net: NetName=NetR30_1 Pin=U13-3
Added Pin To Net: NetName=USBGND Pin=U13-4
Added Pin To Net: NetName=NetR31_2 Pin=U13-6
Added Pin To Net: NetName=NetR29_2 Pin=U13-7
Added Pin To Net: NetName=DVCC Pin=U13-8
Added Pin To Net: NetName=RD_Vout Pin=U14-2
Added Pin To Net: NetName=DVCC Pin=U14-3
Added Pin To Net: NetName=USBVCCO Pin=U15-1
Added Pin To Net: NetName=USBGND Pin=U15-2
Added Pin To Net: NetName=RD_Vout- Pin=U15-3
Added Pin To Net: NetName=RD_COM Pin=U15-4
Added Pin To Net: NetName=RD_Vout Pin=U15-5
Added Pin To Net: NetName=ENABLE Pin=U16-1
Added Pin To Net: NetName=FORCE Pin=U16-2
Added Pin To Net: NetName=RAM_READ Pin=U16-3
Added Pin To Net: NetName=EDGE_SW Pin=U16-5
Added Pin To Net: NetName=R\A\M\_\R\E\A\D\ Pin=U16-6
Added Pin To Net: NetName=FULL Pin=U16-7
Added Pin To Net: NetName=CPLD_TDI Pin=U16-9
Added Pin To Net: NetName=CPLD_TMS Pin=U16-10
Added Pin To Net: NetName=CPLD_TCK Pin=U16-11
Added Pin To Net: NetName=TRIG_IN Pin=U16-12
Added Pin To Net: NetName=DVCC Pin=U16-15
Added Pin To Net: NetName=CPLD_TD0 Pin=U16-24
Added Pin To Net: NetName=DVCC Pin=U16-26
Added Pin To Net: NetName=FILL_COMP Pin=U16-28
Added Pin To Net: NetName=COUNTER_CLK Pin=U16-29
Added Pin To Net: NetName=ENABLE_COUNT Pin=U16-30
Added Pin To Net: NetName=CLEAR_COUNT Pin=U16-31
Added Pin To Net: NetName=DVCC Pin=U16-35
Added Pin To Net: NetName=ADC_CLK Pin=U16-41
Added Pin To Net: NetName=SLOW_CLK Pin=U16-43
Added Pin To Net: NetName=FAST_CLK Pin=U16-44
Added Pin To Net: NetName=XTAL2 Pin=X1-1
Added Pin To Net: NetName=XTAL1 Pin=X1-2
Change Net Name : Old Net Name=NetD6_K New Net Name=DGND
Added Pin To Net: NetName=NetD6_K Pin=D6-K
Added Pin To Net: NetName=NetD6_K Pin=R19-2
Added Net: Name=NetD6_K
